Start testing: Jan 14 18:13 中国标准时间
----------------------------------------------------------
1/76 Testing: ListTest.ConstructorAndAssignment
1/76 Test: ListTest.ConstructorAndAssignment
Command: "C:/Users/IMikoto/Documents/vscode_files/c++/MYSTL/build/bin/mystl_test.exe" "--gtest_filter=ListTest.ConstructorAndAssignment" "--gtest_also_run_disabled_tests"
Directory: C:/Users/IMikoto/Documents/vscode_files/c++/MYSTL/build/test
"ListTest.ConstructorAndAssignment" start time: Jan 14 18:13 中国标准时间
Output:
----------------------------------------------------------
Running main() from C:\Users\IMikoto\Documents\vscode_files\c++\googletest\googletest\src\gtest_main.cc
Note: Google Test filter = ListTest.ConstructorAndAssignment
[==========] Running 1 test from 1 test suite.
[----------] Global test environment set-up.
[----------] 1 test from ListTest
[ RUN      ] ListTest.ConstructorAndAssignment
C:\Users\IMikoto\Documents\vscode_files\c++\MYSTL\test\list_test.cpp:19: Failure
Expected equality of these values:
  lst3.size()
    Which is: 0
  3

C:\Users\IMikoto\Documents\vscode_files\c++\MYSTL\test\list_test.cpp:25: Failure
Expected equality of these values:
  lst4.size()
    Which is: 0
  3

C:\Users\IMikoto\Documents\vscode_files\c++\MYSTL\test\list_test.cpp:38: Failure
Expected equality of these values:
  lst6.size()
    Which is: 0
  3

C:\Users\IMikoto\Documents\vscode_files\c++\MYSTL\test\list_test.cpp:42: Failure
Expected equality of these values:
  lst7.size()
    Which is: 0
  3

C:\Users\IMikoto\Documents\vscode_files\c++\MYSTL\test\list_test.cpp:57: Failure
Expected equality of these values:
  lst9.size()
    Which is: 0
  3

C:\Users\IMikoto\Documents\vscode_files\c++\MYSTL\test\list_test.cpp:62: Failure
Expected equality of these values:
  lst10.size()
    Which is: 0
  3

<end of output>
Test time =   0.08 sec
----------------------------------------------------------
Test Failed.
"ListTest.ConstructorAndAssignment" end time: Jan 14 18:13 中国标准时间
"ListTest.ConstructorAndAssignment" time elapsed: 00:00:00
----------------------------------------------------------

2/76 Testing: ListTest.ElementAccess
2/76 Test: ListTest.ElementAccess
Command: "C:/Users/IMikoto/Documents/vscode_files/c++/MYSTL/build/bin/mystl_test.exe" "--gtest_filter=ListTest.ElementAccess" "--gtest_also_run_disabled_tests"
Directory: C:/Users/IMikoto/Documents/vscode_files/c++/MYSTL/build/test
"ListTest.ElementAccess" start time: Jan 14 18:13 中国标准时间
Output:
----------------------------------------------------------
Running main() from C:\Users\IMikoto\Documents\vscode_files\c++\googletest\googletest\src\gtest_main.cc
Note: Google Test filter = ListTest.ElementAccess
[==========] Running 1 test from 1 test suite.
[----------] Global test environment set-up.
[----------] 1 test from ListTest
[ RUN      ] ListTest.ElementAccess
unknown file: Failure
C++ exception with description "list is empty" thrown in the test body.

[  FAILED  ] ListTest.ElementAccess (0 ms)
[----------] 1 test from ListTest (0 ms total)

[----------] Global test environment tear-down
[==========] 1 test from 1 test suite ran. (0 ms total)
[  PASSED  ] 0 tests.
[  FAILED  ] 1 test, listed below:
[  FAILED  ] ListTest.ElementAccess

 1 FAILED TEST
<end of output>
Test time =   0.09 sec
----------------------------------------------------------
Test Failed.
"ListTest.ElementAccess" end time: Jan 14 18:13 中国标准时间
"ListTest.ElementAccess" time elapsed: 00:00:00
----------------------------------------------------------

3/76 Testing: ListTest.Iterator
3/76 Test: ListTest.Iterator
Command: "C:/Users/IMikoto/Documents/vscode_files/c++/MYSTL/build/bin/mystl_test.exe" "--gtest_filter=ListTest.Iterator" "--gtest_also_run_disabled_tests"
Directory: C:/Users/IMikoto/Documents/vscode_files/c++/MYSTL/build/test
"ListTest.Iterator" start time: Jan 14 18:13 中国标准时间
Output:
----------------------------------------------------------
Running main() from C:\Users\IMikoto\Documents\vscode_files\c++\googletest\googletest\src\gtest_main.cc
Note: Google Test filter = ListTest.Iterator
[==========] Running 1 test from 1 test suite.
[----------] Global test environment set-up.
[----------] 1 test from ListTest
[ RUN      ] ListTest.Iterator
[       OK ] ListTest.Iterator (0 ms)
[----------] 1 test from ListTest (0 ms total)

[----------] Global test environment tear-down
[==========] 1 test from 1 test suite ran. (0 ms total)
[  PASSED  ] 1 test.
<end of output>
Test time =   0.08 sec
----------------------------------------------------------
Test Passed.
"ListTest.Iterator" end time: Jan 14 18:13 中国标准时间
"ListTest.Iterator" time elapsed: 00:00:00
----------------------------------------------------------

4/76 Testing: ListTest.Capacity
4/76 Test: ListTest.Capacity
Command: "C:/Users/IMikoto/Documents/vscode_files/c++/MYSTL/build/bin/mystl_test.exe" "--gtest_filter=ListTest.Capacity" "--gtest_also_run_disabled_tests"
Directory: C:/Users/IMikoto/Documents/vscode_files/c++/MYSTL/build/test
"ListTest.Capacity" start time: Jan 14 18:13 中国标准时间
Output:
----------------------------------------------------------
Running main() from C:\Users\IMikoto\Documents\vscode_files\c++\googletest\googletest\src\gtest_main.cc
Note: Google Test filter = ListTest.Capacity
[==========] Running 1 test from 1 test suite.
[----------] Global test environment set-up.
[----------] 1 test from ListTest
[ RUN      ] ListTest.Capacity
[       OK ] ListTest.Capacity (0 ms)
[----------] 1 test from ListTest (0 ms total)

[----------] Global test environment tear-down
[==========] 1 test from 1 test suite ran. (0 ms total)
[  PASSED  ] 1 test.
<end of output>
Test time =   0.08 sec
----------------------------------------------------------
Test Passed.
"ListTest.Capacity" end time: Jan 14 18:13 中国标准时间
"ListTest.Capacity" time elapsed: 00:00:00
----------------------------------------------------------

5/76 Testing: ListTest.Modifiers
5/76 Test: ListTest.Modifiers
Command: "C:/Users/IMikoto/Documents/vscode_files/c++/MYSTL/build/bin/mystl_test.exe" "--gtest_filter=ListTest.Modifiers" "--gtest_also_run_disabled_tests"
Directory: C:/Users/IMikoto/Documents/vscode_files/c++/MYSTL/build/test
"ListTest.Modifiers" start time: Jan 14 18:13 中国标准时间
Output:
----------------------------------------------------------
Running main() from C:\Users\IMikoto\Documents\vscode_files\c++\googletest\googletest\src\gtest_main.cc
Note: Google Test filter = ListTest.Modifiers
[==========] Running 1 test from 1 test suite.
[----------] Global test environment set-up.
[----------] 1 test from ListTest
[ RUN      ] ListTest.Modifiers
[       OK ] ListTest.Modifiers (0 ms)
[----------] 1 test from ListTest (0 ms total)

[----------] Global test environment tear-down
[==========] 1 test from 1 test suite ran. (0 ms total)
[  PASSED  ] 1 test.
<end of output>
Test time =   0.08 sec
----------------------------------------------------------
Test Passed.
"ListTest.Modifiers" end time: Jan 14 18:13 中国标准时间
"ListTest.Modifiers" time elapsed: 00:00:00
----------------------------------------------------------

6/76 Testing: ListTest.Operations
6/76 Test: ListTest.Operations
Command: "C:/Users/IMikoto/Documents/vscode_files/c++/MYSTL/build/bin/mystl_test.exe" "--gtest_filter=ListTest.Operations" "--gtest_also_run_disabled_tests"
Directory: C:/Users/IMikoto/Documents/vscode_files/c++/MYSTL/build/test
"ListTest.Operations" start time: Jan 14 18:13 中国标准时间
Output:
----------------------------------------------------------
Running main() from C:\Users\IMikoto\Documents\vscode_files\c++\googletest\googletest\src\gtest_main.cc
Note: Google Test filter = ListTest.Operations
[==========] Running 1 test from 1 test suite.
[----------] Global test environment set-up.
[----------] 1 test from ListTest
[ RUN      ] ListTest.Operations
C:\Users\IMikoto\Documents\vscode_files\c++\MYSTL\test\list_test.cpp:171: Failure
Expected equality of these values:
  lst1.size()
    Which is: 0
  6

C:\Users\IMikoto\Documents\vscode_files\c++\MYSTL\test\list_test.cpp:180: Failure
Expected equality of these values:
  lst1.size()
    Which is: 0
  9

C:\Users\IMikoto\Documents\vscode_files\c++\MYSTL\test\list_test.cpp:184: Failure
Expected equality of these values:
  *it++
    Which is: -1986961448
  i
    Which is: 7

C:\Users\IMikoto\Documents\vscode_files\c++\MYSTL\test\list_test.cpp:184: Failure
Expected equality of these values:
  *it++
    Which is: 1
  i
    Which is: 8

C:\Users\IMikoto\Documents\vscode_files\c++\MYSTL\test\list_test.cpp:184: Failure
Expected equality of these values:
  *it++
    Which is: 2
  i
    Which is: 9

C:\Users\IMikoto\Documents\vscode_files\c++\MYSTL\test\list_test.cpp:188: Failure
Expected equality of these values:
  lst1.size()
    Which is: 18446744073709551615
  8

C:\Users\IMikoto\Documents\vscode_files\c++\MYSTL\test\list_test.cpp:194: Failure
Expected equality of these values:
  lst1.size()
    Which is: 0
  8

C:\Users\IMikoto\Documents\vscode_files\c++\MYSTL\test\list_test.cpp:203: Failure
Expected equality of these values:
  *it++
    Which is: 1
  i
    Which is: 9

C:\Users\IMikoto\Documents\vscode_files\c++\MYSTL\test\list_test.cpp:203: Failure
Expected equality of these values:
  *it++
    Which is: 2
  i
    Which is: 8

C:\Users\IMikoto\Documents\vscode_files\c++\MYSTL\test\list_test.cpp:203: Failure
Expected equality of these values:
  *it++
    Which is: 3
  i
    Which is: 7

C:\Users\IMikoto\Documents\vscode_files\c++\MYSTL\test\list_test.cpp:203: Failure
Expected equality of these values:
  *it++
    Which is: 4
  i
    Which is: 6

C:\Users\IMikoto\Documents\vscode_files\c++\MYSTL\test\list_test.cpp:203: Failure
Expected equality of these values:
  *it++
    Which is: 6
  i
    Which is: 4

C:\Users\IMikoto\Documents\vscode_files\c++\MYSTL\test\list_test.cpp:203: Failure
Expected equality of these values:
  *it++
    Which is: 9
  i
    Which is: 3

C:\Users\IMikoto\Documents\vscode_files\c++\MYSTL\test\list_test.cpp:203: Failure
Expected equality of these values:
  *it++
    Which is: -1986961448
  i
    Which is: 2

[  FAILED  ] ListTest.Operations (0 ms)
[----------] 1 test from ListTest (0 ms total)

[----------] Global test environment tear-down
[==========] 1 test from 1 test suite ran. (0 ms total)
[  PASSED  ] 0 tests.
[  FAILED  ] 1 test, listed below:
[  FAILED  ] ListTest.Operations

 1 FAILED TEST
<end of output>
Test time =   0.08 sec
----------------------------------------------------------
Test Failed.
"ListTest.Operations" end time: Jan 14 18:13 中国标准时间
"ListTest.Operations" time elapsed: 00:00:00
----------------------------------------------------------

7/76 Testing: ListTest.ExceptionSafety
7/76 Test: ListTest.ExceptionSafety
Command: "C:/Users/IMikoto/Documents/vscode_files/c++/MYSTL/build/bin/mystl_test.exe" "--gtest_filter=ListTest.ExceptionSafety" "--gtest_also_run_disabled_tests"
Directory: C:/Users/IMikoto/Documents/vscode_files/c++/MYSTL/build/test
"ListTest.ExceptionSafety" start time: Jan 14 18:13 中国标准时间
Output:
----------------------------------------------------------
Running main() from C:\Users\IMikoto\Documents\vscode_files\c++\googletest\googletest\src\gtest_main.cc
Note: Google Test filter = ListTest.ExceptionSafety
[==========] Running 1 test from 1 test suite.
[----------] Global test environment set-up.
[----------] 1 test from ListTest
[ RUN      ] ListTest.ExceptionSafety
[       OK ] ListTest.ExceptionSafety (0 ms)
[----------] 1 test from ListTest (0 ms total)

[----------] Global test environment tear-down
[==========] 1 test from 1 test suite ran. (0 ms total)
[  PASSED  ] 1 test.
<end of output>
Test time =   0.08 sec
----------------------------------------------------------
Test Passed.
"ListTest.ExceptionSafety" end time: Jan 14 18:13 中国标准时间
"ListTest.ExceptionSafety" time elapsed: 00:00:00
----------------------------------------------------------

8/76 Testing: AlgorithmBaseTest.PredicateCheck
8/76 Test: AlgorithmBaseTest.PredicateCheck
Command: "C:/Users/IMikoto/Documents/vscode_files/c++/MYSTL/build/bin/mystl_test.exe" "--gtest_filter=AlgorithmBaseTest.PredicateCheck" "--gtest_also_run_disabled_tests"
Directory: C:/Users/IMikoto/Documents/vscode_files/c++/MYSTL/build/test
"AlgorithmBaseTest.PredicateCheck" start time: Jan 14 18:13 中国标准时间
Output:
----------------------------------------------------------
Running main() from C:\Users\IMikoto\Documents\vscode_files\c++\googletest\googletest\src\gtest_main.cc
Note: Google Test filter = AlgorithmBaseTest.PredicateCheck
[==========] Running 1 test from 1 test suite.
[----------] Global test environment set-up.
[----------] 1 test from AlgorithmBaseTest
[ RUN      ] AlgorithmBaseTest.PredicateCheck
[       OK ] AlgorithmBaseTest.PredicateCheck (0 ms)
[----------] 1 test from AlgorithmBaseTest (0 ms total)

[----------] Global test environment tear-down
[==========] 1 test from 1 test suite ran. (0 ms total)
[  PASSED  ] 1 test.
<end of output>
Test time =   0.08 sec
----------------------------------------------------------
Test Passed.
"AlgorithmBaseTest.PredicateCheck" end time: Jan 14 18:13 中国标准时间
"AlgorithmBaseTest.PredicateCheck" time elapsed: 00:00:00
----------------------------------------------------------

9/76 Testing: AlgorithmBaseTest.CompareOperations
9/76 Test: AlgorithmBaseTest.CompareOperations
Command: "C:/Users/IMikoto/Documents/vscode_files/c++/MYSTL/build/bin/mystl_test.exe" "--gtest_filter=AlgorithmBaseTest.CompareOperations" "--gtest_also_run_disabled_tests"
Directory: C:/Users/IMikoto/Documents/vscode_files/c++/MYSTL/build/test
"AlgorithmBaseTest.CompareOperations" start time: Jan 14 18:13 中国标准时间
Output:
----------------------------------------------------------
Running main() from C:\Users\IMikoto\Documents\vscode_files\c++\googletest\googletest\src\gtest_main.cc
Note: Google Test filter = AlgorithmBaseTest.CompareOperations
[==========] Running 1 test from 1 test suite.
[----------] Global test environment set-up.
[----------] 1 test from AlgorithmBaseTest
[ RUN      ] AlgorithmBaseTest.CompareOperations
[       OK ] AlgorithmBaseTest.CompareOperations (0 ms)
[----------] 1 test from AlgorithmBaseTest (0 ms total)

[----------] Global test environment tear-down
[==========] 1 test from 1 test suite ran. (0 ms total)
[  PASSED  ] 1 test.
<end of output>
Test time =   0.08 sec
----------------------------------------------------------
Test Passed.
"AlgorithmBaseTest.CompareOperations" end time: Jan 14 18:13 中国标准时间
"AlgorithmBaseTest.CompareOperations" time elapsed: 00:00:00
----------------------------------------------------------

10/76 Testing: AlgorithmBaseTest.CopyAndMove
10/76 Test: AlgorithmBaseTest.CopyAndMove
Command: "C:/Users/IMikoto/Documents/vscode_files/c++/MYSTL/build/bin/mystl_test.exe" "--gtest_filter=AlgorithmBaseTest.CopyAndMove" "--gtest_also_run_disabled_tests"
Directory: C:/Users/IMikoto/Documents/vscode_files/c++/MYSTL/build/test
"AlgorithmBaseTest.CopyAndMove" start time: Jan 14 18:13 中国标准时间
Output:
----------------------------------------------------------
Running main() from C:\Users\IMikoto\Documents\vscode_files\c++\googletest\googletest\src\gtest_main.cc
Note: Google Test filter = AlgorithmBaseTest.CopyAndMove
[==========] Running 1 test from 1 test suite.
[----------] Global test environment set-up.
[----------] 1 test from AlgorithmBaseTest
[ RUN      ] AlgorithmBaseTest.CopyAndMove
[       OK ] AlgorithmBaseTest.CopyAndMove (0 ms)
[----------] 1 test from AlgorithmBaseTest (0 ms total)

[----------] Global test environment tear-down
[==========] 1 test from 1 test suite ran. (0 ms total)
[  PASSED  ] 1 test.
<end of output>
Test time =   0.08 sec
----------------------------------------------------------
Test Passed.
"AlgorithmBaseTest.CopyAndMove" end time: Jan 14 18:13 中国标准时间
"AlgorithmBaseTest.CopyAndMove" time elapsed: 00:00:00
----------------------------------------------------------

11/76 Testing: AlgorithmBaseTest.Fill
11/76 Test: AlgorithmBaseTest.Fill
Command: "C:/Users/IMikoto/Documents/vscode_files/c++/MYSTL/build/bin/mystl_test.exe" "--gtest_filter=AlgorithmBaseTest.Fill" "--gtest_also_run_disabled_tests"
Directory: C:/Users/IMikoto/Documents/vscode_files/c++/MYSTL/build/test
"AlgorithmBaseTest.Fill" start time: Jan 14 18:13 中国标准时间
Output:
----------------------------------------------------------
Running main() from C:\Users\IMikoto\Documents\vscode_files\c++\googletest\googletest\src\gtest_main.cc
Note: Google Test filter = AlgorithmBaseTest.Fill
[==========] Running 1 test from 1 test suite.
[----------] Global test environment set-up.
[----------] 1 test from AlgorithmBaseTest
[ RUN      ] AlgorithmBaseTest.Fill
[       OK ] AlgorithmBaseTest.Fill (0 ms)
[----------] 1 test from AlgorithmBaseTest (0 ms total)

[----------] Global test environment tear-down
[==========] 1 test from 1 test suite ran. (0 ms total)
[  PASSED  ] 1 test.
<end of output>
Test time =   0.08 sec
----------------------------------------------------------
Test Passed.
"AlgorithmBaseTest.Fill" end time: Jan 14 18:13 中国标准时间
"AlgorithmBaseTest.Fill" time elapsed: 00:00:00
----------------------------------------------------------

12/76 Testing: AlgorithmBaseTest.Miscellaneous
12/76 Test: AlgorithmBaseTest.Miscellaneous
Command: "C:/Users/IMikoto/Documents/vscode_files/c++/MYSTL/build/bin/mystl_test.exe" "--gtest_filter=AlgorithmBaseTest.Miscellaneous" "--gtest_also_run_disabled_tests"
Directory: C:/Users/IMikoto/Documents/vscode_files/c++/MYSTL/build/test
"AlgorithmBaseTest.Miscellaneous" start time: Jan 14 18:13 中国标准时间
Output:
----------------------------------------------------------
Running main() from C:\Users\IMikoto\Documents\vscode_files\c++\googletest\googletest\src\gtest_main.cc
Note: Google Test filter = AlgorithmBaseTest.Miscellaneous
[==========] Running 1 test from 1 test suite.
[----------] Global test environment set-up.
[----------] 1 test from AlgorithmBaseTest
[ RUN      ] AlgorithmBaseTest.Miscellaneous
[       OK ] AlgorithmBaseTest.Miscellaneous (0 ms)
[----------] 1 test from AlgorithmBaseTest (0 ms total)

[----------] Global test environment tear-down
[==========] 1 test from 1 test suite ran. (0 ms total)
[  PASSED  ] 1 test.
<end of output>
Test time =   0.08 sec
----------------------------------------------------------
Test Passed.
"AlgorithmBaseTest.Miscellaneous" end time: Jan 14 18:13 中国标准时间
"AlgorithmBaseTest.Miscellaneous" time elapsed: 00:00:00
----------------------------------------------------------

13/76 Testing: AllocatorTest.BasicTypes
13/76 Test: AllocatorTest.BasicTypes
Command: "C:/Users/IMikoto/Documents/vscode_files/c++/MYSTL/build/bin/mystl_test.exe" "--gtest_filter=AllocatorTest.BasicTypes" "--gtest_also_run_disabled_tests"
Directory: C:/Users/IMikoto/Documents/vscode_files/c++/MYSTL/build/test
"AllocatorTest.BasicTypes" start time: Jan 14 18:13 中国标准时间
Output:
----------------------------------------------------------
Running main() from C:\Users\IMikoto\Documents\vscode_files\c++\googletest\googletest\src\gtest_main.cc
Note: Google Test filter = AllocatorTest.BasicTypes
[==========] Running 1 test from 1 test suite.
[----------] Global test environment set-up.
[----------] 1 test from AllocatorTest
[ RUN      ] AllocatorTest.BasicTypes
[       OK ] AllocatorTest.BasicTypes (0 ms)
[----------] 1 test from AllocatorTest (0 ms total)

[----------] Global test environment tear-down
[==========] 1 test from 1 test suite ran. (0 ms total)
[  PASSED  ] 1 test.
<end of output>
Test time =   0.08 sec
----------------------------------------------------------
Test Passed.
"AllocatorTest.BasicTypes" end time: Jan 14 18:13 中国标准时间
"AllocatorTest.BasicTypes" time elapsed: 00:00:00
----------------------------------------------------------

14/76 Testing: AllocatorTest.CustomTypes
14/76 Test: AllocatorTest.CustomTypes
Command: "C:/Users/IMikoto/Documents/vscode_files/c++/MYSTL/build/bin/mystl_test.exe" "--gtest_filter=AllocatorTest.CustomTypes" "--gtest_also_run_disabled_tests"
Directory: C:/Users/IMikoto/Documents/vscode_files/c++/MYSTL/build/test
"AllocatorTest.CustomTypes" start time: Jan 14 18:13 中国标准时间
Output:
----------------------------------------------------------
Running main() from C:\Users\IMikoto\Documents\vscode_files\c++\googletest\googletest\src\gtest_main.cc
Note: Google Test filter = AllocatorTest.CustomTypes
[==========] Running 1 test from 1 test suite.
[----------] Global test environment set-up.
[----------] 1 test from AllocatorTest
[ RUN      ] AllocatorTest.CustomTypes
[       OK ] AllocatorTest.CustomTypes (0 ms)
[----------] 1 test from AllocatorTest (0 ms total)

[----------] Global test environment tear-down
[==========] 1 test from 1 test suite ran. (0 ms total)
[  PASSED  ] 1 test.
<end of output>
Test time =   0.08 sec
----------------------------------------------------------
Test Passed.
"AllocatorTest.CustomTypes" end time: Jan 14 18:13 中国标准时间
"AllocatorTest.CustomTypes" time elapsed: 00:00:00
----------------------------------------------------------

15/76 Testing: AllocatorTest.ConstructDestroy
15/76 Test: AllocatorTest.ConstructDestroy
Command: "C:/Users/IMikoto/Documents/vscode_files/c++/MYSTL/build/bin/mystl_test.exe" "--gtest_filter=AllocatorTest.ConstructDestroy" "--gtest_also_run_disabled_tests"
Directory: C:/Users/IMikoto/Documents/vscode_files/c++/MYSTL/build/test
"AllocatorTest.ConstructDestroy" start time: Jan 14 18:13 中国标准时间
Output:
----------------------------------------------------------
Running main() from C:\Users\IMikoto\Documents\vscode_files\c++\googletest\googletest\src\gtest_main.cc
Note: Google Test filter = AllocatorTest.ConstructDestroy
[==========] Running 1 test from 1 test suite.
[----------] Global test environment set-up.
[----------] 1 test from AllocatorTest
[ RUN      ] AllocatorTest.ConstructDestroy
[       OK ] AllocatorTest.ConstructDestroy (0 ms)
[----------] 1 test from AllocatorTest (0 ms total)

[----------] Global test environment tear-down
[==========] 1 test from 1 test suite ran. (0 ms total)
[  PASSED  ] 1 test.
<end of output>
Test time =   0.08 sec
----------------------------------------------------------
Test Passed.
"AllocatorTest.ConstructDestroy" end time: Jan 14 18:13 中国标准时间
"AllocatorTest.ConstructDestroy" time elapsed: 00:00:00
----------------------------------------------------------

16/76 Testing: AllocatorTest.ComplexTypeAllocation
16/76 Test: AllocatorTest.ComplexTypeAllocation
Command: "C:/Users/IMikoto/Documents/vscode_files/c++/MYSTL/build/bin/mystl_test.exe" "--gtest_filter=AllocatorTest.ComplexTypeAllocation" "--gtest_also_run_disabled_tests"
Directory: C:/Users/IMikoto/Documents/vscode_files/c++/MYSTL/build/test
"AllocatorTest.ComplexTypeAllocation" start time: Jan 14 18:13 中国标准时间
Output:
----------------------------------------------------------
Running main() from C:\Users\IMikoto\Documents\vscode_files\c++\googletest\googletest\src\gtest_main.cc
Note: Google Test filter = AllocatorTest.ComplexTypeAllocation
[==========] Running 1 test from 1 test suite.
[----------] Global test environment set-up.
[----------] 1 test from AllocatorTest
[ RUN      ] AllocatorTest.ComplexTypeAllocation
[       OK ] AllocatorTest.ComplexTypeAllocation (0 ms)
[----------] 1 test from AllocatorTest (0 ms total)

[----------] Global test environment tear-down
[==========] 1 test from 1 test suite ran. (0 ms total)
[  PASSED  ] 1 test.
<end of output>
Test time =   0.08 sec
----------------------------------------------------------
Test Passed.
"AllocatorTest.ComplexTypeAllocation" end time: Jan 14 18:13 中国标准时间
"AllocatorTest.ComplexTypeAllocation" time elapsed: 00:00:00
----------------------------------------------------------

17/76 Testing: AllocatorTest.ExceptionCases
17/76 Test: AllocatorTest.ExceptionCases
Command: "C:/Users/IMikoto/Documents/vscode_files/c++/MYSTL/build/bin/mystl_test.exe" "--gtest_filter=AllocatorTest.ExceptionCases" "--gtest_also_run_disabled_tests"
Directory: C:/Users/IMikoto/Documents/vscode_files/c++/MYSTL/build/test
"AllocatorTest.ExceptionCases" start time: Jan 14 18:13 中国标准时间
Output:
----------------------------------------------------------
Running main() from C:\Users\IMikoto\Documents\vscode_files\c++\googletest\googletest\src\gtest_main.cc
Note: Google Test filter = AllocatorTest.ExceptionCases
[==========] Running 1 test from 1 test suite.
[----------] Global test environment set-up.
[----------] 1 test from AllocatorTest
[ RUN      ] AllocatorTest.ExceptionCases
[       OK ] AllocatorTest.ExceptionCases (0 ms)
[----------] 1 test from AllocatorTest (0 ms total)

[----------] Global test environment tear-down
[==========] 1 test from 1 test suite ran. (0 ms total)
[  PASSED  ] 1 test.
<end of output>
Test time =   0.08 sec
----------------------------------------------------------
Test Passed.
"AllocatorTest.ExceptionCases" end time: Jan 14 18:13 中国标准时间
"AllocatorTest.ExceptionCases" time elapsed: 00:00:00
----------------------------------------------------------

18/76 Testing: AllocatorTest.DifferentTypes
18/76 Test: AllocatorTest.DifferentTypes
Command: "C:/Users/IMikoto/Documents/vscode_files/c++/MYSTL/build/bin/mystl_test.exe" "--gtest_filter=AllocatorTest.DifferentTypes" "--gtest_also_run_disabled_tests"
Directory: C:/Users/IMikoto/Documents/vscode_files/c++/MYSTL/build/test
"AllocatorTest.DifferentTypes" start time: Jan 14 18:13 中国标准时间
Output:
----------------------------------------------------------
Running main() from C:\Users\IMikoto\Documents\vscode_files\c++\googletest\googletest\src\gtest_main.cc
Note: Google Test filter = AllocatorTest.DifferentTypes
[==========] Running 1 test from 1 test suite.
[----------] Global test environment set-up.
[----------] 1 test from AllocatorTest
[ RUN      ] AllocatorTest.DifferentTypes
[       OK ] AllocatorTest.DifferentTypes (0 ms)
[----------] 1 test from AllocatorTest (0 ms total)

[----------] Global test environment tear-down
[==========] 1 test from 1 test suite ran. (0 ms total)
[  PASSED  ] 1 test.
<end of output>
Test time =   0.09 sec
----------------------------------------------------------
Test Passed.
"AllocatorTest.DifferentTypes" end time: Jan 14 18:13 中国标准时间
"AllocatorTest.DifferentTypes" time elapsed: 00:00:00
----------------------------------------------------------

19/76 Testing: IteratorTest.IteratorTraits
19/76 Test: IteratorTest.IteratorTraits
Command: "C:/Users/IMikoto/Documents/vscode_files/c++/MYSTL/build/bin/mystl_test.exe" "--gtest_filter=IteratorTest.IteratorTraits" "--gtest_also_run_disabled_tests"
Directory: C:/Users/IMikoto/Documents/vscode_files/c++/MYSTL/build/test
"IteratorTest.IteratorTraits" start time: Jan 14 18:13 中国标准时间
Output:
----------------------------------------------------------
Running main() from C:\Users\IMikoto\Documents\vscode_files\c++\googletest\googletest\src\gtest_main.cc
Note: Google Test filter = IteratorTest.IteratorTraits
[==========] Running 1 test from 1 test suite.
[----------] Global test environment set-up.
[----------] 1 test from IteratorTest
[ RUN      ] IteratorTest.IteratorTraits
[       OK ] IteratorTest.IteratorTraits (0 ms)
[----------] 1 test from IteratorTest (0 ms total)

[----------] Global test environment tear-down
[==========] 1 test from 1 test suite ran. (0 ms total)
[  PASSED  ] 1 test.
<end of output>
Test time =   0.08 sec
----------------------------------------------------------
Test Passed.
"IteratorTest.IteratorTraits" end time: Jan 14 18:13 中国标准时间
"IteratorTest.IteratorTraits" time elapsed: 00:00:00
----------------------------------------------------------

20/76 Testing: IteratorTest.IteratorOperations
20/76 Test: IteratorTest.IteratorOperations
Command: "C:/Users/IMikoto/Documents/vscode_files/c++/MYSTL/build/bin/mystl_test.exe" "--gtest_filter=IteratorTest.IteratorOperations" "--gtest_also_run_disabled_tests"
Directory: C:/Users/IMikoto/Documents/vscode_files/c++/MYSTL/build/test
"IteratorTest.IteratorOperations" start time: Jan 14 18:13 中国标准时间
Output:
----------------------------------------------------------
Running main() from C:\Users\IMikoto\Documents\vscode_files\c++\googletest\googletest\src\gtest_main.cc
Note: Google Test filter = IteratorTest.IteratorOperations
[==========] Running 1 test from 1 test suite.
[----------] Global test environment set-up.
[----------] 1 test from IteratorTest
[ RUN      ] IteratorTest.IteratorOperations
[       OK ] IteratorTest.IteratorOperations (0 ms)
[----------] 1 test from IteratorTest (0 ms total)

[----------] Global test environment tear-down
[==========] 1 test from 1 test suite ran. (0 ms total)
[  PASSED  ] 1 test.
<end of output>
Test time =   0.08 sec
----------------------------------------------------------
Test Passed.
"IteratorTest.IteratorOperations" end time: Jan 14 18:13 中国标准时间
"IteratorTest.IteratorOperations" time elapsed: 00:00:00
----------------------------------------------------------

21/76 Testing: IteratorTest.DifferentIterators
21/76 Test: IteratorTest.DifferentIterators
Command: "C:/Users/IMikoto/Documents/vscode_files/c++/MYSTL/build/bin/mystl_test.exe" "--gtest_filter=IteratorTest.DifferentIterators" "--gtest_also_run_disabled_tests"
Directory: C:/Users/IMikoto/Documents/vscode_files/c++/MYSTL/build/test
"IteratorTest.DifferentIterators" start time: Jan 14 18:13 中国标准时间
Output:
----------------------------------------------------------
Running main() from C:\Users\IMikoto\Documents\vscode_files\c++\googletest\googletest\src\gtest_main.cc
Note: Google Test filter = IteratorTest.DifferentIterators
[==========] Running 1 test from 1 test suite.
[----------] Global test environment set-up.
[----------] 1 test from IteratorTest
[ RUN      ] IteratorTest.DifferentIterators
[       OK ] IteratorTest.DifferentIterators (0 ms)
[----------] 1 test from IteratorTest (0 ms total)

[----------] Global test environment tear-down
[==========] 1 test from 1 test suite ran. (0 ms total)
[  PASSED  ] 1 test.
<end of output>
Test time =   0.08 sec
----------------------------------------------------------
Test Passed.
"IteratorTest.DifferentIterators" end time: Jan 14 18:13 中国标准时间
"IteratorTest.DifferentIterators" time elapsed: 00:00:00
----------------------------------------------------------

22/76 Testing: IteratorTest.IteratorAdapters
22/76 Test: IteratorTest.IteratorAdapters
Command: "C:/Users/IMikoto/Documents/vscode_files/c++/MYSTL/build/bin/mystl_test.exe" "--gtest_filter=IteratorTest.IteratorAdapters" "--gtest_also_run_disabled_tests"
Directory: C:/Users/IMikoto/Documents/vscode_files/c++/MYSTL/build/test
"IteratorTest.IteratorAdapters" start time: Jan 14 18:13 中国标准时间
Output:
----------------------------------------------------------
Running main() from C:\Users\IMikoto\Documents\vscode_files\c++\googletest\googletest\src\gtest_main.cc
Note: Google Test filter = IteratorTest.IteratorAdapters
[==========] Running 1 test from 1 test suite.
[----------] Global test environment set-up.
[----------] 1 test from IteratorTest
[ RUN      ] IteratorTest.IteratorAdapters
[       OK ] IteratorTest.IteratorAdapters (0 ms)
[----------] 1 test from IteratorTest (0 ms total)

[----------] Global test environment tear-down
[==========] 1 test from 1 test suite ran. (0 ms total)
[  PASSED  ] 1 test.
<end of output>
Test time =   0.08 sec
----------------------------------------------------------
Test Passed.
"IteratorTest.IteratorAdapters" end time: Jan 14 18:13 中国标准时间
"IteratorTest.IteratorAdapters" time elapsed: 00:00:00
----------------------------------------------------------

23/76 Testing: IteratorTest.IteratorHelpers
23/76 Test: IteratorTest.IteratorHelpers
Command: "C:/Users/IMikoto/Documents/vscode_files/c++/MYSTL/build/bin/mystl_test.exe" "--gtest_filter=IteratorTest.IteratorHelpers" "--gtest_also_run_disabled_tests"
Directory: C:/Users/IMikoto/Documents/vscode_files/c++/MYSTL/build/test
"IteratorTest.IteratorHelpers" start time: Jan 14 18:13 中国标准时间
Output:
----------------------------------------------------------
Running main() from C:\Users\IMikoto\Documents\vscode_files\c++\googletest\googletest\src\gtest_main.cc
Note: Google Test filter = IteratorTest.IteratorHelpers
[==========] Running 1 test from 1 test suite.
[----------] Global test environment set-up.
[----------] 1 test from IteratorTest
[ RUN      ] IteratorTest.IteratorHelpers
[       OK ] IteratorTest.IteratorHelpers (0 ms)
[----------] 1 test from IteratorTest (0 ms total)

[----------] Global test environment tear-down
[==========] 1 test from 1 test suite ran. (0 ms total)
[  PASSED  ] 1 test.
<end of output>
Test time =   0.08 sec
----------------------------------------------------------
Test Passed.
"IteratorTest.IteratorHelpers" end time: Jan 14 18:13 中国标准时间
"IteratorTest.IteratorHelpers" time elapsed: 00:00:00
----------------------------------------------------------

24/76 Testing: IteratorTest.EdgeCases
24/76 Test: IteratorTest.EdgeCases
Command: "C:/Users/IMikoto/Documents/vscode_files/c++/MYSTL/build/bin/mystl_test.exe" "--gtest_filter=IteratorTest.EdgeCases" "--gtest_also_run_disabled_tests"
Directory: C:/Users/IMikoto/Documents/vscode_files/c++/MYSTL/build/test
"IteratorTest.EdgeCases" start time: Jan 14 18:13 中国标准时间
Output:
----------------------------------------------------------
Running main() from C:\Users\IMikoto\Documents\vscode_files\c++\googletest\googletest\src\gtest_main.cc
Note: Google Test filter = IteratorTest.EdgeCases
[==========] Running 1 test from 1 test suite.
[----------] Global test environment set-up.
[----------] 1 test from IteratorTest
[ RUN      ] IteratorTest.EdgeCases
[       OK ] IteratorTest.EdgeCases (0 ms)
[----------] 1 test from IteratorTest (0 ms total)

[----------] Global test environment tear-down
[==========] 1 test from 1 test suite ran. (0 ms total)
[  PASSED  ] 1 test.
<end of output>
Test time =   0.08 sec
----------------------------------------------------------
Test Passed.
"IteratorTest.EdgeCases" end time: Jan 14 18:13 中国标准时间
"IteratorTest.EdgeCases" time elapsed: 00:00:00
----------------------------------------------------------

25/76 Testing: IteratorTest.CustomTypes
25/76 Test: IteratorTest.CustomTypes
Command: "C:/Users/IMikoto/Documents/vscode_files/c++/MYSTL/build/bin/mystl_test.exe" "--gtest_filter=IteratorTest.CustomTypes" "--gtest_also_run_disabled_tests"
Directory: C:/Users/IMikoto/Documents/vscode_files/c++/MYSTL/build/test
"IteratorTest.CustomTypes" start time: Jan 14 18:13 中国标准时间
Output:
----------------------------------------------------------
Running main() from C:\Users\IMikoto\Documents\vscode_files\c++\googletest\googletest\src\gtest_main.cc
Note: Google Test filter = IteratorTest.CustomTypes
[==========] Running 1 test from 1 test suite.
[----------] Global test environment set-up.
[----------] 1 test from IteratorTest
[ RUN      ] IteratorTest.CustomTypes
[       OK ] IteratorTest.CustomTypes (0 ms)
[----------] 1 test from IteratorTest (0 ms total)

[----------] Global test environment tear-down
[==========] 1 test from 1 test suite ran. (0 ms total)
[  PASSED  ] 1 test.
<end of output>
Test time =   0.08 sec
----------------------------------------------------------
Test Passed.
"IteratorTest.CustomTypes" end time: Jan 14 18:13 中国标准时间
"IteratorTest.CustomTypes" time elapsed: 00:00:00
----------------------------------------------------------

26/76 Testing: AlgorithmTest.Find
26/76 Test: AlgorithmTest.Find
Command: "C:/Users/IMikoto/Documents/vscode_files/c++/MYSTL/build/bin/mystl_test.exe" "--gtest_filter=AlgorithmTest.Find" "--gtest_also_run_disabled_tests"
Directory: C:/Users/IMikoto/Documents/vscode_files/c++/MYSTL/build/test
"AlgorithmTest.Find" start time: Jan 14 18:13 中国标准时间
Output:
----------------------------------------------------------
Running main() from C:\Users\IMikoto\Documents\vscode_files\c++\googletest\googletest\src\gtest_main.cc
Note: Google Test filter = AlgorithmTest.Find
[==========] Running 1 test from 1 test suite.
[----------] Global test environment set-up.
[----------] 1 test from AlgorithmTest
[ RUN      ] AlgorithmTest.Find
[       OK ] AlgorithmTest.Find (0 ms)
[----------] 1 test from AlgorithmTest (0 ms total)

[----------] Global test environment tear-down
[==========] 1 test from 1 test suite ran. (0 ms total)
[  PASSED  ] 1 test.
<end of output>
Test time =   0.08 sec
----------------------------------------------------------
Test Passed.
"AlgorithmTest.Find" end time: Jan 14 18:13 中国标准时间
"AlgorithmTest.Find" time elapsed: 00:00:00
----------------------------------------------------------

27/76 Testing: AlgorithmTest.FindIf
27/76 Test: AlgorithmTest.FindIf
Command: "C:/Users/IMikoto/Documents/vscode_files/c++/MYSTL/build/bin/mystl_test.exe" "--gtest_filter=AlgorithmTest.FindIf" "--gtest_also_run_disabled_tests"
Directory: C:/Users/IMikoto/Documents/vscode_files/c++/MYSTL/build/test
"AlgorithmTest.FindIf" start time: Jan 14 18:13 中国标准时间
Output:
----------------------------------------------------------
Running main() from C:\Users\IMikoto\Documents\vscode_files\c++\googletest\googletest\src\gtest_main.cc
Note: Google Test filter = AlgorithmTest.FindIf
[==========] Running 1 test from 1 test suite.
[----------] Global test environment set-up.
[----------] 1 test from AlgorithmTest
[ RUN      ] AlgorithmTest.FindIf
[       OK ] AlgorithmTest.FindIf (0 ms)
[----------] 1 test from AlgorithmTest (0 ms total)

[----------] Global test environment tear-down
[==========] 1 test from 1 test suite ran. (0 ms total)
[  PASSED  ] 1 test.
<end of output>
Test time =   0.08 sec
----------------------------------------------------------
Test Passed.
"AlgorithmTest.FindIf" end time: Jan 14 18:13 中国标准时间
"AlgorithmTest.FindIf" time elapsed: 00:00:00
----------------------------------------------------------

28/76 Testing: AlgorithmTest.FindIfNot
28/76 Test: AlgorithmTest.FindIfNot
Command: "C:/Users/IMikoto/Documents/vscode_files/c++/MYSTL/build/bin/mystl_test.exe" "--gtest_filter=AlgorithmTest.FindIfNot" "--gtest_also_run_disabled_tests"
Directory: C:/Users/IMikoto/Documents/vscode_files/c++/MYSTL/build/test
"AlgorithmTest.FindIfNot" start time: Jan 14 18:13 中国标准时间
Output:
----------------------------------------------------------
Running main() from C:\Users\IMikoto\Documents\vscode_files\c++\googletest\googletest\src\gtest_main.cc
Note: Google Test filter = AlgorithmTest.FindIfNot
[==========] Running 1 test from 1 test suite.
[----------] Global test environment set-up.
[----------] 1 test from AlgorithmTest
[ RUN      ] AlgorithmTest.FindIfNot
[       OK ] AlgorithmTest.FindIfNot (0 ms)
[----------] 1 test from AlgorithmTest (0 ms total)

[----------] Global test environment tear-down
[==========] 1 test from 1 test suite ran. (0 ms total)
[  PASSED  ] 1 test.
<end of output>
Test time =   0.08 sec
----------------------------------------------------------
Test Passed.
"AlgorithmTest.FindIfNot" end time: Jan 14 18:13 中国标准时间
"AlgorithmTest.FindIfNot" time elapsed: 00:00:00
----------------------------------------------------------

29/76 Testing: AlgorithmTest.FindFirstOf
29/76 Test: AlgorithmTest.FindFirstOf
Command: "C:/Users/IMikoto/Documents/vscode_files/c++/MYSTL/build/bin/mystl_test.exe" "--gtest_filter=AlgorithmTest.FindFirstOf" "--gtest_also_run_disabled_tests"
Directory: C:/Users/IMikoto/Documents/vscode_files/c++/MYSTL/build/test
"AlgorithmTest.FindFirstOf" start time: Jan 14 18:13 中国标准时间
Output:
----------------------------------------------------------
Running main() from C:\Users\IMikoto\Documents\vscode_files\c++\googletest\googletest\src\gtest_main.cc
Note: Google Test filter = AlgorithmTest.FindFirstOf
[==========] Running 1 test from 1 test suite.
[----------] Global test environment set-up.
[----------] 1 test from AlgorithmTest
[ RUN      ] AlgorithmTest.FindFirstOf
[       OK ] AlgorithmTest.FindFirstOf (0 ms)
[----------] 1 test from AlgorithmTest (0 ms total)

[----------] Global test environment tear-down
[==========] 1 test from 1 test suite ran. (0 ms total)
[  PASSED  ] 1 test.
<end of output>
Test time =   0.08 sec
----------------------------------------------------------
Test Passed.
"AlgorithmTest.FindFirstOf" end time: Jan 14 18:13 中国标准时间
"AlgorithmTest.FindFirstOf" time elapsed: 00:00:00
----------------------------------------------------------

30/76 Testing: AlgorithmTest.AdjacentFind
30/76 Test: AlgorithmTest.AdjacentFind
Command: "C:/Users/IMikoto/Documents/vscode_files/c++/MYSTL/build/bin/mystl_test.exe" "--gtest_filter=AlgorithmTest.AdjacentFind" "--gtest_also_run_disabled_tests"
Directory: C:/Users/IMikoto/Documents/vscode_files/c++/MYSTL/build/test
"AlgorithmTest.AdjacentFind" start time: Jan 14 18:13 中国标准时间
Output:
----------------------------------------------------------
Running main() from C:\Users\IMikoto\Documents\vscode_files\c++\googletest\googletest\src\gtest_main.cc
Note: Google Test filter = AlgorithmTest.AdjacentFind
[==========] Running 1 test from 1 test suite.
[----------] Global test environment set-up.
[----------] 1 test from AlgorithmTest
[ RUN      ] AlgorithmTest.AdjacentFind
[       OK ] AlgorithmTest.AdjacentFind (0 ms)
[----------] 1 test from AlgorithmTest (0 ms total)

[----------] Global test environment tear-down
[==========] 1 test from 1 test suite ran. (0 ms total)
[  PASSED  ] 1 test.
<end of output>
Test time =   0.08 sec
----------------------------------------------------------
Test Passed.
"AlgorithmTest.AdjacentFind" end time: Jan 14 18:13 中国标准时间
"AlgorithmTest.AdjacentFind" time elapsed: 00:00:00
----------------------------------------------------------

31/76 Testing: AlgorithmTest.EmptyContainer
31/76 Test: AlgorithmTest.EmptyContainer
Command: "C:/Users/IMikoto/Documents/vscode_files/c++/MYSTL/build/bin/mystl_test.exe" "--gtest_filter=AlgorithmTest.EmptyContainer" "--gtest_also_run_disabled_tests"
Directory: C:/Users/IMikoto/Documents/vscode_files/c++/MYSTL/build/test
"AlgorithmTest.EmptyContainer" start time: Jan 14 18:13 中国标准时间
Output:
----------------------------------------------------------
Running main() from C:\Users\IMikoto\Documents\vscode_files\c++\googletest\googletest\src\gtest_main.cc
Note: Google Test filter = AlgorithmTest.EmptyContainer
[==========] Running 1 test from 1 test suite.
[----------] Global test environment set-up.
[----------] 1 test from AlgorithmTest
[ RUN      ] AlgorithmTest.EmptyContainer
[       OK ] AlgorithmTest.EmptyContainer (0 ms)
[----------] 1 test from AlgorithmTest (0 ms total)

[----------] Global test environment tear-down
[==========] 1 test from 1 test suite ran. (0 ms total)
[  PASSED  ] 1 test.
<end of output>
Test time =   0.08 sec
----------------------------------------------------------
Test Passed.
"AlgorithmTest.EmptyContainer" end time: Jan 14 18:13 中国标准时间
"AlgorithmTest.EmptyContainer" time elapsed: 00:00:00
----------------------------------------------------------

32/76 Testing: AlgorithmTest.Count
32/76 Test: AlgorithmTest.Count
Command: "C:/Users/IMikoto/Documents/vscode_files/c++/MYSTL/build/bin/mystl_test.exe" "--gtest_filter=AlgorithmTest.Count" "--gtest_also_run_disabled_tests"
Directory: C:/Users/IMikoto/Documents/vscode_files/c++/MYSTL/build/test
"AlgorithmTest.Count" start time: Jan 14 18:13 中国标准时间
Output:
----------------------------------------------------------
Running main() from C:\Users\IMikoto\Documents\vscode_files\c++\googletest\googletest\src\gtest_main.cc
Note: Google Test filter = AlgorithmTest.Count
[==========] Running 1 test from 1 test suite.
[----------] Global test environment set-up.
[----------] 1 test from AlgorithmTest
[ RUN      ] AlgorithmTest.Count
[       OK ] AlgorithmTest.Count (0 ms)
[----------] 1 test from AlgorithmTest (0 ms total)

[----------] Global test environment tear-down
[==========] 1 test from 1 test suite ran. (0 ms total)
[  PASSED  ] 1 test.
<end of output>
Test time =   0.08 sec
----------------------------------------------------------
Test Passed.
"AlgorithmTest.Count" end time: Jan 14 18:13 中国标准时间
"AlgorithmTest.Count" time elapsed: 00:00:00
----------------------------------------------------------

33/76 Testing: AlgorithmTest.CountIf
33/76 Test: AlgorithmTest.CountIf
Command: "C:/Users/IMikoto/Documents/vscode_files/c++/MYSTL/build/bin/mystl_test.exe" "--gtest_filter=AlgorithmTest.CountIf" "--gtest_also_run_disabled_tests"
Directory: C:/Users/IMikoto/Documents/vscode_files/c++/MYSTL/build/test
"AlgorithmTest.CountIf" start time: Jan 14 18:13 中国标准时间
Output:
----------------------------------------------------------
Running main() from C:\Users\IMikoto\Documents\vscode_files\c++\googletest\googletest\src\gtest_main.cc
Note: Google Test filter = AlgorithmTest.CountIf
[==========] Running 1 test from 1 test suite.
[----------] Global test environment set-up.
[----------] 1 test from AlgorithmTest
[ RUN      ] AlgorithmTest.CountIf
[       OK ] AlgorithmTest.CountIf (0 ms)
[----------] 1 test from AlgorithmTest (0 ms total)

[----------] Global test environment tear-down
[==========] 1 test from 1 test suite ran. (0 ms total)
[  PASSED  ] 1 test.
<end of output>
Test time =   0.08 sec
----------------------------------------------------------
Test Passed.
"AlgorithmTest.CountIf" end time: Jan 14 18:13 中国标准时间
"AlgorithmTest.CountIf" time elapsed: 00:00:00
----------------------------------------------------------

34/76 Testing: AlgorithmTest.Search
34/76 Test: AlgorithmTest.Search
Command: "C:/Users/IMikoto/Documents/vscode_files/c++/MYSTL/build/bin/mystl_test.exe" "--gtest_filter=AlgorithmTest.Search" "--gtest_also_run_disabled_tests"
Directory: C:/Users/IMikoto/Documents/vscode_files/c++/MYSTL/build/test
"AlgorithmTest.Search" start time: Jan 14 18:13 中国标准时间
Output:
----------------------------------------------------------
Running main() from C:\Users\IMikoto\Documents\vscode_files\c++\googletest\googletest\src\gtest_main.cc
Note: Google Test filter = AlgorithmTest.Search
[==========] Running 1 test from 1 test suite.
[----------] Global test environment set-up.
[----------] 1 test from AlgorithmTest
[ RUN      ] AlgorithmTest.Search
[       OK ] AlgorithmTest.Search (0 ms)
[----------] 1 test from AlgorithmTest (0 ms total)

[----------] Global test environment tear-down
[==========] 1 test from 1 test suite ran. (0 ms total)
[  PASSED  ] 1 test.
<end of output>
Test time =   0.08 sec
----------------------------------------------------------
Test Passed.
"AlgorithmTest.Search" end time: Jan 14 18:13 中国标准时间
"AlgorithmTest.Search" time elapsed: 00:00:00
----------------------------------------------------------

35/76 Testing: AlgorithmTest.SearchN
35/76 Test: AlgorithmTest.SearchN
Command: "C:/Users/IMikoto/Documents/vscode_files/c++/MYSTL/build/bin/mystl_test.exe" "--gtest_filter=AlgorithmTest.SearchN" "--gtest_also_run_disabled_tests"
Directory: C:/Users/IMikoto/Documents/vscode_files/c++/MYSTL/build/test
"AlgorithmTest.SearchN" start time: Jan 14 18:13 中国标准时间
Output:
----------------------------------------------------------
Running main() from C:\Users\IMikoto\Documents\vscode_files\c++\googletest\googletest\src\gtest_main.cc
Note: Google Test filter = AlgorithmTest.SearchN
[==========] Running 1 test from 1 test suite.
[----------] Global test environment set-up.
[----------] 1 test from AlgorithmTest
[ RUN      ] AlgorithmTest.SearchN
[       OK ] AlgorithmTest.SearchN (0 ms)
[----------] 1 test from AlgorithmTest (0 ms total)

[----------] Global test environment tear-down
[==========] 1 test from 1 test suite ran. (0 ms total)
[  PASSED  ] 1 test.
<end of output>
Test time =   0.08 sec
----------------------------------------------------------
Test Passed.
"AlgorithmTest.SearchN" end time: Jan 14 18:13 中国标准时间
"AlgorithmTest.SearchN" time elapsed: 00:00:00
----------------------------------------------------------

36/76 Testing: AlgorithmTest.Replace
36/76 Test: AlgorithmTest.Replace
Command: "C:/Users/IMikoto/Documents/vscode_files/c++/MYSTL/build/bin/mystl_test.exe" "--gtest_filter=AlgorithmTest.Replace" "--gtest_also_run_disabled_tests"
Directory: C:/Users/IMikoto/Documents/vscode_files/c++/MYSTL/build/test
"AlgorithmTest.Replace" start time: Jan 14 18:13 中国标准时间
Output:
----------------------------------------------------------
Running main() from C:\Users\IMikoto\Documents\vscode_files\c++\googletest\googletest\src\gtest_main.cc
Note: Google Test filter = AlgorithmTest.Replace
[==========] Running 1 test from 1 test suite.
[----------] Global test environment set-up.
[----------] 1 test from AlgorithmTest
[ RUN      ] AlgorithmTest.Replace
[       OK ] AlgorithmTest.Replace (0 ms)
[----------] 1 test from AlgorithmTest (0 ms total)

[----------] Global test environment tear-down
[==========] 1 test from 1 test suite ran. (0 ms total)
[  PASSED  ] 1 test.
<end of output>
Test time =   0.08 sec
----------------------------------------------------------
Test Passed.
"AlgorithmTest.Replace" end time: Jan 14 18:13 中国标准时间
"AlgorithmTest.Replace" time elapsed: 00:00:00
----------------------------------------------------------

37/76 Testing: AlgorithmTest.ReplaceIf
37/76 Test: AlgorithmTest.ReplaceIf
Command: "C:/Users/IMikoto/Documents/vscode_files/c++/MYSTL/build/bin/mystl_test.exe" "--gtest_filter=AlgorithmTest.ReplaceIf" "--gtest_also_run_disabled_tests"
Directory: C:/Users/IMikoto/Documents/vscode_files/c++/MYSTL/build/test
"AlgorithmTest.ReplaceIf" start time: Jan 14 18:13 中国标准时间
Output:
----------------------------------------------------------
Running main() from C:\Users\IMikoto\Documents\vscode_files\c++\googletest\googletest\src\gtest_main.cc
Note: Google Test filter = AlgorithmTest.ReplaceIf
[==========] Running 1 test from 1 test suite.
[----------] Global test environment set-up.
[----------] 1 test from AlgorithmTest
[ RUN      ] AlgorithmTest.ReplaceIf
[       OK ] AlgorithmTest.ReplaceIf (0 ms)
[----------] 1 test from AlgorithmTest (0 ms total)

[----------] Global test environment tear-down
[==========] 1 test from 1 test suite ran. (0 ms total)
[  PASSED  ] 1 test.
<end of output>
Test time =   0.08 sec
----------------------------------------------------------
Test Passed.
"AlgorithmTest.ReplaceIf" end time: Jan 14 18:13 中国标准时间
"AlgorithmTest.ReplaceIf" time elapsed: 00:00:00
----------------------------------------------------------

38/76 Testing: AlgorithmTest.ReplaceCopy
38/76 Test: AlgorithmTest.ReplaceCopy
Command: "C:/Users/IMikoto/Documents/vscode_files/c++/MYSTL/build/bin/mystl_test.exe" "--gtest_filter=AlgorithmTest.ReplaceCopy" "--gtest_also_run_disabled_tests"
Directory: C:/Users/IMikoto/Documents/vscode_files/c++/MYSTL/build/test
"AlgorithmTest.ReplaceCopy" start time: Jan 14 18:13 中国标准时间
Output:
----------------------------------------------------------
Running main() from C:\Users\IMikoto\Documents\vscode_files\c++\googletest\googletest\src\gtest_main.cc
Note: Google Test filter = AlgorithmTest.ReplaceCopy
[==========] Running 1 test from 1 test suite.
[----------] Global test environment set-up.
[----------] 1 test from AlgorithmTest
[ RUN      ] AlgorithmTest.ReplaceCopy
[       OK ] AlgorithmTest.ReplaceCopy (0 ms)
[----------] 1 test from AlgorithmTest (0 ms total)

[----------] Global test environment tear-down
[==========] 1 test from 1 test suite ran. (0 ms total)
[  PASSED  ] 1 test.
<end of output>
Test time =   0.08 sec
----------------------------------------------------------
Test Passed.
"AlgorithmTest.ReplaceCopy" end time: Jan 14 18:13 中国标准时间
"AlgorithmTest.ReplaceCopy" time elapsed: 00:00:00
----------------------------------------------------------

39/76 Testing: AlgorithmTest.ReplaceCopyIf
39/76 Test: AlgorithmTest.ReplaceCopyIf
Command: "C:/Users/IMikoto/Documents/vscode_files/c++/MYSTL/build/bin/mystl_test.exe" "--gtest_filter=AlgorithmTest.ReplaceCopyIf" "--gtest_also_run_disabled_tests"
Directory: C:/Users/IMikoto/Documents/vscode_files/c++/MYSTL/build/test
"AlgorithmTest.ReplaceCopyIf" start time: Jan 14 18:13 中国标准时间
Output:
----------------------------------------------------------
Running main() from C:\Users\IMikoto\Documents\vscode_files\c++\googletest\googletest\src\gtest_main.cc
Note: Google Test filter = AlgorithmTest.ReplaceCopyIf
[==========] Running 1 test from 1 test suite.
[----------] Global test environment set-up.
[----------] 1 test from AlgorithmTest
[ RUN      ] AlgorithmTest.ReplaceCopyIf
[       OK ] AlgorithmTest.ReplaceCopyIf (0 ms)
[----------] 1 test from AlgorithmTest (0 ms total)

[----------] Global test environment tear-down
[==========] 1 test from 1 test suite ran. (0 ms total)
[  PASSED  ] 1 test.
<end of output>
Test time =   0.08 sec
----------------------------------------------------------
Test Passed.
"AlgorithmTest.ReplaceCopyIf" end time: Jan 14 18:13 中国标准时间
"AlgorithmTest.ReplaceCopyIf" time elapsed: 00:00:00
----------------------------------------------------------

40/76 Testing: AlgorithmTest.Remove
40/76 Test: AlgorithmTest.Remove
Command: "C:/Users/IMikoto/Documents/vscode_files/c++/MYSTL/build/bin/mystl_test.exe" "--gtest_filter=AlgorithmTest.Remove" "--gtest_also_run_disabled_tests"
Directory: C:/Users/IMikoto/Documents/vscode_files/c++/MYSTL/build/test
"AlgorithmTest.Remove" start time: Jan 14 18:13 中国标准时间
Output:
----------------------------------------------------------
Running main() from C:\Users\IMikoto\Documents\vscode_files\c++\googletest\googletest\src\gtest_main.cc
Note: Google Test filter = AlgorithmTest.Remove
[==========] Running 1 test from 1 test suite.
[----------] Global test environment set-up.
[----------] 1 test from AlgorithmTest
[ RUN      ] AlgorithmTest.Remove
[       OK ] AlgorithmTest.Remove (0 ms)
[----------] 1 test from AlgorithmTest (0 ms total)

[----------] Global test environment tear-down
[==========] 1 test from 1 test suite ran. (0 ms total)
[  PASSED  ] 1 test.
<end of output>
Test time =   0.08 sec
----------------------------------------------------------
Test Passed.
"AlgorithmTest.Remove" end time: Jan 14 18:13 中国标准时间
"AlgorithmTest.Remove" time elapsed: 00:00:00
----------------------------------------------------------

41/76 Testing: AlgorithmTest.RemoveIf
41/76 Test: AlgorithmTest.RemoveIf
Command: "C:/Users/IMikoto/Documents/vscode_files/c++/MYSTL/build/bin/mystl_test.exe" "--gtest_filter=AlgorithmTest.RemoveIf" "--gtest_also_run_disabled_tests"
Directory: C:/Users/IMikoto/Documents/vscode_files/c++/MYSTL/build/test
"AlgorithmTest.RemoveIf" start time: Jan 14 18:13 中国标准时间
Output:
----------------------------------------------------------
Running main() from C:\Users\IMikoto\Documents\vscode_files\c++\googletest\googletest\src\gtest_main.cc
Note: Google Test filter = AlgorithmTest.RemoveIf
[==========] Running 1 test from 1 test suite.
[----------] Global test environment set-up.
[----------] 1 test from AlgorithmTest
[ RUN      ] AlgorithmTest.RemoveIf
[       OK ] AlgorithmTest.RemoveIf (0 ms)
[----------] 1 test from AlgorithmTest (0 ms total)

[----------] Global test environment tear-down
[==========] 1 test from 1 test suite ran. (0 ms total)
[  PASSED  ] 1 test.
<end of output>
Test time =   0.08 sec
----------------------------------------------------------
Test Passed.
"AlgorithmTest.RemoveIf" end time: Jan 14 18:13 中国标准时间
"AlgorithmTest.RemoveIf" time elapsed: 00:00:00
----------------------------------------------------------

42/76 Testing: AlgorithmTest.RemoveCopy
42/76 Test: AlgorithmTest.RemoveCopy
Command: "C:/Users/IMikoto/Documents/vscode_files/c++/MYSTL/build/bin/mystl_test.exe" "--gtest_filter=AlgorithmTest.RemoveCopy" "--gtest_also_run_disabled_tests"
Directory: C:/Users/IMikoto/Documents/vscode_files/c++/MYSTL/build/test
"AlgorithmTest.RemoveCopy" start time: Jan 14 18:13 中国标准时间
Output:
----------------------------------------------------------
Running main() from C:\Users\IMikoto\Documents\vscode_files\c++\googletest\googletest\src\gtest_main.cc
Note: Google Test filter = AlgorithmTest.RemoveCopy
[==========] Running 1 test from 1 test suite.
[----------] Global test environment set-up.
[----------] 1 test from AlgorithmTest
[ RUN      ] AlgorithmTest.RemoveCopy
[       OK ] AlgorithmTest.RemoveCopy (0 ms)
[----------] 1 test from AlgorithmTest (0 ms total)

[----------] Global test environment tear-down
[==========] 1 test from 1 test suite ran. (0 ms total)
[  PASSED  ] 1 test.
<end of output>
Test time =   0.08 sec
----------------------------------------------------------
Test Passed.
"AlgorithmTest.RemoveCopy" end time: Jan 14 18:13 中国标准时间
"AlgorithmTest.RemoveCopy" time elapsed: 00:00:00
----------------------------------------------------------

43/76 Testing: AlgorithmTest.RemoveCopyIf
43/76 Test: AlgorithmTest.RemoveCopyIf
Command: "C:/Users/IMikoto/Documents/vscode_files/c++/MYSTL/build/bin/mystl_test.exe" "--gtest_filter=AlgorithmTest.RemoveCopyIf" "--gtest_also_run_disabled_tests"
Directory: C:/Users/IMikoto/Documents/vscode_files/c++/MYSTL/build/test
"AlgorithmTest.RemoveCopyIf" start time: Jan 14 18:13 中国标准时间
Output:
----------------------------------------------------------
Running main() from C:\Users\IMikoto\Documents\vscode_files\c++\googletest\googletest\src\gtest_main.cc
Note: Google Test filter = AlgorithmTest.RemoveCopyIf
[==========] Running 1 test from 1 test suite.
[----------] Global test environment set-up.
[----------] 1 test from AlgorithmTest
[ RUN      ] AlgorithmTest.RemoveCopyIf
[       OK ] AlgorithmTest.RemoveCopyIf (0 ms)
[----------] 1 test from AlgorithmTest (0 ms total)

[----------] Global test environment tear-down
[==========] 1 test from 1 test suite ran. (0 ms total)
[  PASSED  ] 1 test.
<end of output>
Test time =   0.08 sec
----------------------------------------------------------
Test Passed.
"AlgorithmTest.RemoveCopyIf" end time: Jan 14 18:13 中国标准时间
"AlgorithmTest.RemoveCopyIf" time elapsed: 00:00:00
----------------------------------------------------------

44/76 Testing: AlgorithmTest.Unique
44/76 Test: AlgorithmTest.Unique
Command: "C:/Users/IMikoto/Documents/vscode_files/c++/MYSTL/build/bin/mystl_test.exe" "--gtest_filter=AlgorithmTest.Unique" "--gtest_also_run_disabled_tests"
Directory: C:/Users/IMikoto/Documents/vscode_files/c++/MYSTL/build/test
"AlgorithmTest.Unique" start time: Jan 14 18:13 中国标准时间
Output:
----------------------------------------------------------
Running main() from C:\Users\IMikoto\Documents\vscode_files\c++\googletest\googletest\src\gtest_main.cc
Note: Google Test filter = AlgorithmTest.Unique
[==========] Running 1 test from 1 test suite.
[----------] Global test environment set-up.
[----------] 1 test from AlgorithmTest
[ RUN      ] AlgorithmTest.Unique
[       OK ] AlgorithmTest.Unique (0 ms)
[----------] 1 test from AlgorithmTest (0 ms total)

[----------] Global test environment tear-down
[==========] 1 test from 1 test suite ran. (0 ms total)
[  PASSED  ] 1 test.
<end of output>
Test time =   0.08 sec
----------------------------------------------------------
Test Passed.
"AlgorithmTest.Unique" end time: Jan 14 18:13 中国标准时间
"AlgorithmTest.Unique" time elapsed: 00:00:00
----------------------------------------------------------

45/76 Testing: AlgorithmTest.UniqueCopy
45/76 Test: AlgorithmTest.UniqueCopy
Command: "C:/Users/IMikoto/Documents/vscode_files/c++/MYSTL/build/bin/mystl_test.exe" "--gtest_filter=AlgorithmTest.UniqueCopy" "--gtest_also_run_disabled_tests"
Directory: C:/Users/IMikoto/Documents/vscode_files/c++/MYSTL/build/test
"AlgorithmTest.UniqueCopy" start time: Jan 14 18:13 中国标准时间
Output:
----------------------------------------------------------
Running main() from C:\Users\IMikoto\Documents\vscode_files\c++\googletest\googletest\src\gtest_main.cc
Note: Google Test filter = AlgorithmTest.UniqueCopy
[==========] Running 1 test from 1 test suite.
[----------] Global test environment set-up.
[----------] 1 test from AlgorithmTest
[ RUN      ] AlgorithmTest.UniqueCopy
[       OK ] AlgorithmTest.UniqueCopy (0 ms)
[----------] 1 test from AlgorithmTest (0 ms total)

[----------] Global test environment tear-down
[==========] 1 test from 1 test suite ran. (0 ms total)
[  PASSED  ] 1 test.
<end of output>
Test time =   0.08 sec
----------------------------------------------------------
Test Passed.
"AlgorithmTest.UniqueCopy" end time: Jan 14 18:13 中国标准时间
"AlgorithmTest.UniqueCopy" time elapsed: 00:00:00
----------------------------------------------------------

46/76 Testing: AlgorithmTest.Reverse
46/76 Test: AlgorithmTest.Reverse
Command: "C:/Users/IMikoto/Documents/vscode_files/c++/MYSTL/build/bin/mystl_test.exe" "--gtest_filter=AlgorithmTest.Reverse" "--gtest_also_run_disabled_tests"
Directory: C:/Users/IMikoto/Documents/vscode_files/c++/MYSTL/build/test
"AlgorithmTest.Reverse" start time: Jan 14 18:13 中国标准时间
Output:
----------------------------------------------------------
Running main() from C:\Users\IMikoto\Documents\vscode_files\c++\googletest\googletest\src\gtest_main.cc
Note: Google Test filter = AlgorithmTest.Reverse
[==========] Running 1 test from 1 test suite.
[----------] Global test environment set-up.
[----------] 1 test from AlgorithmTest
[ RUN      ] AlgorithmTest.Reverse
[       OK ] AlgorithmTest.Reverse (0 ms)
[----------] 1 test from AlgorithmTest (0 ms total)

[----------] Global test environment tear-down
[==========] 1 test from 1 test suite ran. (0 ms total)
[  PASSED  ] 1 test.
<end of output>
Test time =   0.08 sec
----------------------------------------------------------
Test Passed.
"AlgorithmTest.Reverse" end time: Jan 14 18:13 中国标准时间
"AlgorithmTest.Reverse" time elapsed: 00:00:00
----------------------------------------------------------

47/76 Testing: AlgorithmTest.ReverseCopy
47/76 Test: AlgorithmTest.ReverseCopy
Command: "C:/Users/IMikoto/Documents/vscode_files/c++/MYSTL/build/bin/mystl_test.exe" "--gtest_filter=AlgorithmTest.ReverseCopy" "--gtest_also_run_disabled_tests"
Directory: C:/Users/IMikoto/Documents/vscode_files/c++/MYSTL/build/test
"AlgorithmTest.ReverseCopy" start time: Jan 14 18:13 中国标准时间
Output:
----------------------------------------------------------
Running main() from C:\Users\IMikoto\Documents\vscode_files\c++\googletest\googletest\src\gtest_main.cc
Note: Google Test filter = AlgorithmTest.ReverseCopy
[==========] Running 1 test from 1 test suite.
[----------] Global test environment set-up.
[----------] 1 test from AlgorithmTest
[ RUN      ] AlgorithmTest.ReverseCopy
[       OK ] AlgorithmTest.ReverseCopy (0 ms)
[----------] 1 test from AlgorithmTest (0 ms total)

[----------] Global test environment tear-down
[==========] 1 test from 1 test suite ran. (0 ms total)
[  PASSED  ] 1 test.
<end of output>
Test time =   0.08 sec
----------------------------------------------------------
Test Passed.
"AlgorithmTest.ReverseCopy" end time: Jan 14 18:13 中国标准时间
"AlgorithmTest.ReverseCopy" time elapsed: 00:00:00
----------------------------------------------------------

48/76 Testing: AlgorithmTest.Rotate
48/76 Test: AlgorithmTest.Rotate
Command: "C:/Users/IMikoto/Documents/vscode_files/c++/MYSTL/build/bin/mystl_test.exe" "--gtest_filter=AlgorithmTest.Rotate" "--gtest_also_run_disabled_tests"
Directory: C:/Users/IMikoto/Documents/vscode_files/c++/MYSTL/build/test
"AlgorithmTest.Rotate" start time: Jan 14 18:13 中国标准时间
Output:
----------------------------------------------------------
Running main() from C:\Users\IMikoto\Documents\vscode_files\c++\googletest\googletest\src\gtest_main.cc
Note: Google Test filter = AlgorithmTest.Rotate
[==========] Running 1 test from 1 test suite.
[----------] Global test environment set-up.
[----------] 1 test from AlgorithmTest
[ RUN      ] AlgorithmTest.Rotate
[       OK ] AlgorithmTest.Rotate (0 ms)
[----------] 1 test from AlgorithmTest (0 ms total)

[----------] Global test environment tear-down
[==========] 1 test from 1 test suite ran. (0 ms total)
[  PASSED  ] 1 test.
<end of output>
Test time =   0.08 sec
----------------------------------------------------------
Test Passed.
"AlgorithmTest.Rotate" end time: Jan 14 18:13 中国标准时间
"AlgorithmTest.Rotate" time elapsed: 00:00:00
----------------------------------------------------------

49/76 Testing: AlgorithmTest.RotateCopy
49/76 Test: AlgorithmTest.RotateCopy
Command: "C:/Users/IMikoto/Documents/vscode_files/c++/MYSTL/build/bin/mystl_test.exe" "--gtest_filter=AlgorithmTest.RotateCopy" "--gtest_also_run_disabled_tests"
Directory: C:/Users/IMikoto/Documents/vscode_files/c++/MYSTL/build/test
"AlgorithmTest.RotateCopy" start time: Jan 14 18:13 中国标准时间
Output:
----------------------------------------------------------
Running main() from C:\Users\IMikoto\Documents\vscode_files\c++\googletest\googletest\src\gtest_main.cc
Note: Google Test filter = AlgorithmTest.RotateCopy
[==========] Running 1 test from 1 test suite.
[----------] Global test environment set-up.
[----------] 1 test from AlgorithmTest
[ RUN      ] AlgorithmTest.RotateCopy
[       OK ] AlgorithmTest.RotateCopy (0 ms)
[----------] 1 test from AlgorithmTest (0 ms total)

[----------] Global test environment tear-down
[==========] 1 test from 1 test suite ran. (0 ms total)
[  PASSED  ] 1 test.
<end of output>
Test time =   0.08 sec
----------------------------------------------------------
Test Passed.
"AlgorithmTest.RotateCopy" end time: Jan 14 18:13 中国标准时间
"AlgorithmTest.RotateCopy" time elapsed: 00:00:00
----------------------------------------------------------

50/76 Testing: AlgorithmTest.RandomShuffle
50/76 Test: AlgorithmTest.RandomShuffle
Command: "C:/Users/IMikoto/Documents/vscode_files/c++/MYSTL/build/bin/mystl_test.exe" "--gtest_filter=AlgorithmTest.RandomShuffle" "--gtest_also_run_disabled_tests"
Directory: C:/Users/IMikoto/Documents/vscode_files/c++/MYSTL/build/test
"AlgorithmTest.RandomShuffle" start time: Jan 14 18:13 中国标准时间
Output:
----------------------------------------------------------
Running main() from C:\Users\IMikoto\Documents\vscode_files\c++\googletest\googletest\src\gtest_main.cc
Note: Google Test filter = AlgorithmTest.RandomShuffle
[==========] Running 1 test from 1 test suite.
[----------] Global test environment set-up.
[----------] 1 test from AlgorithmTest
[ RUN      ] AlgorithmTest.RandomShuffle
[       OK ] AlgorithmTest.RandomShuffle (0 ms)
[----------] 1 test from AlgorithmTest (0 ms total)

[----------] Global test environment tear-down
[==========] 1 test from 1 test suite ran. (0 ms total)
[  PASSED  ] 1 test.
<end of output>
Test time =   0.08 sec
----------------------------------------------------------
Test Passed.
"AlgorithmTest.RandomShuffle" end time: Jan 14 18:13 中国标准时间
"AlgorithmTest.RandomShuffle" time elapsed: 00:00:00
----------------------------------------------------------

51/76 Testing: AlgorithmTest.Sort
51/76 Test: AlgorithmTest.Sort
Command: "C:/Users/IMikoto/Documents/vscode_files/c++/MYSTL/build/bin/mystl_test.exe" "--gtest_filter=AlgorithmTest.Sort" "--gtest_also_run_disabled_tests"
Directory: C:/Users/IMikoto/Documents/vscode_files/c++/MYSTL/build/test
"AlgorithmTest.Sort" start time: Jan 14 18:13 中国标准时间
Output:
----------------------------------------------------------
Running main() from C:\Users\IMikoto\Documents\vscode_files\c++\googletest\googletest\src\gtest_main.cc
Note: Google Test filter = AlgorithmTest.Sort
[==========] Running 1 test from 1 test suite.
[----------] Global test environment set-up.
[----------] 1 test from AlgorithmTest
[ RUN      ] AlgorithmTest.Sort
[       OK ] AlgorithmTest.Sort (0 ms)
[----------] 1 test from AlgorithmTest (0 ms total)

[----------] Global test environment tear-down
[==========] 1 test from 1 test suite ran. (0 ms total)
[  PASSED  ] 1 test.
<end of output>
Test time =   0.08 sec
----------------------------------------------------------
Test Passed.
"AlgorithmTest.Sort" end time: Jan 14 18:13 中国标准时间
"AlgorithmTest.Sort" time elapsed: 00:00:00
----------------------------------------------------------

52/76 Testing: AlgorithmTest.SortingAlgorithms
52/76 Test: AlgorithmTest.SortingAlgorithms
Command: "C:/Users/IMikoto/Documents/vscode_files/c++/MYSTL/build/bin/mystl_test.exe" "--gtest_filter=AlgorithmTest.SortingAlgorithms" "--gtest_also_run_disabled_tests"
Directory: C:/Users/IMikoto/Documents/vscode_files/c++/MYSTL/build/test
"AlgorithmTest.SortingAlgorithms" start time: Jan 14 18:13 中国标准时间
Output:
----------------------------------------------------------
Running main() from C:\Users\IMikoto\Documents\vscode_files\c++\googletest\googletest\src\gtest_main.cc
Note: Google Test filter = AlgorithmTest.SortingAlgorithms
[==========] Running 1 test from 1 test suite.
[----------] Global test environment set-up.
[----------] 1 test from AlgorithmTest
[ RUN      ] AlgorithmTest.SortingAlgorithms
[       OK ] AlgorithmTest.SortingAlgorithms (0 ms)
[----------] 1 test from AlgorithmTest (0 ms total)

[----------] Global test environment tear-down
[==========] 1 test from 1 test suite ran. (0 ms total)
[  PASSED  ] 1 test.
<end of output>
Test time =   0.08 sec
----------------------------------------------------------
Test Passed.
"AlgorithmTest.SortingAlgorithms" end time: Jan 14 18:13 中国标准时间
"AlgorithmTest.SortingAlgorithms" time elapsed: 00:00:00
----------------------------------------------------------

53/76 Testing: AlgorithmTest.SortStability
53/76 Test: AlgorithmTest.SortStability
Command: "C:/Users/IMikoto/Documents/vscode_files/c++/MYSTL/build/bin/mystl_test.exe" "--gtest_filter=AlgorithmTest.SortStability" "--gtest_also_run_disabled_tests"
Directory: C:/Users/IMikoto/Documents/vscode_files/c++/MYSTL/build/test
"AlgorithmTest.SortStability" start time: Jan 14 18:13 中国标准时间
Output:
----------------------------------------------------------
Running main() from C:\Users\IMikoto\Documents\vscode_files\c++\googletest\googletest\src\gtest_main.cc
Note: Google Test filter = AlgorithmTest.SortStability
[==========] Running 1 test from 1 test suite.
[----------] Global test environment set-up.
[----------] 1 test from AlgorithmTest
[ RUN      ] AlgorithmTest.SortStability
[       OK ] AlgorithmTest.SortStability (0 ms)
[----------] 1 test from AlgorithmTest (0 ms total)

[----------] Global test environment tear-down
[==========] 1 test from 1 test suite ran. (0 ms total)
[  PASSED  ] 1 test.
<end of output>
Test time =   0.08 sec
----------------------------------------------------------
Test Passed.
"AlgorithmTest.SortStability" end time: Jan 14 18:13 中国标准时间
"AlgorithmTest.SortStability" time elapsed: 00:00:00
----------------------------------------------------------

54/76 Testing: AlgorithmTest.IsSorted
54/76 Test: AlgorithmTest.IsSorted
Command: "C:/Users/IMikoto/Documents/vscode_files/c++/MYSTL/build/bin/mystl_test.exe" "--gtest_filter=AlgorithmTest.IsSorted" "--gtest_also_run_disabled_tests"
Directory: C:/Users/IMikoto/Documents/vscode_files/c++/MYSTL/build/test
"AlgorithmTest.IsSorted" start time: Jan 14 18:13 中国标准时间
Output:
----------------------------------------------------------
Running main() from C:\Users\IMikoto\Documents\vscode_files\c++\googletest\googletest\src\gtest_main.cc
Note: Google Test filter = AlgorithmTest.IsSorted
[==========] Running 1 test from 1 test suite.
[----------] Global test environment set-up.
[----------] 1 test from AlgorithmTest
[ RUN      ] AlgorithmTest.IsSorted
[       OK ] AlgorithmTest.IsSorted (0 ms)
[----------] 1 test from AlgorithmTest (0 ms total)

[----------] Global test environment tear-down
[==========] 1 test from 1 test suite ran. (0 ms total)
[  PASSED  ] 1 test.
<end of output>
Test time =   0.08 sec
----------------------------------------------------------
Test Passed.
"AlgorithmTest.IsSorted" end time: Jan 14 18:13 中国标准时间
"AlgorithmTest.IsSorted" time elapsed: 00:00:00
----------------------------------------------------------

55/76 Testing: AlgorithmTest.BinarySearch
55/76 Test: AlgorithmTest.BinarySearch
Command: "C:/Users/IMikoto/Documents/vscode_files/c++/MYSTL/build/bin/mystl_test.exe" "--gtest_filter=AlgorithmTest.BinarySearch" "--gtest_also_run_disabled_tests"
Directory: C:/Users/IMikoto/Documents/vscode_files/c++/MYSTL/build/test
"AlgorithmTest.BinarySearch" start time: Jan 14 18:13 中国标准时间
Output:
----------------------------------------------------------
Running main() from C:\Users\IMikoto\Documents\vscode_files\c++\googletest\googletest\src\gtest_main.cc
Note: Google Test filter = AlgorithmTest.BinarySearch
[==========] Running 1 test from 1 test suite.
[----------] Global test environment set-up.
[----------] 1 test from AlgorithmTest
[ RUN      ] AlgorithmTest.BinarySearch
[       OK ] AlgorithmTest.BinarySearch (0 ms)
[----------] 1 test from AlgorithmTest (0 ms total)

[----------] Global test environment tear-down
[==========] 1 test from 1 test suite ran. (0 ms total)
[  PASSED  ] 1 test.
<end of output>
Test time =   0.08 sec
----------------------------------------------------------
Test Passed.
"AlgorithmTest.BinarySearch" end time: Jan 14 18:13 中国标准时间
"AlgorithmTest.BinarySearch" time elapsed: 00:00:00
----------------------------------------------------------

56/76 Testing: AlgorithmTest.Partition
56/76 Test: AlgorithmTest.Partition
Command: "C:/Users/IMikoto/Documents/vscode_files/c++/MYSTL/build/bin/mystl_test.exe" "--gtest_filter=AlgorithmTest.Partition" "--gtest_also_run_disabled_tests"
Directory: C:/Users/IMikoto/Documents/vscode_files/c++/MYSTL/build/test
"AlgorithmTest.Partition" start time: Jan 14 18:13 中国标准时间
Output:
----------------------------------------------------------
Running main() from C:\Users\IMikoto\Documents\vscode_files\c++\googletest\googletest\src\gtest_main.cc
Note: Google Test filter = AlgorithmTest.Partition
[==========] Running 1 test from 1 test suite.
[----------] Global test environment set-up.
[----------] 1 test from AlgorithmTest
[ RUN      ] AlgorithmTest.Partition
[       OK ] AlgorithmTest.Partition (0 ms)
[----------] 1 test from AlgorithmTest (0 ms total)

[----------] Global test environment tear-down
[==========] 1 test from 1 test suite ran. (0 ms total)
[  PASSED  ] 1 test.
<end of output>
Test time =   0.08 sec
----------------------------------------------------------
Test Passed.
"AlgorithmTest.Partition" end time: Jan 14 18:13 中国标准时间
"AlgorithmTest.Partition" time elapsed: 00:00:00
----------------------------------------------------------

57/76 Testing: AlgorithmTest.Permutation
57/76 Test: AlgorithmTest.Permutation
Command: "C:/Users/IMikoto/Documents/vscode_files/c++/MYSTL/build/bin/mystl_test.exe" "--gtest_filter=AlgorithmTest.Permutation" "--gtest_also_run_disabled_tests"
Directory: C:/Users/IMikoto/Documents/vscode_files/c++/MYSTL/build/test
"AlgorithmTest.Permutation" start time: Jan 14 18:13 中国标准时间
Output:
----------------------------------------------------------
Running main() from C:\Users\IMikoto\Documents\vscode_files\c++\googletest\googletest\src\gtest_main.cc
Note: Google Test filter = AlgorithmTest.Permutation
[==========] Running 1 test from 1 test suite.
[----------] Global test environment set-up.
[----------] 1 test from AlgorithmTest
[ RUN      ] AlgorithmTest.Permutation
[       OK ] AlgorithmTest.Permutation (0 ms)
[----------] 1 test from AlgorithmTest (0 ms total)

[----------] Global test environment tear-down
[==========] 1 test from 1 test suite ran. (0 ms total)
[  PASSED  ] 1 test.
<end of output>
Test time =   0.08 sec
----------------------------------------------------------
Test Passed.
"AlgorithmTest.Permutation" end time: Jan 14 18:13 中国标准时间
"AlgorithmTest.Permutation" time elapsed: 00:00:00
----------------------------------------------------------

58/76 Testing: AlgorithmTest.SetOperations
58/76 Test: AlgorithmTest.SetOperations
Command: "C:/Users/IMikoto/Documents/vscode_files/c++/MYSTL/build/bin/mystl_test.exe" "--gtest_filter=AlgorithmTest.SetOperations" "--gtest_also_run_disabled_tests"
Directory: C:/Users/IMikoto/Documents/vscode_files/c++/MYSTL/build/test
"AlgorithmTest.SetOperations" start time: Jan 14 18:13 中国标准时间
Output:
----------------------------------------------------------
Running main() from C:\Users\IMikoto\Documents\vscode_files\c++\googletest\googletest\src\gtest_main.cc
Note: Google Test filter = AlgorithmTest.SetOperations
[==========] Running 1 test from 1 test suite.
[----------] Global test environment set-up.
[----------] 1 test from AlgorithmTest
[ RUN      ] AlgorithmTest.SetOperations
[       OK ] AlgorithmTest.SetOperations (0 ms)
[----------] 1 test from AlgorithmTest (0 ms total)

[----------] Global test environment tear-down
[==========] 1 test from 1 test suite ran. (0 ms total)
[  PASSED  ] 1 test.
<end of output>
Test time =   0.08 sec
----------------------------------------------------------
Test Passed.
"AlgorithmTest.SetOperations" end time: Jan 14 18:13 中国标准时间
"AlgorithmTest.SetOperations" time elapsed: 00:00:00
----------------------------------------------------------

59/76 Testing: AlgorithmTest.NumericOperations
59/76 Test: AlgorithmTest.NumericOperations
Command: "C:/Users/IMikoto/Documents/vscode_files/c++/MYSTL/build/bin/mystl_test.exe" "--gtest_filter=AlgorithmTest.NumericOperations" "--gtest_also_run_disabled_tests"
Directory: C:/Users/IMikoto/Documents/vscode_files/c++/MYSTL/build/test
"AlgorithmTest.NumericOperations" start time: Jan 14 18:13 中国标准时间
Output:
----------------------------------------------------------
Running main() from C:\Users\IMikoto\Documents\vscode_files\c++\googletest\googletest\src\gtest_main.cc
Note: Google Test filter = AlgorithmTest.NumericOperations
[==========] Running 1 test from 1 test suite.
[----------] Global test environment set-up.
[----------] 1 test from AlgorithmTest
[ RUN      ] AlgorithmTest.NumericOperations
[       OK ] AlgorithmTest.NumericOperations (0 ms)
[----------] 1 test from AlgorithmTest (0 ms total)

[----------] Global test environment tear-down
[==========] 1 test from 1 test suite ran. (0 ms total)
[  PASSED  ] 1 test.
<end of output>
Test time =   0.08 sec
----------------------------------------------------------
Test Passed.
"AlgorithmTest.NumericOperations" end time: Jan 14 18:13 中国标准时间
"AlgorithmTest.NumericOperations" time elapsed: 00:00:00
----------------------------------------------------------

60/76 Testing: VectorTest.Constructor
60/76 Test: VectorTest.Constructor
Command: "C:/Users/IMikoto/Documents/vscode_files/c++/MYSTL/build/bin/mystl_test.exe" "--gtest_filter=VectorTest.Constructor" "--gtest_also_run_disabled_tests"
Directory: C:/Users/IMikoto/Documents/vscode_files/c++/MYSTL/build/test
"VectorTest.Constructor" start time: Jan 14 18:13 中国标准时间
Output:
----------------------------------------------------------
Running main() from C:\Users\IMikoto\Documents\vscode_files\c++\googletest\googletest\src\gtest_main.cc
Note: Google Test filter = VectorTest.Constructor
[==========] Running 1 test from 1 test suite.
[----------] Global test environment set-up.
[----------] 1 test from VectorTest
[ RUN      ] VectorTest.Constructor
[       OK ] VectorTest.Constructor (0 ms)
[----------] 1 test from VectorTest (0 ms total)

[----------] Global test environment tear-down
[==========] 1 test from 1 test suite ran. (0 ms total)
[  PASSED  ] 1 test.
<end of output>
Test time =   0.08 sec
----------------------------------------------------------
Test Passed.
"VectorTest.Constructor" end time: Jan 14 18:13 中国标准时间
"VectorTest.Constructor" time elapsed: 00:00:00
----------------------------------------------------------

61/76 Testing: VectorTest.Assignment
61/76 Test: VectorTest.Assignment
Command: "C:/Users/IMikoto/Documents/vscode_files/c++/MYSTL/build/bin/mystl_test.exe" "--gtest_filter=VectorTest.Assignment" "--gtest_also_run_disabled_tests"
Directory: C:/Users/IMikoto/Documents/vscode_files/c++/MYSTL/build/test
"VectorTest.Assignment" start time: Jan 14 18:13 中国标准时间
Output:
----------------------------------------------------------
Running main() from C:\Users\IMikoto\Documents\vscode_files\c++\googletest\googletest\src\gtest_main.cc
Note: Google Test filter = VectorTest.Assignment
[==========] Running 1 test from 1 test suite.
[----------] Global test environment set-up.
[----------] 1 test from VectorTest
[ RUN      ] VectorTest.Assignment
[       OK ] VectorTest.Assignment (0 ms)
[----------] 1 test from VectorTest (0 ms total)

[----------] Global test environment tear-down
[==========] 1 test from 1 test suite ran. (0 ms total)
[  PASSED  ] 1 test.
<end of output>
Test time =   0.08 sec
----------------------------------------------------------
Test Passed.
"VectorTest.Assignment" end time: Jan 14 18:13 中国标准时间
"VectorTest.Assignment" time elapsed: 00:00:00
----------------------------------------------------------

62/76 Testing: VectorTest.ElementAccess
62/76 Test: VectorTest.ElementAccess
Command: "C:/Users/IMikoto/Documents/vscode_files/c++/MYSTL/build/bin/mystl_test.exe" "--gtest_filter=VectorTest.ElementAccess" "--gtest_also_run_disabled_tests"
Directory: C:/Users/IMikoto/Documents/vscode_files/c++/MYSTL/build/test
"VectorTest.ElementAccess" start time: Jan 14 18:13 中国标准时间
Output:
----------------------------------------------------------
Running main() from C:\Users\IMikoto\Documents\vscode_files\c++\googletest\googletest\src\gtest_main.cc
Note: Google Test filter = VectorTest.ElementAccess
[==========] Running 1 test from 1 test suite.
[----------] Global test environment set-up.
[----------] 1 test from VectorTest
[ RUN      ] VectorTest.ElementAccess
[       OK ] VectorTest.ElementAccess (0 ms)
[----------] 1 test from VectorTest (0 ms total)

[----------] Global test environment tear-down
[==========] 1 test from 1 test suite ran. (0 ms total)
[  PASSED  ] 1 test.
<end of output>
Test time =   0.08 sec
----------------------------------------------------------
Test Passed.
"VectorTest.ElementAccess" end time: Jan 14 18:13 中国标准时间
"VectorTest.ElementAccess" time elapsed: 00:00:00
----------------------------------------------------------

63/76 Testing: VectorTest.Iterators
63/76 Test: VectorTest.Iterators
Command: "C:/Users/IMikoto/Documents/vscode_files/c++/MYSTL/build/bin/mystl_test.exe" "--gtest_filter=VectorTest.Iterators" "--gtest_also_run_disabled_tests"
Directory: C:/Users/IMikoto/Documents/vscode_files/c++/MYSTL/build/test
"VectorTest.Iterators" start time: Jan 14 18:13 中国标准时间
Output:
----------------------------------------------------------
Running main() from C:\Users\IMikoto\Documents\vscode_files\c++\googletest\googletest\src\gtest_main.cc
Note: Google Test filter = VectorTest.Iterators
[==========] Running 1 test from 1 test suite.
[----------] Global test environment set-up.
[----------] 1 test from VectorTest
[ RUN      ] VectorTest.Iterators
[       OK ] VectorTest.Iterators (0 ms)
[----------] 1 test from VectorTest (0 ms total)

[----------] Global test environment tear-down
[==========] 1 test from 1 test suite ran. (0 ms total)
[  PASSED  ] 1 test.
<end of output>
Test time =   0.08 sec
----------------------------------------------------------
Test Passed.
"VectorTest.Iterators" end time: Jan 14 18:13 中国标准时间
"VectorTest.Iterators" time elapsed: 00:00:00
----------------------------------------------------------

64/76 Testing: VectorTest.Capacity
64/76 Test: VectorTest.Capacity
Command: "C:/Users/IMikoto/Documents/vscode_files/c++/MYSTL/build/bin/mystl_test.exe" "--gtest_filter=VectorTest.Capacity" "--gtest_also_run_disabled_tests"
Directory: C:/Users/IMikoto/Documents/vscode_files/c++/MYSTL/build/test
"VectorTest.Capacity" start time: Jan 14 18:13 中国标准时间
Output:
----------------------------------------------------------
Running main() from C:\Users\IMikoto\Documents\vscode_files\c++\googletest\googletest\src\gtest_main.cc
Note: Google Test filter = VectorTest.Capacity
[==========] Running 1 test from 1 test suite.
[----------] Global test environment set-up.
[----------] 1 test from VectorTest
[ RUN      ] VectorTest.Capacity
[       OK ] VectorTest.Capacity (0 ms)
[----------] 1 test from VectorTest (0 ms total)

[----------] Global test environment tear-down
[==========] 1 test from 1 test suite ran. (0 ms total)
[  PASSED  ] 1 test.
<end of output>
Test time =   0.08 sec
----------------------------------------------------------
Test Passed.
"VectorTest.Capacity" end time: Jan 14 18:13 中国标准时间
"VectorTest.Capacity" time elapsed: 00:00:00
----------------------------------------------------------

65/76 Testing: VectorTest.Modifiers
65/76 Test: VectorTest.Modifiers
Command: "C:/Users/IMikoto/Documents/vscode_files/c++/MYSTL/build/bin/mystl_test.exe" "--gtest_filter=VectorTest.Modifiers" "--gtest_also_run_disabled_tests"
Directory: C:/Users/IMikoto/Documents/vscode_files/c++/MYSTL/build/test
"VectorTest.Modifiers" start time: Jan 14 18:13 中国标准时间
Output:
----------------------------------------------------------
Running main() from C:\Users\IMikoto\Documents\vscode_files\c++\googletest\googletest\src\gtest_main.cc
Note: Google Test filter = VectorTest.Modifiers
[==========] Running 1 test from 1 test suite.
[----------] Global test environment set-up.
[----------] 1 test from VectorTest
[ RUN      ] VectorTest.Modifiers
[       OK ] VectorTest.Modifiers (0 ms)
[----------] 1 test from VectorTest (0 ms total)

[----------] Global test environment tear-down
[==========] 1 test from 1 test suite ran. (0 ms total)
[  PASSED  ] 1 test.
<end of output>
Test time =   0.08 sec
----------------------------------------------------------
Test Passed.
"VectorTest.Modifiers" end time: Jan 14 18:13 中国标准时间
"VectorTest.Modifiers" time elapsed: 00:00:00
----------------------------------------------------------

66/76 Testing: VectorTest.Comparison
66/76 Test: VectorTest.Comparison
Command: "C:/Users/IMikoto/Documents/vscode_files/c++/MYSTL/build/bin/mystl_test.exe" "--gtest_filter=VectorTest.Comparison" "--gtest_also_run_disabled_tests"
Directory: C:/Users/IMikoto/Documents/vscode_files/c++/MYSTL/build/test
"VectorTest.Comparison" start time: Jan 14 18:13 中国标准时间
Output:
----------------------------------------------------------
Running main() from C:\Users\IMikoto\Documents\vscode_files\c++\googletest\googletest\src\gtest_main.cc
Note: Google Test filter = VectorTest.Comparison
[==========] Running 1 test from 1 test suite.
[----------] Global test environment set-up.
[----------] 1 test from VectorTest
[ RUN      ] VectorTest.Comparison
[       OK ] VectorTest.Comparison (0 ms)
[----------] 1 test from VectorTest (0 ms total)

[----------] Global test environment tear-down
[==========] 1 test from 1 test suite ran. (0 ms total)
[  PASSED  ] 1 test.
<end of output>
Test time =   0.08 sec
----------------------------------------------------------
Test Passed.
"VectorTest.Comparison" end time: Jan 14 18:13 中国标准时间
"VectorTest.Comparison" time elapsed: 00:00:00
----------------------------------------------------------

67/76 Testing: VectorTest.VectorExceptionSafety
67/76 Test: VectorTest.VectorExceptionSafety
Command: "C:/Users/IMikoto/Documents/vscode_files/c++/MYSTL/build/bin/mystl_test.exe" "--gtest_filter=VectorTest.VectorExceptionSafety" "--gtest_also_run_disabled_tests"
Directory: C:/Users/IMikoto/Documents/vscode_files/c++/MYSTL/build/test
"VectorTest.VectorExceptionSafety" start time: Jan 14 18:13 中国标准时间
Output:
----------------------------------------------------------
Running main() from C:\Users\IMikoto\Documents\vscode_files\c++\googletest\googletest\src\gtest_main.cc
Note: Google Test filter = VectorTest.VectorExceptionSafety
[==========] Running 1 test from 1 test suite.
[----------] Global test environment set-up.
[----------] 1 test from VectorTest
[ RUN      ] VectorTest.VectorExceptionSafety
[       OK ] VectorTest.VectorExceptionSafety (0 ms)
[----------] 1 test from VectorTest (0 ms total)

[----------] Global test environment tear-down
[==========] 1 test from 1 test suite ran. (0 ms total)
[  PASSED  ] 1 test.
<end of output>
Test time =   0.08 sec
----------------------------------------------------------
Test Passed.
"VectorTest.VectorExceptionSafety" end time: Jan 14 18:13 中国标准时间
"VectorTest.VectorExceptionSafety" time elapsed: 00:00:00
----------------------------------------------------------

68/76 Testing: VectorTest.InsertExceptionSafety
68/76 Test: VectorTest.InsertExceptionSafety
Command: "C:/Users/IMikoto/Documents/vscode_files/c++/MYSTL/build/bin/mystl_test.exe" "--gtest_filter=VectorTest.InsertExceptionSafety" "--gtest_also_run_disabled_tests"
Directory: C:/Users/IMikoto/Documents/vscode_files/c++/MYSTL/build/test
"VectorTest.InsertExceptionSafety" start time: Jan 14 18:13 中国标准时间
Output:
----------------------------------------------------------
Running main() from C:\Users\IMikoto\Documents\vscode_files\c++\googletest\googletest\src\gtest_main.cc
Note: Google Test filter = VectorTest.InsertExceptionSafety
[==========] Running 1 test from 1 test suite.
[----------] Global test environment set-up.
[----------] 1 test from VectorTest
[ RUN      ] VectorTest.InsertExceptionSafety
[       OK ] VectorTest.InsertExceptionSafety (0 ms)
[----------] 1 test from VectorTest (0 ms total)

[----------] Global test environment tear-down
[==========] 1 test from 1 test suite ran. (0 ms total)
[  PASSED  ] 1 test.
<end of output>
Test time =   0.08 sec
----------------------------------------------------------
Test Passed.
"VectorTest.InsertExceptionSafety" end time: Jan 14 18:13 中国标准时间
"VectorTest.InsertExceptionSafety" time elapsed: 00:00:00
----------------------------------------------------------

69/76 Testing: VectorTest.EmplaceExceptionSafety
69/76 Test: VectorTest.EmplaceExceptionSafety
Command: "C:/Users/IMikoto/Documents/vscode_files/c++/MYSTL/build/bin/mystl_test.exe" "--gtest_filter=VectorTest.EmplaceExceptionSafety" "--gtest_also_run_disabled_tests"
Directory: C:/Users/IMikoto/Documents/vscode_files/c++/MYSTL/build/test
"VectorTest.EmplaceExceptionSafety" start time: Jan 14 18:13 中国标准时间
Output:
----------------------------------------------------------
Running main() from C:\Users\IMikoto\Documents\vscode_files\c++\googletest\googletest\src\gtest_main.cc
Note: Google Test filter = VectorTest.EmplaceExceptionSafety
[==========] Running 1 test from 1 test suite.
[----------] Global test environment set-up.
[----------] 1 test from VectorTest
[ RUN      ] VectorTest.EmplaceExceptionSafety
[       OK ] VectorTest.EmplaceExceptionSafety (0 ms)
[----------] 1 test from VectorTest (0 ms total)

[----------] Global test environment tear-down
[==========] 1 test from 1 test suite ran. (0 ms total)
[  PASSED  ] 1 test.
<end of output>
Test time =   0.08 sec
----------------------------------------------------------
Test Passed.
"VectorTest.EmplaceExceptionSafety" end time: Jan 14 18:13 中国标准时间
"VectorTest.EmplaceExceptionSafety" time elapsed: 00:00:00
----------------------------------------------------------

70/76 Testing: VectorTest.InsertSelfReference
70/76 Test: VectorTest.InsertSelfReference
Command: "C:/Users/IMikoto/Documents/vscode_files/c++/MYSTL/build/bin/mystl_test.exe" "--gtest_filter=VectorTest.InsertSelfReference" "--gtest_also_run_disabled_tests"
Directory: C:/Users/IMikoto/Documents/vscode_files/c++/MYSTL/build/test
"VectorTest.InsertSelfReference" start time: Jan 14 18:13 中国标准时间
Output:
----------------------------------------------------------
Running main() from C:\Users\IMikoto\Documents\vscode_files\c++\googletest\googletest\src\gtest_main.cc
Note: Google Test filter = VectorTest.InsertSelfReference
[==========] Running 1 test from 1 test suite.
[----------] Global test environment set-up.
[----------] 1 test from VectorTest
[ RUN      ] VectorTest.InsertSelfReference
[       OK ] VectorTest.InsertSelfReference (0 ms)
[----------] 1 test from VectorTest (0 ms total)

[----------] Global test environment tear-down
[==========] 1 test from 1 test suite ran. (0 ms total)
[  PASSED  ] 1 test.
<end of output>
Test time =   0.08 sec
----------------------------------------------------------
Test Passed.
"VectorTest.InsertSelfReference" end time: Jan 14 18:13 中国标准时间
"VectorTest.InsertSelfReference" time elapsed: 00:00:00
----------------------------------------------------------

71/76 Testing: VectorTest.MoveExceptionSafety
71/76 Test: VectorTest.MoveExceptionSafety
Command: "C:/Users/IMikoto/Documents/vscode_files/c++/MYSTL/build/bin/mystl_test.exe" "--gtest_filter=VectorTest.MoveExceptionSafety" "--gtest_also_run_disabled_tests"
Directory: C:/Users/IMikoto/Documents/vscode_files/c++/MYSTL/build/test
"VectorTest.MoveExceptionSafety" start time: Jan 14 18:13 中国标准时间
Output:
----------------------------------------------------------
Running main() from C:\Users\IMikoto\Documents\vscode_files\c++\googletest\googletest\src\gtest_main.cc
Note: Google Test filter = VectorTest.MoveExceptionSafety
[==========] Running 1 test from 1 test suite.
[----------] Global test environment set-up.
[----------] 1 test from VectorTest
[ RUN      ] VectorTest.MoveExceptionSafety
[       OK ] VectorTest.MoveExceptionSafety (0 ms)
[----------] 1 test from VectorTest (0 ms total)

[----------] Global test environment tear-down
[==========] 1 test from 1 test suite ran. (0 ms total)
[  PASSED  ] 1 test.
<end of output>
Test time =   0.08 sec
----------------------------------------------------------
Test Passed.
"VectorTest.MoveExceptionSafety" end time: Jan 14 18:13 中国标准时间
"VectorTest.MoveExceptionSafety" time elapsed: 00:00:00
----------------------------------------------------------

72/76 Testing: VectorTest.ReserveExceptionSafety
72/76 Test: VectorTest.ReserveExceptionSafety
Command: "C:/Users/IMikoto/Documents/vscode_files/c++/MYSTL/build/bin/mystl_test.exe" "--gtest_filter=VectorTest.ReserveExceptionSafety" "--gtest_also_run_disabled_tests"
Directory: C:/Users/IMikoto/Documents/vscode_files/c++/MYSTL/build/test
"VectorTest.ReserveExceptionSafety" start time: Jan 14 18:13 中国标准时间
Output:
----------------------------------------------------------
Running main() from C:\Users\IMikoto\Documents\vscode_files\c++\googletest\googletest\src\gtest_main.cc
Note: Google Test filter = VectorTest.ReserveExceptionSafety
[==========] Running 1 test from 1 test suite.
[----------] Global test environment set-up.
[----------] 1 test from VectorTest
[ RUN      ] VectorTest.ReserveExceptionSafety
[       OK ] VectorTest.ReserveExceptionSafety (0 ms)
[----------] 1 test from VectorTest (0 ms total)

[----------] Global test environment tear-down
[==========] 1 test from 1 test suite ran. (0 ms total)
[  PASSED  ] 1 test.
<end of output>
Test time =   0.08 sec
----------------------------------------------------------
Test Passed.
"VectorTest.ReserveExceptionSafety" end time: Jan 14 18:13 中国标准时间
"VectorTest.ReserveExceptionSafety" time elapsed: 00:00:00
----------------------------------------------------------

73/76 Testing: VectorTest.ResizeExceptionSafety
73/76 Test: VectorTest.ResizeExceptionSafety
Command: "C:/Users/IMikoto/Documents/vscode_files/c++/MYSTL/build/bin/mystl_test.exe" "--gtest_filter=VectorTest.ResizeExceptionSafety" "--gtest_also_run_disabled_tests"
Directory: C:/Users/IMikoto/Documents/vscode_files/c++/MYSTL/build/test
"VectorTest.ResizeExceptionSafety" start time: Jan 14 18:13 中国标准时间
Output:
----------------------------------------------------------
Running main() from C:\Users\IMikoto\Documents\vscode_files\c++\googletest\googletest\src\gtest_main.cc
Note: Google Test filter = VectorTest.ResizeExceptionSafety
[==========] Running 1 test from 1 test suite.
[----------] Global test environment set-up.
[----------] 1 test from VectorTest
[ RUN      ] VectorTest.ResizeExceptionSafety
[       OK ] VectorTest.ResizeExceptionSafety (0 ms)
[----------] 1 test from VectorTest (0 ms total)

[----------] Global test environment tear-down
[==========] 1 test from 1 test suite ran. (0 ms total)
[  PASSED  ] 1 test.
<end of output>
Test time =   0.08 sec
----------------------------------------------------------
Test Passed.
"VectorTest.ResizeExceptionSafety" end time: Jan 14 18:13 中国标准时间
"VectorTest.ResizeExceptionSafety" time elapsed: 00:00:00
----------------------------------------------------------

74/76 Testing: VectorTest.AssignExceptionSafety
74/76 Test: VectorTest.AssignExceptionSafety
Command: "C:/Users/IMikoto/Documents/vscode_files/c++/MYSTL/build/bin/mystl_test.exe" "--gtest_filter=VectorTest.AssignExceptionSafety" "--gtest_also_run_disabled_tests"
Directory: C:/Users/IMikoto/Documents/vscode_files/c++/MYSTL/build/test
"VectorTest.AssignExceptionSafety" start time: Jan 14 18:13 中国标准时间
Output:
----------------------------------------------------------
Running main() from C:\Users\IMikoto\Documents\vscode_files\c++\googletest\googletest\src\gtest_main.cc
Note: Google Test filter = VectorTest.AssignExceptionSafety
[==========] Running 1 test from 1 test suite.
[----------] Global test environment set-up.
[----------] 1 test from VectorTest
[ RUN      ] VectorTest.AssignExceptionSafety
[       OK ] VectorTest.AssignExceptionSafety (0 ms)
[----------] 1 test from VectorTest (0 ms total)

[----------] Global test environment tear-down
[==========] 1 test from 1 test suite ran. (0 ms total)
[  PASSED  ] 1 test.
<end of output>
Test time =   0.08 sec
----------------------------------------------------------
Test Passed.
"VectorTest.AssignExceptionSafety" end time: Jan 14 18:13 中国标准时间
"VectorTest.AssignExceptionSafety" time elapsed: 00:00:00
----------------------------------------------------------

75/76 Testing: VectorTest.IteratorInvalidation
75/76 Test: VectorTest.IteratorInvalidation
Command: "C:/Users/IMikoto/Documents/vscode_files/c++/MYSTL/build/bin/mystl_test.exe" "--gtest_filter=VectorTest.IteratorInvalidation" "--gtest_also_run_disabled_tests"
Directory: C:/Users/IMikoto/Documents/vscode_files/c++/MYSTL/build/test
"VectorTest.IteratorInvalidation" start time: Jan 14 18:13 中国标准时间
Output:
----------------------------------------------------------
Running main() from C:\Users\IMikoto\Documents\vscode_files\c++\googletest\googletest\src\gtest_main.cc
Note: Google Test filter = VectorTest.IteratorInvalidation
[==========] Running 1 test from 1 test suite.
[----------] Global test environment set-up.
[----------] 1 test from VectorTest
[ RUN      ] VectorTest.IteratorInvalidation
[       OK ] VectorTest.IteratorInvalidation (0 ms)
[----------] 1 test from VectorTest (0 ms total)

[----------] Global test environment tear-down
[==========] 1 test from 1 test suite ran. (0 ms total)
[  PASSED  ] 1 test.
<end of output>
Test time =   0.08 sec
----------------------------------------------------------
Test Passed.
"VectorTest.IteratorInvalidation" end time: Jan 14 18:13 中国标准时间
"VectorTest.IteratorInvalidation" time elapsed: 00:00:00
----------------------------------------------------------

76/76 Testing: VectorTest.Alignment
76/76 Test: VectorTest.Alignment
Command: "C:/Users/IMikoto/Documents/vscode_files/c++/MYSTL/build/bin/mystl_test.exe" "--gtest_filter=VectorTest.Alignment" "--gtest_also_run_disabled_tests"
Directory: C:/Users/IMikoto/Documents/vscode_files/c++/MYSTL/build/test
"VectorTest.Alignment" start time: Jan 14 18:13 中国标准时间
Output:
----------------------------------------------------------
Running main() from C:\Users\IMikoto\Documents\vscode_files\c++\googletest\googletest\src\gtest_main.cc
Note: Google Test filter = VectorTest.Alignment
[==========] Running 1 test from 1 test suite.
[----------] Global test environment set-up.
[----------] 1 test from VectorTest
[ RUN      ] VectorTest.Alignment
[       OK ] VectorTest.Alignment (0 ms)
[----------] 1 test from VectorTest (0 ms total)

[----------] Global test environment tear-down
[==========] 1 test from 1 test suite ran. (0 ms total)
[  PASSED  ] 1 test.
<end of output>
Test time =   0.08 sec
----------------------------------------------------------
Test Passed.
"VectorTest.Alignment" end time: Jan 14 18:13 中国标准时间
"VectorTest.Alignment" time elapsed: 00:00:00
----------------------------------------------------------

End testing: Jan 14 18:13 中国标准时间
