Start testing: Jan 17 21:54 中国标准时间
----------------------------------------------------------
1/84 Testing: DequeTest.Constructor
1/84 Test: DequeTest.Constructor
Command: "C:/Users/IMikoto/Documents/vscode_files/c++/MYSTL/build/bin/mystl_test.exe" "--gtest_filter=DequeTest.Constructor" "--gtest_also_run_disabled_tests"
Directory: C:/Users/IMikoto/Documents/vscode_files/c++/MYSTL/build/test
"DequeTest.Constructor" start time: Jan 17 21:54 中国标准时间
Output:
----------------------------------------------------------
Running main() from C:\Users\IMikoto\Documents\vscode_files\c++\googletest\googletest\src\gtest_main.cc
Note: Google Test filter = DequeTest.Constructor
[==========] Running 1 test from 1 test suite.
[----------] Global test environment set-up.
[----------] 1 test from DequeTest
[ RUN      ] DequeTest.Constructor
[       OK ] DequeTest.Constructor (0 ms)
[----------] 1 test from DequeTest (0 ms total)

[----------] Global test environment tear-down
[==========] 1 test from 1 test suite ran. (0 ms total)
[  PASSED  ] 1 test.
<end of output>
Test time =   0.08 sec
----------------------------------------------------------
Test Passed.
"DequeTest.Constructor" end time: Jan 17 21:54 中国标准时间
"DequeTest.Constructor" time elapsed: 00:00:00
----------------------------------------------------------

2/84 Testing: DequeTest.Assignment
2/84 Test: DequeTest.Assignment
Command: "C:/Users/IMikoto/Documents/vscode_files/c++/MYSTL/build/bin/mystl_test.exe" "--gtest_filter=DequeTest.Assignment" "--gtest_also_run_disabled_tests"
Directory: C:/Users/IMikoto/Documents/vscode_files/c++/MYSTL/build/test
"DequeTest.Assignment" start time: Jan 17 21:54 中国标准时间
Output:
----------------------------------------------------------
Running main() from C:\Users\IMikoto\Documents\vscode_files\c++\googletest\googletest\src\gtest_main.cc
Note: Google Test filter = DequeTest.Assignment
[==========] Running 1 test from 1 test suite.
[----------] Global test environment set-up.
[----------] 1 test from DequeTest
[ RUN      ] DequeTest.Assignment
[       OK ] DequeTest.Assignment (0 ms)
[----------] 1 test from DequeTest (0 ms total)

[----------] Global test environment tear-down
[==========] 1 test from 1 test suite ran. (0 ms total)
[  PASSED  ] 1 test.
<end of output>
Test time =   0.11 sec
----------------------------------------------------------
Test Passed.
"DequeTest.Assignment" end time: Jan 17 21:54 中国标准时间
"DequeTest.Assignment" time elapsed: 00:00:00
----------------------------------------------------------

3/84 Testing: DequeTest.ElementAccess
3/84 Test: DequeTest.ElementAccess
Command: "C:/Users/IMikoto/Documents/vscode_files/c++/MYSTL/build/bin/mystl_test.exe" "--gtest_filter=DequeTest.ElementAccess" "--gtest_also_run_disabled_tests"
Directory: C:/Users/IMikoto/Documents/vscode_files/c++/MYSTL/build/test
"DequeTest.ElementAccess" start time: Jan 17 21:54 中国标准时间
Output:
----------------------------------------------------------
Running main() from C:\Users\IMikoto\Documents\vscode_files\c++\googletest\googletest\src\gtest_main.cc
Note: Google Test filter = DequeTest.ElementAccess
[==========] Running 1 test from 1 test suite.
[----------] Global test environment set-up.
[----------] 1 test from DequeTest
[ RUN      ] DequeTest.ElementAccess
[       OK ] DequeTest.ElementAccess (0 ms)
[----------] 1 test from DequeTest (0 ms total)

[----------] Global test environment tear-down
[==========] 1 test from 1 test suite ran. (0 ms total)
[  PASSED  ] 1 test.
<end of output>
Test time =   0.11 sec
----------------------------------------------------------
Test Passed.
"DequeTest.ElementAccess" end time: Jan 17 21:54 中国标准时间
"DequeTest.ElementAccess" time elapsed: 00:00:00
----------------------------------------------------------

4/84 Testing: DequeTest.Iterators
4/84 Test: DequeTest.Iterators
Command: "C:/Users/IMikoto/Documents/vscode_files/c++/MYSTL/build/bin/mystl_test.exe" "--gtest_filter=DequeTest.Iterators" "--gtest_also_run_disabled_tests"
Directory: C:/Users/IMikoto/Documents/vscode_files/c++/MYSTL/build/test
"DequeTest.Iterators" start time: Jan 17 21:54 中国标准时间
Output:
----------------------------------------------------------
Running main() from C:\Users\IMikoto\Documents\vscode_files\c++\googletest\googletest\src\gtest_main.cc
Note: Google Test filter = DequeTest.Iterators
[==========] Running 1 test from 1 test suite.
[----------] Global test environment set-up.
[----------] 1 test from DequeTest
[ RUN      ] DequeTest.Iterators
[       OK ] DequeTest.Iterators (0 ms)
[----------] 1 test from DequeTest (0 ms total)

[----------] Global test environment tear-down
[==========] 1 test from 1 test suite ran. (0 ms total)
[  PASSED  ] 1 test.
<end of output>
Test time =   0.08 sec
----------------------------------------------------------
Test Passed.
"DequeTest.Iterators" end time: Jan 17 21:54 中国标准时间
"DequeTest.Iterators" time elapsed: 00:00:00
----------------------------------------------------------

5/84 Testing: DequeTest.Capacity
5/84 Test: DequeTest.Capacity
Command: "C:/Users/IMikoto/Documents/vscode_files/c++/MYSTL/build/bin/mystl_test.exe" "--gtest_filter=DequeTest.Capacity" "--gtest_also_run_disabled_tests"
Directory: C:/Users/IMikoto/Documents/vscode_files/c++/MYSTL/build/test
"DequeTest.Capacity" start time: Jan 17 21:54 中国标准时间
Output:
----------------------------------------------------------
Running main() from C:\Users\IMikoto\Documents\vscode_files\c++\googletest\googletest\src\gtest_main.cc
Note: Google Test filter = DequeTest.Capacity
[==========] Running 1 test from 1 test suite.
[----------] Global test environment set-up.
[----------] 1 test from DequeTest
[ RUN      ] DequeTest.Capacity
[       OK ] DequeTest.Capacity (0 ms)
[----------] 1 test from DequeTest (0 ms total)

[----------] Global test environment tear-down
[==========] 1 test from 1 test suite ran. (0 ms total)
[  PASSED  ] 1 test.
<end of output>
Test time =   0.09 sec
----------------------------------------------------------
Test Passed.
"DequeTest.Capacity" end time: Jan 17 21:54 中国标准时间
"DequeTest.Capacity" time elapsed: 00:00:00
----------------------------------------------------------

6/84 Testing: DequeTest.Modifiers
6/84 Test: DequeTest.Modifiers
Command: "C:/Users/IMikoto/Documents/vscode_files/c++/MYSTL/build/bin/mystl_test.exe" "--gtest_filter=DequeTest.Modifiers" "--gtest_also_run_disabled_tests"
Directory: C:/Users/IMikoto/Documents/vscode_files/c++/MYSTL/build/test
"DequeTest.Modifiers" start time: Jan 17 21:54 中国标准时间
Output:
----------------------------------------------------------
Running main() from C:\Users\IMikoto\Documents\vscode_files\c++\googletest\googletest\src\gtest_main.cc
Note: Google Test filter = DequeTest.Modifiers
[==========] Running 1 test from 1 test suite.
[----------] Global test environment set-up.
[----------] 1 test from DequeTest
[ RUN      ] DequeTest.Modifiers
[       OK ] DequeTest.Modifiers (0 ms)
[----------] 1 test from DequeTest (0 ms total)

[----------] Global test environment tear-down
[==========] 1 test from 1 test suite ran. (0 ms total)
[  PASSED  ] 1 test.
<end of output>
Test time =   0.08 sec
----------------------------------------------------------
Test Passed.
"DequeTest.Modifiers" end time: Jan 17 21:54 中国标准时间
"DequeTest.Modifiers" time elapsed: 00:00:00
----------------------------------------------------------

7/84 Testing: DequeTest.Comparison
7/84 Test: DequeTest.Comparison
Command: "C:/Users/IMikoto/Documents/vscode_files/c++/MYSTL/build/bin/mystl_test.exe" "--gtest_filter=DequeTest.Comparison" "--gtest_also_run_disabled_tests"
Directory: C:/Users/IMikoto/Documents/vscode_files/c++/MYSTL/build/test
"DequeTest.Comparison" start time: Jan 17 21:54 中国标准时间
Output:
----------------------------------------------------------
Running main() from C:\Users\IMikoto\Documents\vscode_files\c++\googletest\googletest\src\gtest_main.cc
Note: Google Test filter = DequeTest.Comparison
[==========] Running 1 test from 1 test suite.
[----------] Global test environment set-up.
[----------] 1 test from DequeTest
[ RUN      ] DequeTest.Comparison
[       OK ] DequeTest.Comparison (0 ms)
[----------] 1 test from DequeTest (0 ms total)

[----------] Global test environment tear-down
[==========] 1 test from 1 test suite ran. (0 ms total)
[  PASSED  ] 1 test.
<end of output>
Test time =   0.08 sec
----------------------------------------------------------
Test Passed.
"DequeTest.Comparison" end time: Jan 17 21:54 中国标准时间
"DequeTest.Comparison" time elapsed: 00:00:00
----------------------------------------------------------

8/84 Testing: ListTest.Constructor
8/84 Test: ListTest.Constructor
Command: "C:/Users/IMikoto/Documents/vscode_files/c++/MYSTL/build/bin/mystl_test.exe" "--gtest_filter=ListTest.Constructor" "--gtest_also_run_disabled_tests"
Directory: C:/Users/IMikoto/Documents/vscode_files/c++/MYSTL/build/test
"ListTest.Constructor" start time: Jan 17 21:54 中国标准时间
Output:
----------------------------------------------------------
Running main() from C:\Users\IMikoto\Documents\vscode_files\c++\googletest\googletest\src\gtest_main.cc
Note: Google Test filter = ListTest.Constructor
[==========] Running 1 test from 1 test suite.
[----------] Global test environment set-up.
[----------] 1 test from ListTest
[ RUN      ] ListTest.Constructor
[       OK ] ListTest.Constructor (0 ms)
[----------] 1 test from ListTest (0 ms total)

[----------] Global test environment tear-down
[==========] 1 test from 1 test suite ran. (0 ms total)
[  PASSED  ] 1 test.
<end of output>
Test time =   0.08 sec
----------------------------------------------------------
Test Passed.
"ListTest.Constructor" end time: Jan 17 21:54 中国标准时间
"ListTest.Constructor" time elapsed: 00:00:00
----------------------------------------------------------

9/84 Testing: ListTest.Assignment
9/84 Test: ListTest.Assignment
Command: "C:/Users/IMikoto/Documents/vscode_files/c++/MYSTL/build/bin/mystl_test.exe" "--gtest_filter=ListTest.Assignment" "--gtest_also_run_disabled_tests"
Directory: C:/Users/IMikoto/Documents/vscode_files/c++/MYSTL/build/test
"ListTest.Assignment" start time: Jan 17 21:54 中国标准时间
Output:
----------------------------------------------------------
Running main() from C:\Users\IMikoto\Documents\vscode_files\c++\googletest\googletest\src\gtest_main.cc
Note: Google Test filter = ListTest.Assignment
[==========] Running 1 test from 1 test suite.
[----------] Global test environment set-up.
[----------] 1 test from ListTest
[ RUN      ] ListTest.Assignment
[       OK ] ListTest.Assignment (0 ms)
[----------] 1 test from ListTest (0 ms total)

[----------] Global test environment tear-down
[==========] 1 test from 1 test suite ran. (0 ms total)
[  PASSED  ] 1 test.
<end of output>
Test time =   0.08 sec
----------------------------------------------------------
Test Passed.
"ListTest.Assignment" end time: Jan 17 21:54 中国标准时间
"ListTest.Assignment" time elapsed: 00:00:00
----------------------------------------------------------

10/84 Testing: ListTest.ElementAccess
10/84 Test: ListTest.ElementAccess
Command: "C:/Users/IMikoto/Documents/vscode_files/c++/MYSTL/build/bin/mystl_test.exe" "--gtest_filter=ListTest.ElementAccess" "--gtest_also_run_disabled_tests"
Directory: C:/Users/IMikoto/Documents/vscode_files/c++/MYSTL/build/test
"ListTest.ElementAccess" start time: Jan 17 21:54 中国标准时间
Output:
----------------------------------------------------------
Running main() from C:\Users\IMikoto\Documents\vscode_files\c++\googletest\googletest\src\gtest_main.cc
Note: Google Test filter = ListTest.ElementAccess
[==========] Running 1 test from 1 test suite.
[----------] Global test environment set-up.
[----------] 1 test from ListTest
[ RUN      ] ListTest.ElementAccess
[       OK ] ListTest.ElementAccess (0 ms)
[----------] 1 test from ListTest (0 ms total)

[----------] Global test environment tear-down
[==========] 1 test from 1 test suite ran. (0 ms total)
[  PASSED  ] 1 test.
<end of output>
Test time =   0.08 sec
----------------------------------------------------------
Test Passed.
"ListTest.ElementAccess" end time: Jan 17 21:54 中国标准时间
"ListTest.ElementAccess" time elapsed: 00:00:00
----------------------------------------------------------

11/84 Testing: ListTest.Iterator
11/84 Test: ListTest.Iterator
Command: "C:/Users/IMikoto/Documents/vscode_files/c++/MYSTL/build/bin/mystl_test.exe" "--gtest_filter=ListTest.Iterator" "--gtest_also_run_disabled_tests"
Directory: C:/Users/IMikoto/Documents/vscode_files/c++/MYSTL/build/test
"ListTest.Iterator" start time: Jan 17 21:54 中国标准时间
Output:
----------------------------------------------------------
Running main() from C:\Users\IMikoto\Documents\vscode_files\c++\googletest\googletest\src\gtest_main.cc
Note: Google Test filter = ListTest.Iterator
[==========] Running 1 test from 1 test suite.
[----------] Global test environment set-up.
[----------] 1 test from ListTest
[ RUN      ] ListTest.Iterator
[       OK ] ListTest.Iterator (0 ms)
[----------] 1 test from ListTest (0 ms total)

[----------] Global test environment tear-down
[==========] 1 test from 1 test suite ran. (0 ms total)
[  PASSED  ] 1 test.
<end of output>
Test time =   0.09 sec
----------------------------------------------------------
Test Passed.
"ListTest.Iterator" end time: Jan 17 21:54 中国标准时间
"ListTest.Iterator" time elapsed: 00:00:00
----------------------------------------------------------

12/84 Testing: ListTest.Modifiers
12/84 Test: ListTest.Modifiers
Command: "C:/Users/IMikoto/Documents/vscode_files/c++/MYSTL/build/bin/mystl_test.exe" "--gtest_filter=ListTest.Modifiers" "--gtest_also_run_disabled_tests"
Directory: C:/Users/IMikoto/Documents/vscode_files/c++/MYSTL/build/test
"ListTest.Modifiers" start time: Jan 17 21:54 中国标准时间
Output:
----------------------------------------------------------
Running main() from C:\Users\IMikoto\Documents\vscode_files\c++\googletest\googletest\src\gtest_main.cc
Note: Google Test filter = ListTest.Modifiers
[==========] Running 1 test from 1 test suite.
[----------] Global test environment set-up.
[----------] 1 test from ListTest
[ RUN      ] ListTest.Modifiers
[       OK ] ListTest.Modifiers (0 ms)
[----------] 1 test from ListTest (0 ms total)

[----------] Global test environment tear-down
[==========] 1 test from 1 test suite ran. (0 ms total)
[  PASSED  ] 1 test.
<end of output>
Test time =   0.08 sec
----------------------------------------------------------
Test Passed.
"ListTest.Modifiers" end time: Jan 17 21:54 中国标准时间
"ListTest.Modifiers" time elapsed: 00:00:00
----------------------------------------------------------

13/84 Testing: ListTest.Operations
13/84 Test: ListTest.Operations
Command: "C:/Users/IMikoto/Documents/vscode_files/c++/MYSTL/build/bin/mystl_test.exe" "--gtest_filter=ListTest.Operations" "--gtest_also_run_disabled_tests"
Directory: C:/Users/IMikoto/Documents/vscode_files/c++/MYSTL/build/test
"ListTest.Operations" start time: Jan 17 21:54 中国标准时间
Output:
----------------------------------------------------------
Running main() from C:\Users\IMikoto\Documents\vscode_files\c++\googletest\googletest\src\gtest_main.cc
Note: Google Test filter = ListTest.Operations
[==========] Running 1 test from 1 test suite.
[----------] Global test environment set-up.
[----------] 1 test from ListTest
[ RUN      ] ListTest.Operations
[       OK ] ListTest.Operations (0 ms)
[----------] 1 test from ListTest (0 ms total)

[----------] Global test environment tear-down
[==========] 1 test from 1 test suite ran. (0 ms total)
[  PASSED  ] 1 test.
<end of output>
Test time =   0.08 sec
----------------------------------------------------------
Test Passed.
"ListTest.Operations" end time: Jan 17 21:54 中国标准时间
"ListTest.Operations" time elapsed: 00:00:00
----------------------------------------------------------

14/84 Testing: ListTest.ExceptionSafety
14/84 Test: ListTest.ExceptionSafety
Command: "C:/Users/IMikoto/Documents/vscode_files/c++/MYSTL/build/bin/mystl_test.exe" "--gtest_filter=ListTest.ExceptionSafety" "--gtest_also_run_disabled_tests"
Directory: C:/Users/IMikoto/Documents/vscode_files/c++/MYSTL/build/test
"ListTest.ExceptionSafety" start time: Jan 17 21:54 中国标准时间
Output:
----------------------------------------------------------
Running main() from C:\Users\IMikoto\Documents\vscode_files\c++\googletest\googletest\src\gtest_main.cc
Note: Google Test filter = ListTest.ExceptionSafety
[==========] Running 1 test from 1 test suite.
[----------] Global test environment set-up.
[----------] 1 test from ListTest
[ RUN      ] ListTest.ExceptionSafety
<end of output>
Test time =   0.09 sec
----------------------------------------------------------
Test Failed.
"ListTest.ExceptionSafety" end time: Jan 17 21:54 中国标准时间
"ListTest.ExceptionSafety" time elapsed: 00:00:00
----------------------------------------------------------

15/84 Testing: ListTest.EdgeCases
15/84 Test: ListTest.EdgeCases
Command: "C:/Users/IMikoto/Documents/vscode_files/c++/MYSTL/build/bin/mystl_test.exe" "--gtest_filter=ListTest.EdgeCases" "--gtest_also_run_disabled_tests"
Directory: C:/Users/IMikoto/Documents/vscode_files/c++/MYSTL/build/test
"ListTest.EdgeCases" start time: Jan 17 21:54 中国标准时间
Output:
----------------------------------------------------------
Running main() from C:\Users\IMikoto\Documents\vscode_files\c++\googletest\googletest\src\gtest_main.cc
Note: Google Test filter = ListTest.EdgeCases
[==========] Running 1 test from 1 test suite.
[----------] Global test environment set-up.
[----------] 1 test from ListTest
[ RUN      ] ListTest.EdgeCases
[       OK ] ListTest.EdgeCases (0 ms)
[----------] 1 test from ListTest (0 ms total)

[----------] Global test environment tear-down
[==========] 1 test from 1 test suite ran. (0 ms total)
[  PASSED  ] 1 test.
<end of output>
Test time =   0.10 sec
----------------------------------------------------------
Test Passed.
"ListTest.EdgeCases" end time: Jan 17 21:54 中国标准时间
"ListTest.EdgeCases" time elapsed: 00:00:00
----------------------------------------------------------

16/84 Testing: AlgorithmBaseTest.PredicateCheck
16/84 Test: AlgorithmBaseTest.PredicateCheck
Command: "C:/Users/IMikoto/Documents/vscode_files/c++/MYSTL/build/bin/mystl_test.exe" "--gtest_filter=AlgorithmBaseTest.PredicateCheck" "--gtest_also_run_disabled_tests"
Directory: C:/Users/IMikoto/Documents/vscode_files/c++/MYSTL/build/test
"AlgorithmBaseTest.PredicateCheck" start time: Jan 17 21:54 中国标准时间
Output:
----------------------------------------------------------
Running main() from C:\Users\IMikoto\Documents\vscode_files\c++\googletest\googletest\src\gtest_main.cc
Note: Google Test filter = AlgorithmBaseTest.PredicateCheck
[==========] Running 1 test from 1 test suite.
[----------] Global test environment set-up.
[----------] 1 test from AlgorithmBaseTest
[ RUN      ] AlgorithmBaseTest.PredicateCheck
[       OK ] AlgorithmBaseTest.PredicateCheck (0 ms)
[----------] 1 test from AlgorithmBaseTest (0 ms total)

[----------] Global test environment tear-down
[==========] 1 test from 1 test suite ran. (0 ms total)
[  PASSED  ] 1 test.
<end of output>
Test time =   0.09 sec
----------------------------------------------------------
Test Passed.
"AlgorithmBaseTest.PredicateCheck" end time: Jan 17 21:54 中国标准时间
"AlgorithmBaseTest.PredicateCheck" time elapsed: 00:00:00
----------------------------------------------------------

17/84 Testing: AlgorithmBaseTest.CompareOperations
17/84 Test: AlgorithmBaseTest.CompareOperations
Command: "C:/Users/IMikoto/Documents/vscode_files/c++/MYSTL/build/bin/mystl_test.exe" "--gtest_filter=AlgorithmBaseTest.CompareOperations" "--gtest_also_run_disabled_tests"
Directory: C:/Users/IMikoto/Documents/vscode_files/c++/MYSTL/build/test
"AlgorithmBaseTest.CompareOperations" start time: Jan 17 21:54 中国标准时间
Output:
----------------------------------------------------------
Running main() from C:\Users\IMikoto\Documents\vscode_files\c++\googletest\googletest\src\gtest_main.cc
Note: Google Test filter = AlgorithmBaseTest.CompareOperations
[==========] Running 1 test from 1 test suite.
[----------] Global test environment set-up.
[----------] 1 test from AlgorithmBaseTest
[ RUN      ] AlgorithmBaseTest.CompareOperations
[       OK ] AlgorithmBaseTest.CompareOperations (0 ms)
[----------] 1 test from AlgorithmBaseTest (0 ms total)

[----------] Global test environment tear-down
[==========] 1 test from 1 test suite ran. (0 ms total)
[  PASSED  ] 1 test.
<end of output>
Test time =   0.09 sec
----------------------------------------------------------
Test Passed.
"AlgorithmBaseTest.CompareOperations" end time: Jan 17 21:54 中国标准时间
"AlgorithmBaseTest.CompareOperations" time elapsed: 00:00:00
----------------------------------------------------------

18/84 Testing: AlgorithmBaseTest.CopyAndMove
18/84 Test: AlgorithmBaseTest.CopyAndMove
Command: "C:/Users/IMikoto/Documents/vscode_files/c++/MYSTL/build/bin/mystl_test.exe" "--gtest_filter=AlgorithmBaseTest.CopyAndMove" "--gtest_also_run_disabled_tests"
Directory: C:/Users/IMikoto/Documents/vscode_files/c++/MYSTL/build/test
"AlgorithmBaseTest.CopyAndMove" start time: Jan 17 21:54 中国标准时间
Output:
----------------------------------------------------------
Running main() from C:\Users\IMikoto\Documents\vscode_files\c++\googletest\googletest\src\gtest_main.cc
Note: Google Test filter = AlgorithmBaseTest.CopyAndMove
[==========] Running 1 test from 1 test suite.
[----------] Global test environment set-up.
[----------] 1 test from AlgorithmBaseTest
[ RUN      ] AlgorithmBaseTest.CopyAndMove
[       OK ] AlgorithmBaseTest.CopyAndMove (0 ms)
[----------] 1 test from AlgorithmBaseTest (0 ms total)

[----------] Global test environment tear-down
[==========] 1 test from 1 test suite ran. (0 ms total)
[  PASSED  ] 1 test.
<end of output>
Test time =   0.08 sec
----------------------------------------------------------
Test Passed.
"AlgorithmBaseTest.CopyAndMove" end time: Jan 17 21:54 中国标准时间
"AlgorithmBaseTest.CopyAndMove" time elapsed: 00:00:00
----------------------------------------------------------

19/84 Testing: AlgorithmBaseTest.Fill
19/84 Test: AlgorithmBaseTest.Fill
Command: "C:/Users/IMikoto/Documents/vscode_files/c++/MYSTL/build/bin/mystl_test.exe" "--gtest_filter=AlgorithmBaseTest.Fill" "--gtest_also_run_disabled_tests"
Directory: C:/Users/IMikoto/Documents/vscode_files/c++/MYSTL/build/test
"AlgorithmBaseTest.Fill" start time: Jan 17 21:54 中国标准时间
Output:
----------------------------------------------------------
Running main() from C:\Users\IMikoto\Documents\vscode_files\c++\googletest\googletest\src\gtest_main.cc
Note: Google Test filter = AlgorithmBaseTest.Fill
[==========] Running 1 test from 1 test suite.
[----------] Global test environment set-up.
[----------] 1 test from AlgorithmBaseTest
[ RUN      ] AlgorithmBaseTest.Fill
[       OK ] AlgorithmBaseTest.Fill (0 ms)
[----------] 1 test from AlgorithmBaseTest (0 ms total)

[----------] Global test environment tear-down
[==========] 1 test from 1 test suite ran. (0 ms total)
[  PASSED  ] 1 test.
<end of output>
Test time =   0.10 sec
----------------------------------------------------------
Test Passed.
"AlgorithmBaseTest.Fill" end time: Jan 17 21:54 中国标准时间
"AlgorithmBaseTest.Fill" time elapsed: 00:00:00
----------------------------------------------------------

20/84 Testing: AlgorithmBaseTest.Miscellaneous
20/84 Test: AlgorithmBaseTest.Miscellaneous
Command: "C:/Users/IMikoto/Documents/vscode_files/c++/MYSTL/build/bin/mystl_test.exe" "--gtest_filter=AlgorithmBaseTest.Miscellaneous" "--gtest_also_run_disabled_tests"
Directory: C:/Users/IMikoto/Documents/vscode_files/c++/MYSTL/build/test
"AlgorithmBaseTest.Miscellaneous" start time: Jan 17 21:54 中国标准时间
Output:
----------------------------------------------------------
Running main() from C:\Users\IMikoto\Documents\vscode_files\c++\googletest\googletest\src\gtest_main.cc
Note: Google Test filter = AlgorithmBaseTest.Miscellaneous
[==========] Running 1 test from 1 test suite.
[----------] Global test environment set-up.
[----------] 1 test from AlgorithmBaseTest
[ RUN      ] AlgorithmBaseTest.Miscellaneous
[       OK ] AlgorithmBaseTest.Miscellaneous (0 ms)
[----------] 1 test from AlgorithmBaseTest (0 ms total)

[----------] Global test environment tear-down
[==========] 1 test from 1 test suite ran. (0 ms total)
[  PASSED  ] 1 test.
<end of output>
Test time =   0.12 sec
----------------------------------------------------------
Test Passed.
"AlgorithmBaseTest.Miscellaneous" end time: Jan 17 21:54 中国标准时间
"AlgorithmBaseTest.Miscellaneous" time elapsed: 00:00:00
----------------------------------------------------------

21/84 Testing: AllocatorTest.BasicTypes
21/84 Test: AllocatorTest.BasicTypes
Command: "C:/Users/IMikoto/Documents/vscode_files/c++/MYSTL/build/bin/mystl_test.exe" "--gtest_filter=AllocatorTest.BasicTypes" "--gtest_also_run_disabled_tests"
Directory: C:/Users/IMikoto/Documents/vscode_files/c++/MYSTL/build/test
"AllocatorTest.BasicTypes" start time: Jan 17 21:54 中国标准时间
Output:
----------------------------------------------------------
Running main() from C:\Users\IMikoto\Documents\vscode_files\c++\googletest\googletest\src\gtest_main.cc
Note: Google Test filter = AllocatorTest.BasicTypes
[==========] Running 1 test from 1 test suite.
[----------] Global test environment set-up.
[----------] 1 test from AllocatorTest
[ RUN      ] AllocatorTest.BasicTypes
[       OK ] AllocatorTest.BasicTypes (0 ms)
[----------] 1 test from AllocatorTest (0 ms total)

[----------] Global test environment tear-down
[==========] 1 test from 1 test suite ran. (0 ms total)
[  PASSED  ] 1 test.
<end of output>
Test time =   0.09 sec
----------------------------------------------------------
Test Passed.
"AllocatorTest.BasicTypes" end time: Jan 17 21:54 中国标准时间
"AllocatorTest.BasicTypes" time elapsed: 00:00:00
----------------------------------------------------------

22/84 Testing: AllocatorTest.CustomTypes
22/84 Test: AllocatorTest.CustomTypes
Command: "C:/Users/IMikoto/Documents/vscode_files/c++/MYSTL/build/bin/mystl_test.exe" "--gtest_filter=AllocatorTest.CustomTypes" "--gtest_also_run_disabled_tests"
Directory: C:/Users/IMikoto/Documents/vscode_files/c++/MYSTL/build/test
"AllocatorTest.CustomTypes" start time: Jan 17 21:54 中国标准时间
Output:
----------------------------------------------------------
Running main() from C:\Users\IMikoto\Documents\vscode_files\c++\googletest\googletest\src\gtest_main.cc
Note: Google Test filter = AllocatorTest.CustomTypes
[==========] Running 1 test from 1 test suite.
[----------] Global test environment set-up.
[----------] 1 test from AllocatorTest
[ RUN      ] AllocatorTest.CustomTypes
[       OK ] AllocatorTest.CustomTypes (0 ms)
[----------] 1 test from AllocatorTest (0 ms total)

[----------] Global test environment tear-down
[==========] 1 test from 1 test suite ran. (0 ms total)
[  PASSED  ] 1 test.
<end of output>
Test time =   0.08 sec
----------------------------------------------------------
Test Passed.
"AllocatorTest.CustomTypes" end time: Jan 17 21:54 中国标准时间
"AllocatorTest.CustomTypes" time elapsed: 00:00:00
----------------------------------------------------------

23/84 Testing: AllocatorTest.ConstructDestroy
23/84 Test: AllocatorTest.ConstructDestroy
Command: "C:/Users/IMikoto/Documents/vscode_files/c++/MYSTL/build/bin/mystl_test.exe" "--gtest_filter=AllocatorTest.ConstructDestroy" "--gtest_also_run_disabled_tests"
Directory: C:/Users/IMikoto/Documents/vscode_files/c++/MYSTL/build/test
"AllocatorTest.ConstructDestroy" start time: Jan 17 21:54 中国标准时间
Output:
----------------------------------------------------------
Running main() from C:\Users\IMikoto\Documents\vscode_files\c++\googletest\googletest\src\gtest_main.cc
Note: Google Test filter = AllocatorTest.ConstructDestroy
[==========] Running 1 test from 1 test suite.
[----------] Global test environment set-up.
[----------] 1 test from AllocatorTest
[ RUN      ] AllocatorTest.ConstructDestroy
[       OK ] AllocatorTest.ConstructDestroy (0 ms)
[----------] 1 test from AllocatorTest (0 ms total)

[----------] Global test environment tear-down
[==========] 1 test from 1 test suite ran. (0 ms total)
[  PASSED  ] 1 test.
<end of output>
Test time =   0.08 sec
----------------------------------------------------------
Test Passed.
"AllocatorTest.ConstructDestroy" end time: Jan 17 21:54 中国标准时间
"AllocatorTest.ConstructDestroy" time elapsed: 00:00:00
----------------------------------------------------------

24/84 Testing: AllocatorTest.ComplexTypeAllocation
24/84 Test: AllocatorTest.ComplexTypeAllocation
Command: "C:/Users/IMikoto/Documents/vscode_files/c++/MYSTL/build/bin/mystl_test.exe" "--gtest_filter=AllocatorTest.ComplexTypeAllocation" "--gtest_also_run_disabled_tests"
Directory: C:/Users/IMikoto/Documents/vscode_files/c++/MYSTL/build/test
"AllocatorTest.ComplexTypeAllocation" start time: Jan 17 21:54 中国标准时间
Output:
----------------------------------------------------------
Running main() from C:\Users\IMikoto\Documents\vscode_files\c++\googletest\googletest\src\gtest_main.cc
Note: Google Test filter = AllocatorTest.ComplexTypeAllocation
[==========] Running 1 test from 1 test suite.
[----------] Global test environment set-up.
[----------] 1 test from AllocatorTest
[ RUN      ] AllocatorTest.ComplexTypeAllocation
[       OK ] AllocatorTest.ComplexTypeAllocation (0 ms)
[----------] 1 test from AllocatorTest (0 ms total)

[----------] Global test environment tear-down
[==========] 1 test from 1 test suite ran. (0 ms total)
[  PASSED  ] 1 test.
<end of output>
Test time =   0.08 sec
----------------------------------------------------------
Test Passed.
"AllocatorTest.ComplexTypeAllocation" end time: Jan 17 21:54 中国标准时间
"AllocatorTest.ComplexTypeAllocation" time elapsed: 00:00:00
----------------------------------------------------------

25/84 Testing: AllocatorTest.ExceptionCases
25/84 Test: AllocatorTest.ExceptionCases
Command: "C:/Users/IMikoto/Documents/vscode_files/c++/MYSTL/build/bin/mystl_test.exe" "--gtest_filter=AllocatorTest.ExceptionCases" "--gtest_also_run_disabled_tests"
Directory: C:/Users/IMikoto/Documents/vscode_files/c++/MYSTL/build/test
"AllocatorTest.ExceptionCases" start time: Jan 17 21:54 中国标准时间
Output:
----------------------------------------------------------
Running main() from C:\Users\IMikoto\Documents\vscode_files\c++\googletest\googletest\src\gtest_main.cc
Note: Google Test filter = AllocatorTest.ExceptionCases
[==========] Running 1 test from 1 test suite.
[----------] Global test environment set-up.
[----------] 1 test from AllocatorTest
[ RUN      ] AllocatorTest.ExceptionCases
[       OK ] AllocatorTest.ExceptionCases (0 ms)
[----------] 1 test from AllocatorTest (0 ms total)

[----------] Global test environment tear-down
[==========] 1 test from 1 test suite ran. (0 ms total)
[  PASSED  ] 1 test.
<end of output>
Test time =   0.08 sec
----------------------------------------------------------
Test Passed.
"AllocatorTest.ExceptionCases" end time: Jan 17 21:54 中国标准时间
"AllocatorTest.ExceptionCases" time elapsed: 00:00:00
----------------------------------------------------------

26/84 Testing: AllocatorTest.DifferentTypes
26/84 Test: AllocatorTest.DifferentTypes
Command: "C:/Users/IMikoto/Documents/vscode_files/c++/MYSTL/build/bin/mystl_test.exe" "--gtest_filter=AllocatorTest.DifferentTypes" "--gtest_also_run_disabled_tests"
Directory: C:/Users/IMikoto/Documents/vscode_files/c++/MYSTL/build/test
"AllocatorTest.DifferentTypes" start time: Jan 17 21:54 中国标准时间
Output:
----------------------------------------------------------
Running main() from C:\Users\IMikoto\Documents\vscode_files\c++\googletest\googletest\src\gtest_main.cc
Note: Google Test filter = AllocatorTest.DifferentTypes
[==========] Running 1 test from 1 test suite.
[----------] Global test environment set-up.
[----------] 1 test from AllocatorTest
[ RUN      ] AllocatorTest.DifferentTypes
[       OK ] AllocatorTest.DifferentTypes (0 ms)
[----------] 1 test from AllocatorTest (0 ms total)

[----------] Global test environment tear-down
[==========] 1 test from 1 test suite ran. (0 ms total)
[  PASSED  ] 1 test.
<end of output>
Test time =   0.08 sec
----------------------------------------------------------
Test Passed.
"AllocatorTest.DifferentTypes" end time: Jan 17 21:54 中国标准时间
"AllocatorTest.DifferentTypes" time elapsed: 00:00:00
----------------------------------------------------------

27/84 Testing: IteratorTest.IteratorTraits
27/84 Test: IteratorTest.IteratorTraits
Command: "C:/Users/IMikoto/Documents/vscode_files/c++/MYSTL/build/bin/mystl_test.exe" "--gtest_filter=IteratorTest.IteratorTraits" "--gtest_also_run_disabled_tests"
Directory: C:/Users/IMikoto/Documents/vscode_files/c++/MYSTL/build/test
"IteratorTest.IteratorTraits" start time: Jan 17 21:54 中国标准时间
Output:
----------------------------------------------------------
Running main() from C:\Users\IMikoto\Documents\vscode_files\c++\googletest\googletest\src\gtest_main.cc
Note: Google Test filter = IteratorTest.IteratorTraits
[==========] Running 1 test from 1 test suite.
[----------] Global test environment set-up.
[----------] 1 test from IteratorTest
[ RUN      ] IteratorTest.IteratorTraits
[       OK ] IteratorTest.IteratorTraits (0 ms)
[----------] 1 test from IteratorTest (0 ms total)

[----------] Global test environment tear-down
[==========] 1 test from 1 test suite ran. (0 ms total)
[  PASSED  ] 1 test.
<end of output>
Test time =   0.08 sec
----------------------------------------------------------
Test Passed.
"IteratorTest.IteratorTraits" end time: Jan 17 21:54 中国标准时间
"IteratorTest.IteratorTraits" time elapsed: 00:00:00
----------------------------------------------------------

28/84 Testing: IteratorTest.IteratorOperations
28/84 Test: IteratorTest.IteratorOperations
Command: "C:/Users/IMikoto/Documents/vscode_files/c++/MYSTL/build/bin/mystl_test.exe" "--gtest_filter=IteratorTest.IteratorOperations" "--gtest_also_run_disabled_tests"
Directory: C:/Users/IMikoto/Documents/vscode_files/c++/MYSTL/build/test
"IteratorTest.IteratorOperations" start time: Jan 17 21:54 中国标准时间
Output:
----------------------------------------------------------
Running main() from C:\Users\IMikoto\Documents\vscode_files\c++\googletest\googletest\src\gtest_main.cc
Note: Google Test filter = IteratorTest.IteratorOperations
[==========] Running 1 test from 1 test suite.
[----------] Global test environment set-up.
[----------] 1 test from IteratorTest
[ RUN      ] IteratorTest.IteratorOperations
[       OK ] IteratorTest.IteratorOperations (0 ms)
[----------] 1 test from IteratorTest (0 ms total)

[----------] Global test environment tear-down
[==========] 1 test from 1 test suite ran. (0 ms total)
[  PASSED  ] 1 test.
<end of output>
Test time =   0.08 sec
----------------------------------------------------------
Test Passed.
"IteratorTest.IteratorOperations" end time: Jan 17 21:54 中国标准时间
"IteratorTest.IteratorOperations" time elapsed: 00:00:00
----------------------------------------------------------

29/84 Testing: IteratorTest.DifferentIterators
29/84 Test: IteratorTest.DifferentIterators
Command: "C:/Users/IMikoto/Documents/vscode_files/c++/MYSTL/build/bin/mystl_test.exe" "--gtest_filter=IteratorTest.DifferentIterators" "--gtest_also_run_disabled_tests"
Directory: C:/Users/IMikoto/Documents/vscode_files/c++/MYSTL/build/test
"IteratorTest.DifferentIterators" start time: Jan 17 21:54 中国标准时间
Output:
----------------------------------------------------------
Running main() from C:\Users\IMikoto\Documents\vscode_files\c++\googletest\googletest\src\gtest_main.cc
Note: Google Test filter = IteratorTest.DifferentIterators
[==========] Running 1 test from 1 test suite.
[----------] Global test environment set-up.
[----------] 1 test from IteratorTest
[ RUN      ] IteratorTest.DifferentIterators
[       OK ] IteratorTest.DifferentIterators (0 ms)
[----------] 1 test from IteratorTest (0 ms total)

[----------] Global test environment tear-down
[==========] 1 test from 1 test suite ran. (0 ms total)
[  PASSED  ] 1 test.
<end of output>
Test time =   0.08 sec
----------------------------------------------------------
Test Passed.
"IteratorTest.DifferentIterators" end time: Jan 17 21:54 中国标准时间
"IteratorTest.DifferentIterators" time elapsed: 00:00:00
----------------------------------------------------------

30/84 Testing: IteratorTest.IteratorAdapters
30/84 Test: IteratorTest.IteratorAdapters
Command: "C:/Users/IMikoto/Documents/vscode_files/c++/MYSTL/build/bin/mystl_test.exe" "--gtest_filter=IteratorTest.IteratorAdapters" "--gtest_also_run_disabled_tests"
Directory: C:/Users/IMikoto/Documents/vscode_files/c++/MYSTL/build/test
"IteratorTest.IteratorAdapters" start time: Jan 17 21:54 中国标准时间
Output:
----------------------------------------------------------
Running main() from C:\Users\IMikoto\Documents\vscode_files\c++\googletest\googletest\src\gtest_main.cc
Note: Google Test filter = IteratorTest.IteratorAdapters
[==========] Running 1 test from 1 test suite.
[----------] Global test environment set-up.
[----------] 1 test from IteratorTest
[ RUN      ] IteratorTest.IteratorAdapters
[       OK ] IteratorTest.IteratorAdapters (0 ms)
[----------] 1 test from IteratorTest (0 ms total)

[----------] Global test environment tear-down
[==========] 1 test from 1 test suite ran. (0 ms total)
[  PASSED  ] 1 test.
<end of output>
Test time =   0.08 sec
----------------------------------------------------------
Test Passed.
"IteratorTest.IteratorAdapters" end time: Jan 17 21:54 中国标准时间
"IteratorTest.IteratorAdapters" time elapsed: 00:00:00
----------------------------------------------------------

31/84 Testing: IteratorTest.IteratorHelpers
31/84 Test: IteratorTest.IteratorHelpers
Command: "C:/Users/IMikoto/Documents/vscode_files/c++/MYSTL/build/bin/mystl_test.exe" "--gtest_filter=IteratorTest.IteratorHelpers" "--gtest_also_run_disabled_tests"
Directory: C:/Users/IMikoto/Documents/vscode_files/c++/MYSTL/build/test
"IteratorTest.IteratorHelpers" start time: Jan 17 21:54 中国标准时间
Output:
----------------------------------------------------------
Running main() from C:\Users\IMikoto\Documents\vscode_files\c++\googletest\googletest\src\gtest_main.cc
Note: Google Test filter = IteratorTest.IteratorHelpers
[==========] Running 1 test from 1 test suite.
[----------] Global test environment set-up.
[----------] 1 test from IteratorTest
[ RUN      ] IteratorTest.IteratorHelpers
[       OK ] IteratorTest.IteratorHelpers (0 ms)
[----------] 1 test from IteratorTest (0 ms total)

[----------] Global test environment tear-down
[==========] 1 test from 1 test suite ran. (0 ms total)
[  PASSED  ] 1 test.
<end of output>
Test time =   0.08 sec
----------------------------------------------------------
Test Passed.
"IteratorTest.IteratorHelpers" end time: Jan 17 21:54 中国标准时间
"IteratorTest.IteratorHelpers" time elapsed: 00:00:00
----------------------------------------------------------

32/84 Testing: IteratorTest.EdgeCases
32/84 Test: IteratorTest.EdgeCases
Command: "C:/Users/IMikoto/Documents/vscode_files/c++/MYSTL/build/bin/mystl_test.exe" "--gtest_filter=IteratorTest.EdgeCases" "--gtest_also_run_disabled_tests"
Directory: C:/Users/IMikoto/Documents/vscode_files/c++/MYSTL/build/test
"IteratorTest.EdgeCases" start time: Jan 17 21:54 中国标准时间
Output:
----------------------------------------------------------
Running main() from C:\Users\IMikoto\Documents\vscode_files\c++\googletest\googletest\src\gtest_main.cc
Note: Google Test filter = IteratorTest.EdgeCases
[==========] Running 1 test from 1 test suite.
[----------] Global test environment set-up.
[----------] 1 test from IteratorTest
[ RUN      ] IteratorTest.EdgeCases
[       OK ] IteratorTest.EdgeCases (0 ms)
[----------] 1 test from IteratorTest (0 ms total)

[----------] Global test environment tear-down
[==========] 1 test from 1 test suite ran. (0 ms total)
[  PASSED  ] 1 test.
<end of output>
Test time =   0.08 sec
----------------------------------------------------------
Test Passed.
"IteratorTest.EdgeCases" end time: Jan 17 21:54 中国标准时间
"IteratorTest.EdgeCases" time elapsed: 00:00:00
----------------------------------------------------------

33/84 Testing: IteratorTest.CustomTypes
33/84 Test: IteratorTest.CustomTypes
Command: "C:/Users/IMikoto/Documents/vscode_files/c++/MYSTL/build/bin/mystl_test.exe" "--gtest_filter=IteratorTest.CustomTypes" "--gtest_also_run_disabled_tests"
Directory: C:/Users/IMikoto/Documents/vscode_files/c++/MYSTL/build/test
"IteratorTest.CustomTypes" start time: Jan 17 21:54 中国标准时间
Output:
----------------------------------------------------------
Running main() from C:\Users\IMikoto\Documents\vscode_files\c++\googletest\googletest\src\gtest_main.cc
Note: Google Test filter = IteratorTest.CustomTypes
[==========] Running 1 test from 1 test suite.
[----------] Global test environment set-up.
[----------] 1 test from IteratorTest
[ RUN      ] IteratorTest.CustomTypes
[       OK ] IteratorTest.CustomTypes (0 ms)
[----------] 1 test from IteratorTest (0 ms total)

[----------] Global test environment tear-down
[==========] 1 test from 1 test suite ran. (0 ms total)
[  PASSED  ] 1 test.
<end of output>
Test time =   0.08 sec
----------------------------------------------------------
Test Passed.
"IteratorTest.CustomTypes" end time: Jan 17 21:54 中国标准时间
"IteratorTest.CustomTypes" time elapsed: 00:00:00
----------------------------------------------------------

34/84 Testing: AlgorithmTest.Find
34/84 Test: AlgorithmTest.Find
Command: "C:/Users/IMikoto/Documents/vscode_files/c++/MYSTL/build/bin/mystl_test.exe" "--gtest_filter=AlgorithmTest.Find" "--gtest_also_run_disabled_tests"
Directory: C:/Users/IMikoto/Documents/vscode_files/c++/MYSTL/build/test
"AlgorithmTest.Find" start time: Jan 17 21:54 中国标准时间
Output:
----------------------------------------------------------
Running main() from C:\Users\IMikoto\Documents\vscode_files\c++\googletest\googletest\src\gtest_main.cc
Note: Google Test filter = AlgorithmTest.Find
[==========] Running 1 test from 1 test suite.
[----------] Global test environment set-up.
[----------] 1 test from AlgorithmTest
[ RUN      ] AlgorithmTest.Find
[       OK ] AlgorithmTest.Find (0 ms)
[----------] 1 test from AlgorithmTest (0 ms total)

[----------] Global test environment tear-down
[==========] 1 test from 1 test suite ran. (0 ms total)
[  PASSED  ] 1 test.
<end of output>
Test time =   0.08 sec
----------------------------------------------------------
Test Passed.
"AlgorithmTest.Find" end time: Jan 17 21:54 中国标准时间
"AlgorithmTest.Find" time elapsed: 00:00:00
----------------------------------------------------------

35/84 Testing: AlgorithmTest.FindIf
35/84 Test: AlgorithmTest.FindIf
Command: "C:/Users/IMikoto/Documents/vscode_files/c++/MYSTL/build/bin/mystl_test.exe" "--gtest_filter=AlgorithmTest.FindIf" "--gtest_also_run_disabled_tests"
Directory: C:/Users/IMikoto/Documents/vscode_files/c++/MYSTL/build/test
"AlgorithmTest.FindIf" start time: Jan 17 21:54 中国标准时间
Output:
----------------------------------------------------------
Running main() from C:\Users\IMikoto\Documents\vscode_files\c++\googletest\googletest\src\gtest_main.cc
Note: Google Test filter = AlgorithmTest.FindIf
[==========] Running 1 test from 1 test suite.
[----------] Global test environment set-up.
[----------] 1 test from AlgorithmTest
[ RUN      ] AlgorithmTest.FindIf
[       OK ] AlgorithmTest.FindIf (0 ms)
[----------] 1 test from AlgorithmTest (0 ms total)

[----------] Global test environment tear-down
[==========] 1 test from 1 test suite ran. (0 ms total)
[  PASSED  ] 1 test.
<end of output>
Test time =   0.08 sec
----------------------------------------------------------
Test Passed.
"AlgorithmTest.FindIf" end time: Jan 17 21:54 中国标准时间
"AlgorithmTest.FindIf" time elapsed: 00:00:00
----------------------------------------------------------

36/84 Testing: AlgorithmTest.FindIfNot
36/84 Test: AlgorithmTest.FindIfNot
Command: "C:/Users/IMikoto/Documents/vscode_files/c++/MYSTL/build/bin/mystl_test.exe" "--gtest_filter=AlgorithmTest.FindIfNot" "--gtest_also_run_disabled_tests"
Directory: C:/Users/IMikoto/Documents/vscode_files/c++/MYSTL/build/test
"AlgorithmTest.FindIfNot" start time: Jan 17 21:54 中国标准时间
Output:
----------------------------------------------------------
Running main() from C:\Users\IMikoto\Documents\vscode_files\c++\googletest\googletest\src\gtest_main.cc
Note: Google Test filter = AlgorithmTest.FindIfNot
[==========] Running 1 test from 1 test suite.
[----------] Global test environment set-up.
[----------] 1 test from AlgorithmTest
[ RUN      ] AlgorithmTest.FindIfNot
[       OK ] AlgorithmTest.FindIfNot (0 ms)
[----------] 1 test from AlgorithmTest (0 ms total)

[----------] Global test environment tear-down
[==========] 1 test from 1 test suite ran. (0 ms total)
[  PASSED  ] 1 test.
<end of output>
Test time =   0.08 sec
----------------------------------------------------------
Test Passed.
"AlgorithmTest.FindIfNot" end time: Jan 17 21:54 中国标准时间
"AlgorithmTest.FindIfNot" time elapsed: 00:00:00
----------------------------------------------------------

37/84 Testing: AlgorithmTest.FindFirstOf
37/84 Test: AlgorithmTest.FindFirstOf
Command: "C:/Users/IMikoto/Documents/vscode_files/c++/MYSTL/build/bin/mystl_test.exe" "--gtest_filter=AlgorithmTest.FindFirstOf" "--gtest_also_run_disabled_tests"
Directory: C:/Users/IMikoto/Documents/vscode_files/c++/MYSTL/build/test
"AlgorithmTest.FindFirstOf" start time: Jan 17 21:54 中国标准时间
Output:
----------------------------------------------------------
Running main() from C:\Users\IMikoto\Documents\vscode_files\c++\googletest\googletest\src\gtest_main.cc
Note: Google Test filter = AlgorithmTest.FindFirstOf
[==========] Running 1 test from 1 test suite.
[----------] Global test environment set-up.
[----------] 1 test from AlgorithmTest
[ RUN      ] AlgorithmTest.FindFirstOf
[       OK ] AlgorithmTest.FindFirstOf (0 ms)
[----------] 1 test from AlgorithmTest (0 ms total)

[----------] Global test environment tear-down
[==========] 1 test from 1 test suite ran. (0 ms total)
[  PASSED  ] 1 test.
<end of output>
Test time =   0.08 sec
----------------------------------------------------------
Test Passed.
"AlgorithmTest.FindFirstOf" end time: Jan 17 21:54 中国标准时间
"AlgorithmTest.FindFirstOf" time elapsed: 00:00:00
----------------------------------------------------------

38/84 Testing: AlgorithmTest.AdjacentFind
38/84 Test: AlgorithmTest.AdjacentFind
Command: "C:/Users/IMikoto/Documents/vscode_files/c++/MYSTL/build/bin/mystl_test.exe" "--gtest_filter=AlgorithmTest.AdjacentFind" "--gtest_also_run_disabled_tests"
Directory: C:/Users/IMikoto/Documents/vscode_files/c++/MYSTL/build/test
"AlgorithmTest.AdjacentFind" start time: Jan 17 21:54 中国标准时间
Output:
----------------------------------------------------------
Running main() from C:\Users\IMikoto\Documents\vscode_files\c++\googletest\googletest\src\gtest_main.cc
Note: Google Test filter = AlgorithmTest.AdjacentFind
[==========] Running 1 test from 1 test suite.
[----------] Global test environment set-up.
[----------] 1 test from AlgorithmTest
[ RUN      ] AlgorithmTest.AdjacentFind
[       OK ] AlgorithmTest.AdjacentFind (0 ms)
[----------] 1 test from AlgorithmTest (0 ms total)

[----------] Global test environment tear-down
[==========] 1 test from 1 test suite ran. (0 ms total)
[  PASSED  ] 1 test.
<end of output>
Test time =   0.09 sec
----------------------------------------------------------
Test Passed.
"AlgorithmTest.AdjacentFind" end time: Jan 17 21:54 中国标准时间
"AlgorithmTest.AdjacentFind" time elapsed: 00:00:00
----------------------------------------------------------

39/84 Testing: AlgorithmTest.EmptyContainer
39/84 Test: AlgorithmTest.EmptyContainer
Command: "C:/Users/IMikoto/Documents/vscode_files/c++/MYSTL/build/bin/mystl_test.exe" "--gtest_filter=AlgorithmTest.EmptyContainer" "--gtest_also_run_disabled_tests"
Directory: C:/Users/IMikoto/Documents/vscode_files/c++/MYSTL/build/test
"AlgorithmTest.EmptyContainer" start time: Jan 17 21:54 中国标准时间
Output:
----------------------------------------------------------
Running main() from C:\Users\IMikoto\Documents\vscode_files\c++\googletest\googletest\src\gtest_main.cc
Note: Google Test filter = AlgorithmTest.EmptyContainer
[==========] Running 1 test from 1 test suite.
[----------] Global test environment set-up.
[----------] 1 test from AlgorithmTest
[ RUN      ] AlgorithmTest.EmptyContainer
[       OK ] AlgorithmTest.EmptyContainer (0 ms)
[----------] 1 test from AlgorithmTest (0 ms total)

[----------] Global test environment tear-down
[==========] 1 test from 1 test suite ran. (0 ms total)
[  PASSED  ] 1 test.
<end of output>
Test time =   0.08 sec
----------------------------------------------------------
Test Passed.
"AlgorithmTest.EmptyContainer" end time: Jan 17 21:54 中国标准时间
"AlgorithmTest.EmptyContainer" time elapsed: 00:00:00
----------------------------------------------------------

40/84 Testing: AlgorithmTest.Count
40/84 Test: AlgorithmTest.Count
Command: "C:/Users/IMikoto/Documents/vscode_files/c++/MYSTL/build/bin/mystl_test.exe" "--gtest_filter=AlgorithmTest.Count" "--gtest_also_run_disabled_tests"
Directory: C:/Users/IMikoto/Documents/vscode_files/c++/MYSTL/build/test
"AlgorithmTest.Count" start time: Jan 17 21:54 中国标准时间
Output:
----------------------------------------------------------
Running main() from C:\Users\IMikoto\Documents\vscode_files\c++\googletest\googletest\src\gtest_main.cc
Note: Google Test filter = AlgorithmTest.Count
[==========] Running 1 test from 1 test suite.
[----------] Global test environment set-up.
[----------] 1 test from AlgorithmTest
[ RUN      ] AlgorithmTest.Count
[       OK ] AlgorithmTest.Count (0 ms)
[----------] 1 test from AlgorithmTest (0 ms total)

[----------] Global test environment tear-down
[==========] 1 test from 1 test suite ran. (0 ms total)
[  PASSED  ] 1 test.
<end of output>
Test time =   0.08 sec
----------------------------------------------------------
Test Passed.
"AlgorithmTest.Count" end time: Jan 17 21:54 中国标准时间
"AlgorithmTest.Count" time elapsed: 00:00:00
----------------------------------------------------------

41/84 Testing: AlgorithmTest.CountIf
41/84 Test: AlgorithmTest.CountIf
Command: "C:/Users/IMikoto/Documents/vscode_files/c++/MYSTL/build/bin/mystl_test.exe" "--gtest_filter=AlgorithmTest.CountIf" "--gtest_also_run_disabled_tests"
Directory: C:/Users/IMikoto/Documents/vscode_files/c++/MYSTL/build/test
"AlgorithmTest.CountIf" start time: Jan 17 21:54 中国标准时间
Output:
----------------------------------------------------------
Running main() from C:\Users\IMikoto\Documents\vscode_files\c++\googletest\googletest\src\gtest_main.cc
Note: Google Test filter = AlgorithmTest.CountIf
[==========] Running 1 test from 1 test suite.
[----------] Global test environment set-up.
[----------] 1 test from AlgorithmTest
[ RUN      ] AlgorithmTest.CountIf
[       OK ] AlgorithmTest.CountIf (0 ms)
[----------] 1 test from AlgorithmTest (0 ms total)

[----------] Global test environment tear-down
[==========] 1 test from 1 test suite ran. (0 ms total)
[  PASSED  ] 1 test.
<end of output>
Test time =   0.09 sec
----------------------------------------------------------
Test Passed.
"AlgorithmTest.CountIf" end time: Jan 17 21:54 中国标准时间
"AlgorithmTest.CountIf" time elapsed: 00:00:00
----------------------------------------------------------

42/84 Testing: AlgorithmTest.Search
42/84 Test: AlgorithmTest.Search
Command: "C:/Users/IMikoto/Documents/vscode_files/c++/MYSTL/build/bin/mystl_test.exe" "--gtest_filter=AlgorithmTest.Search" "--gtest_also_run_disabled_tests"
Directory: C:/Users/IMikoto/Documents/vscode_files/c++/MYSTL/build/test
"AlgorithmTest.Search" start time: Jan 17 21:54 中国标准时间
Output:
----------------------------------------------------------
Running main() from C:\Users\IMikoto\Documents\vscode_files\c++\googletest\googletest\src\gtest_main.cc
Note: Google Test filter = AlgorithmTest.Search
[==========] Running 1 test from 1 test suite.
[----------] Global test environment set-up.
[----------] 1 test from AlgorithmTest
[ RUN      ] AlgorithmTest.Search
[       OK ] AlgorithmTest.Search (0 ms)
[----------] 1 test from AlgorithmTest (0 ms total)

[----------] Global test environment tear-down
[==========] 1 test from 1 test suite ran. (0 ms total)
[  PASSED  ] 1 test.
<end of output>
Test time =   0.08 sec
----------------------------------------------------------
Test Passed.
"AlgorithmTest.Search" end time: Jan 17 21:54 中国标准时间
"AlgorithmTest.Search" time elapsed: 00:00:00
----------------------------------------------------------

43/84 Testing: AlgorithmTest.SearchN
43/84 Test: AlgorithmTest.SearchN
Command: "C:/Users/IMikoto/Documents/vscode_files/c++/MYSTL/build/bin/mystl_test.exe" "--gtest_filter=AlgorithmTest.SearchN" "--gtest_also_run_disabled_tests"
Directory: C:/Users/IMikoto/Documents/vscode_files/c++/MYSTL/build/test
"AlgorithmTest.SearchN" start time: Jan 17 21:54 中国标准时间
Output:
----------------------------------------------------------
Running main() from C:\Users\IMikoto\Documents\vscode_files\c++\googletest\googletest\src\gtest_main.cc
Note: Google Test filter = AlgorithmTest.SearchN
[==========] Running 1 test from 1 test suite.
[----------] Global test environment set-up.
[----------] 1 test from AlgorithmTest
[ RUN      ] AlgorithmTest.SearchN
[       OK ] AlgorithmTest.SearchN (0 ms)
[----------] 1 test from AlgorithmTest (0 ms total)

[----------] Global test environment tear-down
[==========] 1 test from 1 test suite ran. (0 ms total)
[  PASSED  ] 1 test.
<end of output>
Test time =   0.09 sec
----------------------------------------------------------
Test Passed.
"AlgorithmTest.SearchN" end time: Jan 17 21:54 中国标准时间
"AlgorithmTest.SearchN" time elapsed: 00:00:00
----------------------------------------------------------

44/84 Testing: AlgorithmTest.Replace
44/84 Test: AlgorithmTest.Replace
Command: "C:/Users/IMikoto/Documents/vscode_files/c++/MYSTL/build/bin/mystl_test.exe" "--gtest_filter=AlgorithmTest.Replace" "--gtest_also_run_disabled_tests"
Directory: C:/Users/IMikoto/Documents/vscode_files/c++/MYSTL/build/test
"AlgorithmTest.Replace" start time: Jan 17 21:54 中国标准时间
Output:
----------------------------------------------------------
Running main() from C:\Users\IMikoto\Documents\vscode_files\c++\googletest\googletest\src\gtest_main.cc
Note: Google Test filter = AlgorithmTest.Replace
[==========] Running 1 test from 1 test suite.
[----------] Global test environment set-up.
[----------] 1 test from AlgorithmTest
[ RUN      ] AlgorithmTest.Replace
[       OK ] AlgorithmTest.Replace (0 ms)
[----------] 1 test from AlgorithmTest (0 ms total)

[----------] Global test environment tear-down
[==========] 1 test from 1 test suite ran. (0 ms total)
[  PASSED  ] 1 test.
<end of output>
Test time =   0.08 sec
----------------------------------------------------------
Test Passed.
"AlgorithmTest.Replace" end time: Jan 17 21:54 中国标准时间
"AlgorithmTest.Replace" time elapsed: 00:00:00
----------------------------------------------------------

45/84 Testing: AlgorithmTest.ReplaceIf
45/84 Test: AlgorithmTest.ReplaceIf
Command: "C:/Users/IMikoto/Documents/vscode_files/c++/MYSTL/build/bin/mystl_test.exe" "--gtest_filter=AlgorithmTest.ReplaceIf" "--gtest_also_run_disabled_tests"
Directory: C:/Users/IMikoto/Documents/vscode_files/c++/MYSTL/build/test
"AlgorithmTest.ReplaceIf" start time: Jan 17 21:54 中国标准时间
Output:
----------------------------------------------------------
Running main() from C:\Users\IMikoto\Documents\vscode_files\c++\googletest\googletest\src\gtest_main.cc
Note: Google Test filter = AlgorithmTest.ReplaceIf
[==========] Running 1 test from 1 test suite.
[----------] Global test environment set-up.
[----------] 1 test from AlgorithmTest
[ RUN      ] AlgorithmTest.ReplaceIf
[       OK ] AlgorithmTest.ReplaceIf (0 ms)
[----------] 1 test from AlgorithmTest (0 ms total)

[----------] Global test environment tear-down
[==========] 1 test from 1 test suite ran. (0 ms total)
[  PASSED  ] 1 test.
<end of output>
Test time =   0.08 sec
----------------------------------------------------------
Test Passed.
"AlgorithmTest.ReplaceIf" end time: Jan 17 21:54 中国标准时间
"AlgorithmTest.ReplaceIf" time elapsed: 00:00:00
----------------------------------------------------------

46/84 Testing: AlgorithmTest.ReplaceCopy
46/84 Test: AlgorithmTest.ReplaceCopy
Command: "C:/Users/IMikoto/Documents/vscode_files/c++/MYSTL/build/bin/mystl_test.exe" "--gtest_filter=AlgorithmTest.ReplaceCopy" "--gtest_also_run_disabled_tests"
Directory: C:/Users/IMikoto/Documents/vscode_files/c++/MYSTL/build/test
"AlgorithmTest.ReplaceCopy" start time: Jan 17 21:54 中国标准时间
Output:
----------------------------------------------------------
Running main() from C:\Users\IMikoto\Documents\vscode_files\c++\googletest\googletest\src\gtest_main.cc
Note: Google Test filter = AlgorithmTest.ReplaceCopy
[==========] Running 1 test from 1 test suite.
[----------] Global test environment set-up.
[----------] 1 test from AlgorithmTest
[ RUN      ] AlgorithmTest.ReplaceCopy
[       OK ] AlgorithmTest.ReplaceCopy (0 ms)
[----------] 1 test from AlgorithmTest (0 ms total)

[----------] Global test environment tear-down
[==========] 1 test from 1 test suite ran. (0 ms total)
[  PASSED  ] 1 test.
<end of output>
Test time =   0.08 sec
----------------------------------------------------------
Test Passed.
"AlgorithmTest.ReplaceCopy" end time: Jan 17 21:54 中国标准时间
"AlgorithmTest.ReplaceCopy" time elapsed: 00:00:00
----------------------------------------------------------

47/84 Testing: AlgorithmTest.ReplaceCopyIf
47/84 Test: AlgorithmTest.ReplaceCopyIf
Command: "C:/Users/IMikoto/Documents/vscode_files/c++/MYSTL/build/bin/mystl_test.exe" "--gtest_filter=AlgorithmTest.ReplaceCopyIf" "--gtest_also_run_disabled_tests"
Directory: C:/Users/IMikoto/Documents/vscode_files/c++/MYSTL/build/test
"AlgorithmTest.ReplaceCopyIf" start time: Jan 17 21:54 中国标准时间
Output:
----------------------------------------------------------
Running main() from C:\Users\IMikoto\Documents\vscode_files\c++\googletest\googletest\src\gtest_main.cc
Note: Google Test filter = AlgorithmTest.ReplaceCopyIf
[==========] Running 1 test from 1 test suite.
[----------] Global test environment set-up.
[----------] 1 test from AlgorithmTest
[ RUN      ] AlgorithmTest.ReplaceCopyIf
[       OK ] AlgorithmTest.ReplaceCopyIf (0 ms)
[----------] 1 test from AlgorithmTest (0 ms total)

[----------] Global test environment tear-down
[==========] 1 test from 1 test suite ran. (0 ms total)
[  PASSED  ] 1 test.
<end of output>
Test time =   0.09 sec
----------------------------------------------------------
Test Passed.
"AlgorithmTest.ReplaceCopyIf" end time: Jan 17 21:54 中国标准时间
"AlgorithmTest.ReplaceCopyIf" time elapsed: 00:00:00
----------------------------------------------------------

48/84 Testing: AlgorithmTest.Remove
48/84 Test: AlgorithmTest.Remove
Command: "C:/Users/IMikoto/Documents/vscode_files/c++/MYSTL/build/bin/mystl_test.exe" "--gtest_filter=AlgorithmTest.Remove" "--gtest_also_run_disabled_tests"
Directory: C:/Users/IMikoto/Documents/vscode_files/c++/MYSTL/build/test
"AlgorithmTest.Remove" start time: Jan 17 21:54 中国标准时间
Output:
----------------------------------------------------------
Running main() from C:\Users\IMikoto\Documents\vscode_files\c++\googletest\googletest\src\gtest_main.cc
Note: Google Test filter = AlgorithmTest.Remove
[==========] Running 1 test from 1 test suite.
[----------] Global test environment set-up.
[----------] 1 test from AlgorithmTest
[ RUN      ] AlgorithmTest.Remove
[       OK ] AlgorithmTest.Remove (0 ms)
[----------] 1 test from AlgorithmTest (0 ms total)

[----------] Global test environment tear-down
[==========] 1 test from 1 test suite ran. (0 ms total)
[  PASSED  ] 1 test.
<end of output>
Test time =   0.08 sec
----------------------------------------------------------
Test Passed.
"AlgorithmTest.Remove" end time: Jan 17 21:54 中国标准时间
"AlgorithmTest.Remove" time elapsed: 00:00:00
----------------------------------------------------------

49/84 Testing: AlgorithmTest.RemoveIf
49/84 Test: AlgorithmTest.RemoveIf
Command: "C:/Users/IMikoto/Documents/vscode_files/c++/MYSTL/build/bin/mystl_test.exe" "--gtest_filter=AlgorithmTest.RemoveIf" "--gtest_also_run_disabled_tests"
Directory: C:/Users/IMikoto/Documents/vscode_files/c++/MYSTL/build/test
"AlgorithmTest.RemoveIf" start time: Jan 17 21:54 中国标准时间
Output:
----------------------------------------------------------
Running main() from C:\Users\IMikoto\Documents\vscode_files\c++\googletest\googletest\src\gtest_main.cc
Note: Google Test filter = AlgorithmTest.RemoveIf
[==========] Running 1 test from 1 test suite.
[----------] Global test environment set-up.
[----------] 1 test from AlgorithmTest
[ RUN      ] AlgorithmTest.RemoveIf
[       OK ] AlgorithmTest.RemoveIf (0 ms)
[----------] 1 test from AlgorithmTest (0 ms total)

[----------] Global test environment tear-down
[==========] 1 test from 1 test suite ran. (0 ms total)
[  PASSED  ] 1 test.
<end of output>
Test time =   0.08 sec
----------------------------------------------------------
Test Passed.
"AlgorithmTest.RemoveIf" end time: Jan 17 21:54 中国标准时间
"AlgorithmTest.RemoveIf" time elapsed: 00:00:00
----------------------------------------------------------

50/84 Testing: AlgorithmTest.RemoveCopy
50/84 Test: AlgorithmTest.RemoveCopy
Command: "C:/Users/IMikoto/Documents/vscode_files/c++/MYSTL/build/bin/mystl_test.exe" "--gtest_filter=AlgorithmTest.RemoveCopy" "--gtest_also_run_disabled_tests"
Directory: C:/Users/IMikoto/Documents/vscode_files/c++/MYSTL/build/test
"AlgorithmTest.RemoveCopy" start time: Jan 17 21:54 中国标准时间
Output:
----------------------------------------------------------
Running main() from C:\Users\IMikoto\Documents\vscode_files\c++\googletest\googletest\src\gtest_main.cc
Note: Google Test filter = AlgorithmTest.RemoveCopy
[==========] Running 1 test from 1 test suite.
[----------] Global test environment set-up.
[----------] 1 test from AlgorithmTest
[ RUN      ] AlgorithmTest.RemoveCopy
[       OK ] AlgorithmTest.RemoveCopy (0 ms)
[----------] 1 test from AlgorithmTest (0 ms total)

[----------] Global test environment tear-down
[==========] 1 test from 1 test suite ran. (0 ms total)
[  PASSED  ] 1 test.
<end of output>
Test time =   0.08 sec
----------------------------------------------------------
Test Passed.
"AlgorithmTest.RemoveCopy" end time: Jan 17 21:54 中国标准时间
"AlgorithmTest.RemoveCopy" time elapsed: 00:00:00
----------------------------------------------------------

51/84 Testing: AlgorithmTest.RemoveCopyIf
51/84 Test: AlgorithmTest.RemoveCopyIf
Command: "C:/Users/IMikoto/Documents/vscode_files/c++/MYSTL/build/bin/mystl_test.exe" "--gtest_filter=AlgorithmTest.RemoveCopyIf" "--gtest_also_run_disabled_tests"
Directory: C:/Users/IMikoto/Documents/vscode_files/c++/MYSTL/build/test
"AlgorithmTest.RemoveCopyIf" start time: Jan 17 21:54 中国标准时间
Output:
----------------------------------------------------------
Running main() from C:\Users\IMikoto\Documents\vscode_files\c++\googletest\googletest\src\gtest_main.cc
Note: Google Test filter = AlgorithmTest.RemoveCopyIf
[==========] Running 1 test from 1 test suite.
[----------] Global test environment set-up.
[----------] 1 test from AlgorithmTest
[ RUN      ] AlgorithmTest.RemoveCopyIf
[       OK ] AlgorithmTest.RemoveCopyIf (0 ms)
[----------] 1 test from AlgorithmTest (0 ms total)

[----------] Global test environment tear-down
[==========] 1 test from 1 test suite ran. (0 ms total)
[  PASSED  ] 1 test.
<end of output>
Test time =   0.08 sec
----------------------------------------------------------
Test Passed.
"AlgorithmTest.RemoveCopyIf" end time: Jan 17 21:54 中国标准时间
"AlgorithmTest.RemoveCopyIf" time elapsed: 00:00:00
----------------------------------------------------------

52/84 Testing: AlgorithmTest.Unique
52/84 Test: AlgorithmTest.Unique
Command: "C:/Users/IMikoto/Documents/vscode_files/c++/MYSTL/build/bin/mystl_test.exe" "--gtest_filter=AlgorithmTest.Unique" "--gtest_also_run_disabled_tests"
Directory: C:/Users/IMikoto/Documents/vscode_files/c++/MYSTL/build/test
"AlgorithmTest.Unique" start time: Jan 17 21:54 中国标准时间
Output:
----------------------------------------------------------
Running main() from C:\Users\IMikoto\Documents\vscode_files\c++\googletest\googletest\src\gtest_main.cc
Note: Google Test filter = AlgorithmTest.Unique
[==========] Running 1 test from 1 test suite.
[----------] Global test environment set-up.
[----------] 1 test from AlgorithmTest
[ RUN      ] AlgorithmTest.Unique
[       OK ] AlgorithmTest.Unique (0 ms)
[----------] 1 test from AlgorithmTest (0 ms total)

[----------] Global test environment tear-down
[==========] 1 test from 1 test suite ran. (0 ms total)
[  PASSED  ] 1 test.
<end of output>
Test time =   0.08 sec
----------------------------------------------------------
Test Passed.
"AlgorithmTest.Unique" end time: Jan 17 21:54 中国标准时间
"AlgorithmTest.Unique" time elapsed: 00:00:00
----------------------------------------------------------

53/84 Testing: AlgorithmTest.UniqueCopy
53/84 Test: AlgorithmTest.UniqueCopy
Command: "C:/Users/IMikoto/Documents/vscode_files/c++/MYSTL/build/bin/mystl_test.exe" "--gtest_filter=AlgorithmTest.UniqueCopy" "--gtest_also_run_disabled_tests"
Directory: C:/Users/IMikoto/Documents/vscode_files/c++/MYSTL/build/test
"AlgorithmTest.UniqueCopy" start time: Jan 17 21:54 中国标准时间
Output:
----------------------------------------------------------
Running main() from C:\Users\IMikoto\Documents\vscode_files\c++\googletest\googletest\src\gtest_main.cc
Note: Google Test filter = AlgorithmTest.UniqueCopy
[==========] Running 1 test from 1 test suite.
[----------] Global test environment set-up.
[----------] 1 test from AlgorithmTest
[ RUN      ] AlgorithmTest.UniqueCopy
[       OK ] AlgorithmTest.UniqueCopy (0 ms)
[----------] 1 test from AlgorithmTest (0 ms total)

[----------] Global test environment tear-down
[==========] 1 test from 1 test suite ran. (0 ms total)
[  PASSED  ] 1 test.
<end of output>
Test time =   0.08 sec
----------------------------------------------------------
Test Passed.
"AlgorithmTest.UniqueCopy" end time: Jan 17 21:54 中国标准时间
"AlgorithmTest.UniqueCopy" time elapsed: 00:00:00
----------------------------------------------------------

54/84 Testing: AlgorithmTest.Reverse
54/84 Test: AlgorithmTest.Reverse
Command: "C:/Users/IMikoto/Documents/vscode_files/c++/MYSTL/build/bin/mystl_test.exe" "--gtest_filter=AlgorithmTest.Reverse" "--gtest_also_run_disabled_tests"
Directory: C:/Users/IMikoto/Documents/vscode_files/c++/MYSTL/build/test
"AlgorithmTest.Reverse" start time: Jan 17 21:54 中国标准时间
Output:
----------------------------------------------------------
Running main() from C:\Users\IMikoto\Documents\vscode_files\c++\googletest\googletest\src\gtest_main.cc
Note: Google Test filter = AlgorithmTest.Reverse
[==========] Running 1 test from 1 test suite.
[----------] Global test environment set-up.
[----------] 1 test from AlgorithmTest
[ RUN      ] AlgorithmTest.Reverse
[       OK ] AlgorithmTest.Reverse (0 ms)
[----------] 1 test from AlgorithmTest (0 ms total)

[----------] Global test environment tear-down
[==========] 1 test from 1 test suite ran. (0 ms total)
[  PASSED  ] 1 test.
<end of output>
Test time =   0.08 sec
----------------------------------------------------------
Test Passed.
"AlgorithmTest.Reverse" end time: Jan 17 21:54 中国标准时间
"AlgorithmTest.Reverse" time elapsed: 00:00:00
----------------------------------------------------------

55/84 Testing: AlgorithmTest.ReverseCopy
55/84 Test: AlgorithmTest.ReverseCopy
Command: "C:/Users/IMikoto/Documents/vscode_files/c++/MYSTL/build/bin/mystl_test.exe" "--gtest_filter=AlgorithmTest.ReverseCopy" "--gtest_also_run_disabled_tests"
Directory: C:/Users/IMikoto/Documents/vscode_files/c++/MYSTL/build/test
"AlgorithmTest.ReverseCopy" start time: Jan 17 21:54 中国标准时间
Output:
----------------------------------------------------------
Running main() from C:\Users\IMikoto\Documents\vscode_files\c++\googletest\googletest\src\gtest_main.cc
Note: Google Test filter = AlgorithmTest.ReverseCopy
[==========] Running 1 test from 1 test suite.
[----------] Global test environment set-up.
[----------] 1 test from AlgorithmTest
[ RUN      ] AlgorithmTest.ReverseCopy
[       OK ] AlgorithmTest.ReverseCopy (0 ms)
[----------] 1 test from AlgorithmTest (0 ms total)

[----------] Global test environment tear-down
[==========] 1 test from 1 test suite ran. (0 ms total)
[  PASSED  ] 1 test.
<end of output>
Test time =   0.08 sec
----------------------------------------------------------
Test Passed.
"AlgorithmTest.ReverseCopy" end time: Jan 17 21:54 中国标准时间
"AlgorithmTest.ReverseCopy" time elapsed: 00:00:00
----------------------------------------------------------

56/84 Testing: AlgorithmTest.Rotate
56/84 Test: AlgorithmTest.Rotate
Command: "C:/Users/IMikoto/Documents/vscode_files/c++/MYSTL/build/bin/mystl_test.exe" "--gtest_filter=AlgorithmTest.Rotate" "--gtest_also_run_disabled_tests"
Directory: C:/Users/IMikoto/Documents/vscode_files/c++/MYSTL/build/test
"AlgorithmTest.Rotate" start time: Jan 17 21:54 中国标准时间
Output:
----------------------------------------------------------
Running main() from C:\Users\IMikoto\Documents\vscode_files\c++\googletest\googletest\src\gtest_main.cc
Note: Google Test filter = AlgorithmTest.Rotate
[==========] Running 1 test from 1 test suite.
[----------] Global test environment set-up.
[----------] 1 test from AlgorithmTest
[ RUN      ] AlgorithmTest.Rotate
[       OK ] AlgorithmTest.Rotate (0 ms)
[----------] 1 test from AlgorithmTest (0 ms total)

[----------] Global test environment tear-down
[==========] 1 test from 1 test suite ran. (0 ms total)
[  PASSED  ] 1 test.
<end of output>
Test time =   0.08 sec
----------------------------------------------------------
Test Passed.
"AlgorithmTest.Rotate" end time: Jan 17 21:54 中国标准时间
"AlgorithmTest.Rotate" time elapsed: 00:00:00
----------------------------------------------------------

57/84 Testing: AlgorithmTest.RotateCopy
57/84 Test: AlgorithmTest.RotateCopy
Command: "C:/Users/IMikoto/Documents/vscode_files/c++/MYSTL/build/bin/mystl_test.exe" "--gtest_filter=AlgorithmTest.RotateCopy" "--gtest_also_run_disabled_tests"
Directory: C:/Users/IMikoto/Documents/vscode_files/c++/MYSTL/build/test
"AlgorithmTest.RotateCopy" start time: Jan 17 21:54 中国标准时间
Output:
----------------------------------------------------------
Running main() from C:\Users\IMikoto\Documents\vscode_files\c++\googletest\googletest\src\gtest_main.cc
Note: Google Test filter = AlgorithmTest.RotateCopy
[==========] Running 1 test from 1 test suite.
[----------] Global test environment set-up.
[----------] 1 test from AlgorithmTest
[ RUN      ] AlgorithmTest.RotateCopy
[       OK ] AlgorithmTest.RotateCopy (0 ms)
[----------] 1 test from AlgorithmTest (0 ms total)

[----------] Global test environment tear-down
[==========] 1 test from 1 test suite ran. (0 ms total)
[  PASSED  ] 1 test.
<end of output>
Test time =   0.09 sec
----------------------------------------------------------
Test Passed.
"AlgorithmTest.RotateCopy" end time: Jan 17 21:54 中国标准时间
"AlgorithmTest.RotateCopy" time elapsed: 00:00:00
----------------------------------------------------------

58/84 Testing: AlgorithmTest.RandomShuffle
58/84 Test: AlgorithmTest.RandomShuffle
Command: "C:/Users/IMikoto/Documents/vscode_files/c++/MYSTL/build/bin/mystl_test.exe" "--gtest_filter=AlgorithmTest.RandomShuffle" "--gtest_also_run_disabled_tests"
Directory: C:/Users/IMikoto/Documents/vscode_files/c++/MYSTL/build/test
"AlgorithmTest.RandomShuffle" start time: Jan 17 21:54 中国标准时间
Output:
----------------------------------------------------------
Running main() from C:\Users\IMikoto\Documents\vscode_files\c++\googletest\googletest\src\gtest_main.cc
Note: Google Test filter = AlgorithmTest.RandomShuffle
[==========] Running 1 test from 1 test suite.
[----------] Global test environment set-up.
[----------] 1 test from AlgorithmTest
[ RUN      ] AlgorithmTest.RandomShuffle
[       OK ] AlgorithmTest.RandomShuffle (0 ms)
[----------] 1 test from AlgorithmTest (0 ms total)

[----------] Global test environment tear-down
[==========] 1 test from 1 test suite ran. (0 ms total)
[  PASSED  ] 1 test.
<end of output>
Test time =   0.08 sec
----------------------------------------------------------
Test Passed.
"AlgorithmTest.RandomShuffle" end time: Jan 17 21:54 中国标准时间
"AlgorithmTest.RandomShuffle" time elapsed: 00:00:00
----------------------------------------------------------

59/84 Testing: AlgorithmTest.Sort
59/84 Test: AlgorithmTest.Sort
Command: "C:/Users/IMikoto/Documents/vscode_files/c++/MYSTL/build/bin/mystl_test.exe" "--gtest_filter=AlgorithmTest.Sort" "--gtest_also_run_disabled_tests"
Directory: C:/Users/IMikoto/Documents/vscode_files/c++/MYSTL/build/test
"AlgorithmTest.Sort" start time: Jan 17 21:54 中国标准时间
Output:
----------------------------------------------------------
Running main() from C:\Users\IMikoto\Documents\vscode_files\c++\googletest\googletest\src\gtest_main.cc
Note: Google Test filter = AlgorithmTest.Sort
[==========] Running 1 test from 1 test suite.
[----------] Global test environment set-up.
[----------] 1 test from AlgorithmTest
[ RUN      ] AlgorithmTest.Sort
[       OK ] AlgorithmTest.Sort (0 ms)
[----------] 1 test from AlgorithmTest (0 ms total)

[----------] Global test environment tear-down
[==========] 1 test from 1 test suite ran. (0 ms total)
[  PASSED  ] 1 test.
<end of output>
Test time =   0.08 sec
----------------------------------------------------------
Test Passed.
"AlgorithmTest.Sort" end time: Jan 17 21:54 中国标准时间
"AlgorithmTest.Sort" time elapsed: 00:00:00
----------------------------------------------------------

60/84 Testing: AlgorithmTest.SortingAlgorithms
60/84 Test: AlgorithmTest.SortingAlgorithms
Command: "C:/Users/IMikoto/Documents/vscode_files/c++/MYSTL/build/bin/mystl_test.exe" "--gtest_filter=AlgorithmTest.SortingAlgorithms" "--gtest_also_run_disabled_tests"
Directory: C:/Users/IMikoto/Documents/vscode_files/c++/MYSTL/build/test
"AlgorithmTest.SortingAlgorithms" start time: Jan 17 21:54 中国标准时间
Output:
----------------------------------------------------------
Running main() from C:\Users\IMikoto\Documents\vscode_files\c++\googletest\googletest\src\gtest_main.cc
Note: Google Test filter = AlgorithmTest.SortingAlgorithms
[==========] Running 1 test from 1 test suite.
[----------] Global test environment set-up.
[----------] 1 test from AlgorithmTest
[ RUN      ] AlgorithmTest.SortingAlgorithms
[       OK ] AlgorithmTest.SortingAlgorithms (0 ms)
[----------] 1 test from AlgorithmTest (0 ms total)

[----------] Global test environment tear-down
[==========] 1 test from 1 test suite ran. (0 ms total)
[  PASSED  ] 1 test.
<end of output>
Test time =   0.08 sec
----------------------------------------------------------
Test Passed.
"AlgorithmTest.SortingAlgorithms" end time: Jan 17 21:54 中国标准时间
"AlgorithmTest.SortingAlgorithms" time elapsed: 00:00:00
----------------------------------------------------------

61/84 Testing: AlgorithmTest.SortStability
61/84 Test: AlgorithmTest.SortStability
Command: "C:/Users/IMikoto/Documents/vscode_files/c++/MYSTL/build/bin/mystl_test.exe" "--gtest_filter=AlgorithmTest.SortStability" "--gtest_also_run_disabled_tests"
Directory: C:/Users/IMikoto/Documents/vscode_files/c++/MYSTL/build/test
"AlgorithmTest.SortStability" start time: Jan 17 21:54 中国标准时间
Output:
----------------------------------------------------------
Running main() from C:\Users\IMikoto\Documents\vscode_files\c++\googletest\googletest\src\gtest_main.cc
Note: Google Test filter = AlgorithmTest.SortStability
[==========] Running 1 test from 1 test suite.
[----------] Global test environment set-up.
[----------] 1 test from AlgorithmTest
[ RUN      ] AlgorithmTest.SortStability
[       OK ] AlgorithmTest.SortStability (0 ms)
[----------] 1 test from AlgorithmTest (0 ms total)

[----------] Global test environment tear-down
[==========] 1 test from 1 test suite ran. (0 ms total)
[  PASSED  ] 1 test.
<end of output>
Test time =   0.08 sec
----------------------------------------------------------
Test Passed.
"AlgorithmTest.SortStability" end time: Jan 17 21:54 中国标准时间
"AlgorithmTest.SortStability" time elapsed: 00:00:00
----------------------------------------------------------

62/84 Testing: AlgorithmTest.IsSorted
62/84 Test: AlgorithmTest.IsSorted
Command: "C:/Users/IMikoto/Documents/vscode_files/c++/MYSTL/build/bin/mystl_test.exe" "--gtest_filter=AlgorithmTest.IsSorted" "--gtest_also_run_disabled_tests"
Directory: C:/Users/IMikoto/Documents/vscode_files/c++/MYSTL/build/test
"AlgorithmTest.IsSorted" start time: Jan 17 21:54 中国标准时间
Output:
----------------------------------------------------------
Running main() from C:\Users\IMikoto\Documents\vscode_files\c++\googletest\googletest\src\gtest_main.cc
Note: Google Test filter = AlgorithmTest.IsSorted
[==========] Running 1 test from 1 test suite.
[----------] Global test environment set-up.
[----------] 1 test from AlgorithmTest
[ RUN      ] AlgorithmTest.IsSorted
[       OK ] AlgorithmTest.IsSorted (0 ms)
[----------] 1 test from AlgorithmTest (0 ms total)

[----------] Global test environment tear-down
[==========] 1 test from 1 test suite ran. (0 ms total)
[  PASSED  ] 1 test.
<end of output>
Test time =   0.08 sec
----------------------------------------------------------
Test Passed.
"AlgorithmTest.IsSorted" end time: Jan 17 21:54 中国标准时间
"AlgorithmTest.IsSorted" time elapsed: 00:00:00
----------------------------------------------------------

63/84 Testing: AlgorithmTest.BinarySearch
63/84 Test: AlgorithmTest.BinarySearch
Command: "C:/Users/IMikoto/Documents/vscode_files/c++/MYSTL/build/bin/mystl_test.exe" "--gtest_filter=AlgorithmTest.BinarySearch" "--gtest_also_run_disabled_tests"
Directory: C:/Users/IMikoto/Documents/vscode_files/c++/MYSTL/build/test
"AlgorithmTest.BinarySearch" start time: Jan 17 21:54 中国标准时间
Output:
----------------------------------------------------------
Running main() from C:\Users\IMikoto\Documents\vscode_files\c++\googletest\googletest\src\gtest_main.cc
Note: Google Test filter = AlgorithmTest.BinarySearch
[==========] Running 1 test from 1 test suite.
[----------] Global test environment set-up.
[----------] 1 test from AlgorithmTest
[ RUN      ] AlgorithmTest.BinarySearch
[       OK ] AlgorithmTest.BinarySearch (0 ms)
[----------] 1 test from AlgorithmTest (0 ms total)

[----------] Global test environment tear-down
[==========] 1 test from 1 test suite ran. (0 ms total)
[  PASSED  ] 1 test.
<end of output>
Test time =   0.08 sec
----------------------------------------------------------
Test Passed.
"AlgorithmTest.BinarySearch" end time: Jan 17 21:54 中国标准时间
"AlgorithmTest.BinarySearch" time elapsed: 00:00:00
----------------------------------------------------------

64/84 Testing: AlgorithmTest.Partition
64/84 Test: AlgorithmTest.Partition
Command: "C:/Users/IMikoto/Documents/vscode_files/c++/MYSTL/build/bin/mystl_test.exe" "--gtest_filter=AlgorithmTest.Partition" "--gtest_also_run_disabled_tests"
Directory: C:/Users/IMikoto/Documents/vscode_files/c++/MYSTL/build/test
"AlgorithmTest.Partition" start time: Jan 17 21:54 中国标准时间
Output:
----------------------------------------------------------
Running main() from C:\Users\IMikoto\Documents\vscode_files\c++\googletest\googletest\src\gtest_main.cc
Note: Google Test filter = AlgorithmTest.Partition
[==========] Running 1 test from 1 test suite.
[----------] Global test environment set-up.
[----------] 1 test from AlgorithmTest
[ RUN      ] AlgorithmTest.Partition
[       OK ] AlgorithmTest.Partition (0 ms)
[...]
[==========] Running 1 test from 1 test suite.
[----------] Global test environment set-up.
[----------] 1 test from VectorTest
[ RUN      ] VectorTest.Assignment
[       OK ] VectorTest.Assignment (0 ms)
[----------] 1 test from VectorTest (0 ms total)

[----------] Global test environment tear-down
[==========] 1 test from 1 test suite ran. (0 ms total)
[  PASSED  ] 1 test.
<end of output>
Test time =   0.09 sec
----------------------------------------------------------
Test Passed.
"VectorTest.Assignment" end time: Jan 17 21:54 中国标准时间
"VectorTest.Assignment" time elapsed: 00:00:00
----------------------------------------------------------

70/84 Testing: VectorTest.ElementAccess
70/84 Test: VectorTest.ElementAccess
Command: "C:/Users/IMikoto/Documents/vscode_files/c++/MYSTL/build/bin/mystl_test.exe" "--gtest_filter=VectorTest.ElementAccess" "--gtest_also_run_disabled_tests"
Directory: C:/Users/IMikoto/Documents/vscode_files/c++/MYSTL/build/test
"VectorTest.ElementAccess" start time: Jan 17 21:54 中国标准时间
Output:
----------------------------------------------------------
Running main() from C:\Users\IMikoto\Documents\vscode_files\c++\googletest\googletest\src\gtest_main.cc
Note: Google Test filter = VectorTest.ElementAccess
[==========] Running 1 test from 1 test suite.
[----------] Global test environment set-up.
[----------] 1 test from VectorTest
[ RUN      ] VectorTest.ElementAccess
[       OK ] VectorTest.ElementAccess (0 ms)
[----------] 1 test from VectorTest (0 ms total)

[----------] Global test environment tear-down
[==========] 1 test from 1 test suite ran. (0 ms total)
[  PASSED  ] 1 test.
<end of output>
Test time =   0.09 sec
----------------------------------------------------------
Test Passed.
"VectorTest.ElementAccess" end time: Jan 17 21:54 中国标准时间
"VectorTest.ElementAccess" time elapsed: 00:00:00
----------------------------------------------------------

71/84 Testing: VectorTest.Iterators
71/84 Test: VectorTest.Iterators
Command: "C:/Users/IMikoto/Documents/vscode_files/c++/MYSTL/build/bin/mystl_test.exe" "--gtest_filter=VectorTest.Iterators" "--gtest_also_run_disabled_tests"
Directory: C:/Users/IMikoto/Documents/vscode_files/c++/MYSTL/build/test
"VectorTest.Iterators" start time: Jan 17 21:54 中国标准时间
Output:
----------------------------------------------------------
Running main() from C:\Users\IMikoto\Documents\vscode_files\c++\googletest\googletest\src\gtest_main.cc
Note: Google Test filter = VectorTest.Iterators
[==========] Running 1 test from 1 test suite.
[----------] Global test environment set-up.
[----------] 1 test from VectorTest
[ RUN      ] VectorTest.Iterators
[       OK ] VectorTest.Iterators (0 ms)
[----------] 1 test from VectorTest (0 ms total)

[----------] Global test environment tear-down
[==========] 1 test from 1 test suite ran. (0 ms total)
[  PASSED  ] 1 test.
<end of output>
Test time =   0.08 sec
----------------------------------------------------------
Test Passed.
"VectorTest.Iterators" end time: Jan 17 21:54 中国标准时间
"VectorTest.Iterators" time elapsed: 00:00:00
----------------------------------------------------------

72/84 Testing: VectorTest.Capacity
72/84 Test: VectorTest.Capacity
Command: "C:/Users/IMikoto/Documents/vscode_files/c++/MYSTL/build/bin/mystl_test.exe" "--gtest_filter=VectorTest.Capacity" "--gtest_also_run_disabled_tests"
Directory: C:/Users/IMikoto/Documents/vscode_files/c++/MYSTL/build/test
"VectorTest.Capacity" start time: Jan 17 21:54 中国标准时间
Output:
----------------------------------------------------------
Running main() from C:\Users\IMikoto\Documents\vscode_files\c++\googletest\googletest\src\gtest_main.cc
Note: Google Test filter = VectorTest.Capacity
[==========] Running 1 test from 1 test suite.
[----------] Global test environment set-up.
[----------] 1 test from VectorTest
[ RUN      ] VectorTest.Capacity
[       OK ] VectorTest.Capacity (0 ms)
[----------] 1 test from VectorTest (0 ms total)

[----------] Global test environment tear-down
[==========] 1 test from 1 test suite ran. (0 ms total)
[  PASSED  ] 1 test.
<end of output>
Test time =   0.08 sec
----------------------------------------------------------
Test Passed.
"VectorTest.Capacity" end time: Jan 17 21:54 中国标准时间
"VectorTest.Capacity" time elapsed: 00:00:00
----------------------------------------------------------

73/84 Testing: VectorTest.Modifiers
73/84 Test: VectorTest.Modifiers
Command: "C:/Users/IMikoto/Documents/vscode_files/c++/MYSTL/build/bin/mystl_test.exe" "--gtest_filter=VectorTest.Modifiers" "--gtest_also_run_disabled_tests"
Directory: C:/Users/IMikoto/Documents/vscode_files/c++/MYSTL/build/test
"VectorTest.Modifiers" start time: Jan 17 21:54 中国标准时间
Output:
----------------------------------------------------------
Running main() from C:\Users\IMikoto\Documents\vscode_files\c++\googletest\googletest\src\gtest_main.cc
Note: Google Test filter = VectorTest.Modifiers
[==========] Running 1 test from 1 test suite.
[----------] Global test environment set-up.
[----------] 1 test from VectorTest
[ RUN      ] VectorTest.Modifiers
[       OK ] VectorTest.Modifiers (0 ms)
[----------] 1 test from VectorTest (0 ms total)

[----------] Global test environment tear-down
[==========] 1 test from 1 test suite ran. (0 ms total)
[  PASSED  ] 1 test.
<end of output>
Test time =   0.08 sec
----------------------------------------------------------
Test Passed.
"VectorTest.Modifiers" end time: Jan 17 21:54 中国标准时间
"VectorTest.Modifiers" time elapsed: 00:00:00
----------------------------------------------------------

74/84 Testing: VectorTest.Comparison
74/84 Test: VectorTest.Comparison
Command: "C:/Users/IMikoto/Documents/vscode_files/c++/MYSTL/build/bin/mystl_test.exe" "--gtest_filter=VectorTest.Comparison" "--gtest_also_run_disabled_tests"
Directory: C:/Users/IMikoto/Documents/vscode_files/c++/MYSTL/build/test
"VectorTest.Comparison" start time: Jan 17 21:54 中国标准时间
Output:
----------------------------------------------------------
Running main() from C:\Users\IMikoto\Documents\vscode_files\c++\googletest\googletest\src\gtest_main.cc
Note: Google Test filter = VectorTest.Comparison
[==========] Running 1 test from 1 test suite.
[----------] Global test environment set-up.
[----------] 1 test from VectorTest
[ RUN      ] VectorTest.Comparison
[       OK ] VectorTest.Comparison (0 ms)
[----------] 1 test from VectorTest (0 ms total)

[----------] Global test environment tear-down
[==========] 1 test from 1 test suite ran. (0 ms total)
[  PASSED  ] 1 test.
<end of output>
Test time =   0.08 sec
----------------------------------------------------------
Test Passed.
"VectorTest.Comparison" end time: Jan 17 21:54 中国标准时间
"VectorTest.Comparison" time elapsed: 00:00:00
----------------------------------------------------------

75/84 Testing: VectorTest.VectorExceptionSafety
75/84 Test: VectorTest.VectorExceptionSafety
Command: "C:/Users/IMikoto/Documents/vscode_files/c++/MYSTL/build/bin/mystl_test.exe" "--gtest_filter=VectorTest.VectorExceptionSafety" "--gtest_also_run_disabled_tests"
Directory: C:/Users/IMikoto/Documents/vscode_files/c++/MYSTL/build/test
"VectorTest.VectorExceptionSafety" start time: Jan 17 21:54 中国标准时间
Output:
----------------------------------------------------------
Running main() from C:\Users\IMikoto\Documents\vscode_files\c++\googletest\googletest\src\gtest_main.cc
Note: Google Test filter = VectorTest.VectorExceptionSafety
[==========] Running 1 test from 1 test suite.
[----------] Global test environment set-up.
[----------] 1 test from VectorTest
[ RUN      ] VectorTest.VectorExceptionSafety
[       OK ] VectorTest.VectorExceptionSafety (0 ms)
[----------] 1 test from VectorTest (0 ms total)

[----------] Global test environment tear-down
[==========] 1 test from 1 test suite ran. (0 ms total)
[  PASSED  ] 1 test.
<end of output>
Test time =   0.08 sec
----------------------------------------------------------
Test Passed.
"VectorTest.VectorExceptionSafety" end time: Jan 17 21:54 中国标准时间
"VectorTest.VectorExceptionSafety" time elapsed: 00:00:00
----------------------------------------------------------

76/84 Testing: VectorTest.InsertExceptionSafety
76/84 Test: VectorTest.InsertExceptionSafety
Command: "C:/Users/IMikoto/Documents/vscode_files/c++/MYSTL/build/bin/mystl_test.exe" "--gtest_filter=VectorTest.InsertExceptionSafety" "--gtest_also_run_disabled_tests"
Directory: C:/Users/IMikoto/Documents/vscode_files/c++/MYSTL/build/test
"VectorTest.InsertExceptionSafety" start time: Jan 17 21:54 中国标准时间
Output:
----------------------------------------------------------
Running main() from C:\Users\IMikoto\Documents\vscode_files\c++\googletest\googletest\src\gtest_main.cc
Note: Google Test filter = VectorTest.InsertExceptionSafety
[==========] Running 1 test from 1 test suite.
[----------] Global test environment set-up.
[----------] 1 test from VectorTest
[ RUN      ] VectorTest.InsertExceptionSafety
[       OK ] VectorTest.InsertExceptionSafety (0 ms)
[----------] 1 test from VectorTest (0 ms total)

[----------] Global test environment tear-down
[==========] 1 test from 1 test suite ran. (0 ms total)
[  PASSED  ] 1 test.
<end of output>
Test time =   0.08 sec
----------------------------------------------------------
Test Passed.
"VectorTest.InsertExceptionSafety" end time: Jan 17 21:54 中国标准时间
"VectorTest.InsertExceptionSafety" time elapsed: 00:00:00
----------------------------------------------------------

77/84 Testing: VectorTest.EmplaceExceptionSafety
77/84 Test: VectorTest.EmplaceExceptionSafety
Command: "C:/Users/IMikoto/Documents/vscode_files/c++/MYSTL/build/bin/mystl_test.exe" "--gtest_filter=VectorTest.EmplaceExceptionSafety" "--gtest_also_run_disabled_tests"
Directory: C:/Users/IMikoto/Documents/vscode_files/c++/MYSTL/build/test
"VectorTest.EmplaceExceptionSafety" start time: Jan 17 21:54 中国标准时间
Output:
----------------------------------------------------------
Running main() from C:\Users\IMikoto\Documents\vscode_files\c++\googletest\googletest\src\gtest_main.cc
Note: Google Test filter = VectorTest.EmplaceExceptionSafety
[==========] Running 1 test from 1 test suite.
[----------] Global test environment set-up.
[----------] 1 test from VectorTest
[ RUN      ] VectorTest.EmplaceExceptionSafety
[       OK ] VectorTest.EmplaceExceptionSafety (0 ms)
[----------] 1 test from VectorTest (0 ms total)

[----------] Global test environment tear-down
[==========] 1 test from 1 test suite ran. (0 ms total)
[  PASSED  ] 1 test.
<end of output>
Test time =   0.08 sec
----------------------------------------------------------
Test Passed.
"VectorTest.EmplaceExceptionSafety" end time: Jan 17 21:54 中国标准时间
"VectorTest.EmplaceExceptionSafety" time elapsed: 00:00:00
----------------------------------------------------------

78/84 Testing: VectorTest.InsertSelfReference
78/84 Test: VectorTest.InsertSelfReference
Command: "C:/Users/IMikoto/Documents/vscode_files/c++/MYSTL/build/bin/mystl_test.exe" "--gtest_filter=VectorTest.InsertSelfReference" "--gtest_also_run_disabled_tests"
Directory: C:/Users/IMikoto/Documents/vscode_files/c++/MYSTL/build/test
"VectorTest.InsertSelfReference" start time: Jan 17 21:54 中国标准时间
Output:
----------------------------------------------------------
Running main() from C:\Users\IMikoto\Documents\vscode_files\c++\googletest\googletest\src\gtest_main.cc
Note: Google Test filter = VectorTest.InsertSelfReference
[==========] Running 1 test from 1 test suite.
[----------] Global test environment set-up.
[----------] 1 test from VectorTest
[ RUN      ] VectorTest.InsertSelfReference
[       OK ] VectorTest.InsertSelfReference (0 ms)
[----------] 1 test from VectorTest (0 ms total)

[----------] Global test environment tear-down
[==========] 1 test from 1 test suite ran. (0 ms total)
[  PASSED  ] 1 test.
<end of output>
Test time =   0.08 sec
----------------------------------------------------------
Test Passed.
"VectorTest.InsertSelfReference" end time: Jan 17 21:54 中国标准时间
"VectorTest.InsertSelfReference" time elapsed: 00:00:00
----------------------------------------------------------

79/84 Testing: VectorTest.MoveExceptionSafety
79/84 Test: VectorTest.MoveExceptionSafety
Command: "C:/Users/IMikoto/Documents/vscode_files/c++/MYSTL/build/bin/mystl_test.exe" "--gtest_filter=VectorTest.MoveExceptionSafety" "--gtest_also_run_disabled_tests"
Directory: C:/Users/IMikoto/Documents/vscode_files/c++/MYSTL/build/test
"VectorTest.MoveExceptionSafety" start time: Jan 17 21:54 中国标准时间
Output:
----------------------------------------------------------
Running main() from C:\Users\IMikoto\Documents\vscode_files\c++\googletest\googletest\src\gtest_main.cc
Note: Google Test filter = VectorTest.MoveExceptionSafety
[==========] Running 1 test from 1 test suite.
[----------] Global test environment set-up.
[----------] 1 test from VectorTest
[ RUN      ] VectorTest.MoveExceptionSafety
[       OK ] VectorTest.MoveExceptionSafety (0 ms)
[----------] 1 test from VectorTest (0 ms total)

[----------] Global test environment tear-down
[==========] 1 test from 1 test suite ran. (0 ms total)
[  PASSED  ] 1 test.
<end of output>
Test time =   0.08 sec
----------------------------------------------------------
Test Passed.
"VectorTest.MoveExceptionSafety" end time: Jan 17 21:54 中国标准时间
"VectorTest.MoveExceptionSafety" time elapsed: 00:00:00
----------------------------------------------------------

80/84 Testing: VectorTest.ReserveExceptionSafety
80/84 Test: VectorTest.ReserveExceptionSafety
Command: "C:/Users/IMikoto/Documents/vscode_files/c++/MYSTL/build/bin/mystl_test.exe" "--gtest_filter=VectorTest.ReserveExceptionSafety" "--gtest_also_run_disabled_tests"
Directory: C:/Users/IMikoto/Documents/vscode_files/c++/MYSTL/build/test
"VectorTest.ReserveExceptionSafety" start time: Jan 17 21:54 中国标准时间
Output:
----------------------------------------------------------
Running main() from C:\Users\IMikoto\Documents\vscode_files\c++\googletest\googletest\src\gtest_main.cc
Note: Google Test filter = VectorTest.ReserveExceptionSafety
[==========] Running 1 test from 1 test suite.
[----------] Global test environment set-up.
[----------] 1 test from VectorTest
[ RUN      ] VectorTest.ReserveExceptionSafety
[       OK ] VectorTest.ReserveExceptionSafety (0 ms)
[----------] 1 test from VectorTest (0 ms total)

[----------] Global test environment tear-down
[==========] 1 test from 1 test suite ran. (0 ms total)
[  PASSED  ] 1 test.
<end of output>
Test time =   0.08 sec
----------------------------------------------------------
Test Passed.
"VectorTest.ReserveExceptionSafety" end time: Jan 17 21:54 中国标准时间
"VectorTest.ReserveExceptionSafety" time elapsed: 00:00:00
----------------------------------------------------------

81/84 Testing: VectorTest.ResizeExceptionSafety
81/84 Test: VectorTest.ResizeExceptionSafety
Command: "C:/Users/IMikoto/Documents/vscode_files/c++/MYSTL/build/bin/mystl_test.exe" "--gtest_filter=VectorTest.ResizeExceptionSafety" "--gtest_also_run_disabled_tests"
Directory: C:/Users/IMikoto/Documents/vscode_files/c++/MYSTL/build/test
"VectorTest.ResizeExceptionSafety" start time: Jan 17 21:54 中国标准时间
Output:
----------------------------------------------------------
Running main() from C:\Users\IMikoto\Documents\vscode_files\c++\googletest\googletest\src\gtest_main.cc
Note: Google Test filter = VectorTest.ResizeExceptionSafety
[==========] Running 1 test from 1 test suite.
[----------] Global test environment set-up.
[----------] 1 test from VectorTest
[ RUN      ] VectorTest.ResizeExceptionSafety
[       OK ] VectorTest.ResizeExceptionSafety (0 ms)
[----------] 1 test from VectorTest (0 ms total)

[----------] Global test environment tear-down
[==========] 1 test from 1 test suite ran. (0 ms total)
[  PASSED  ] 1 test.
<end of output>
Test time =   0.08 sec
----------------------------------------------------------
Test Passed.
"VectorTest.ResizeExceptionSafety" end time: Jan 17 21:54 中国标准时间
"VectorTest.ResizeExceptionSafety" time elapsed: 00:00:00
----------------------------------------------------------

82/84 Testing: VectorTest.AssignExceptionSafety
82/84 Test: VectorTest.AssignExceptionSafety
Command: "C:/Users/IMikoto/Documents/vscode_files/c++/MYSTL/build/bin/mystl_test.exe" "--gtest_filter=VectorTest.AssignExceptionSafety" "--gtest_also_run_disabled_tests"
Directory: C:/Users/IMikoto/Documents/vscode_files/c++/MYSTL/build/test
"VectorTest.AssignExceptionSafety" start time: Jan 17 21:54 中国标准时间
Output:
----------------------------------------------------------
Running main() from C:\Users\IMikoto\Documents\vscode_files\c++\googletest\googletest\src\gtest_main.cc
Note: Google Test filter = VectorTest.AssignExceptionSafety
[==========] Running 1 test from 1 test suite.
[----------] Global test environment set-up.
[----------] 1 test from VectorTest
[ RUN      ] VectorTest.AssignExceptionSafety
[       OK ] VectorTest.AssignExceptionSafety (0 ms)
[----------] 1 test from VectorTest (0 ms total)

[----------] Global test environment tear-down
[==========] 1 test from 1 test suite ran. (0 ms total)
[  PASSED  ] 1 test.
<end of output>
Test time =   0.08 sec
----------------------------------------------------------
Test Passed.
"VectorTest.AssignExceptionSafety" end time: Jan 17 21:54 中国标准时间
"VectorTest.AssignExceptionSafety" time elapsed: 00:00:00
----------------------------------------------------------

83/84 Testing: VectorTest.IteratorInvalidation
83/84 Test: VectorTest.IteratorInvalidation
Command: "C:/Users/IMikoto/Documents/vscode_files/c++/MYSTL/build/bin/mystl_test.exe" "--gtest_filter=VectorTest.IteratorInvalidation" "--gtest_also_run_disabled_tests"
Directory: C:/Users/IMikoto/Documents/vscode_files/c++/MYSTL/build/test
"VectorTest.IteratorInvalidation" start time: Jan 17 21:54 中国标准时间
Output:
----------------------------------------------------------
Running main() from C:\Users\IMikoto\Documents\vscode_files\c++\googletest\googletest\src\gtest_main.cc
Note: Google Test filter = VectorTest.IteratorInvalidation
[==========] Running 1 test from 1 test suite.
[----------] Global test environment set-up.
[----------] 1 test from VectorTest
[ RUN      ] VectorTest.IteratorInvalidation
[       OK ] VectorTest.IteratorInvalidation (0 ms)
[----------] 1 test from VectorTest (0 ms total)

[----------] Global test environment tear-down
[==========] 1 test from 1 test suite ran. (0 ms total)
[  PASSED  ] 1 test.
<end of output>
Test time =   0.09 sec
----------------------------------------------------------
Test Passed.
"VectorTest.IteratorInvalidation" end time: Jan 17 21:54 中国标准时间
"VectorTest.IteratorInvalidation" time elapsed: 00:00:00
----------------------------------------------------------

84/84 Testing: VectorTest.Alignment
84/84 Test: VectorTest.Alignment
Command: "C:/Users/IMikoto/Documents/vscode_files/c++/MYSTL/build/bin/mystl_test.exe" "--gtest_filter=VectorTest.Alignment" "--gtest_also_run_disabled_tests"
Directory: C:/Users/IMikoto/Documents/vscode_files/c++/MYSTL/build/test
"VectorTest.Alignment" start time: Jan 17 21:54 中国标准时间
Output:
----------------------------------------------------------
Running main() from C:\Users\IMikoto\Documents\vscode_files\c++\googletest\googletest\src\gtest_main.cc
Note: Google Test filter = VectorTest.Alignment
[==========] Running 1 test from 1 test suite.
[----------] Global test environment set-up.
[----------] 1 test from VectorTest
[ RUN      ] VectorTest.Alignment
[       OK ] VectorTest.Alignment (0 ms)
[----------] 1 test from VectorTest (0 ms total)

[----------] Global test environment tear-down
[==========] 1 test from 1 test suite ran. (0 ms total)
[  PASSED  ] 1 test.
<end of output>
Test time =   0.08 sec
----------------------------------------------------------
Test Passed.
"VectorTest.Alignment" end time: Jan 17 21:54 中国标准时间
"VectorTest.Alignment" time elapsed: 00:00:00
----------------------------------------------------------

End testing: Jan 17 21:54 中国标准时间
